2020-12-04 15:43:47.5436 AllServer 0001 (Session.cs:150) { "_t" : "C2R_Login", "RpcId" : 1, "Account" : "", "Password" : "111111" }
2020-12-04 15:43:47.5545 AllServer 0001 (Session.cs:297) { "_t" : "R2G_GetLoginKey", "RpcId" : 1, "Account" : "" }
2020-12-04 15:43:47.5759 AllServer 0001 (Session.cs:150) { "_t" : "R2G_GetLoginKey", "RpcId" : 1, "Account" : "" }
2020-12-04 15:43:47.5759 AllServer 0001 (Session.cs:297) { "_t" : "G2R_GetLoginKey", "RpcId" : 1, "Error" : 0, "Message" : null, "Key" : NumberLong("-1250461516900619249") }
2020-12-04 15:43:47.5759 AllServer 0001 (Session.cs:150) { "_t" : "G2R_GetLoginKey", "RpcId" : 1, "Error" : 0, "Message" : null, "Key" : NumberLong("-1250461516900619249") }
2020-12-04 15:43:47.5882 AllServer 0001 (Session.cs:297) { "_t" : "R2C_Login", "RpcId" : 1, "Error" : 0, "Message" : "", "Address" : "127.0.0.1:10002", "Key" : NumberLong("-1250461516900619249") }
2020-12-04 15:43:47.6328 AllServer 0001 (Session.cs:150) { "_t" : "C2G_LoginGate", "RpcId" : 2, "Key" : NumberLong("-1250461516900619249") }
2020-12-04 15:43:47.6328 AllServer 0001 (Session.cs:297) { "_t" : "G2C_LoginGate", "RpcId" : 2, "Error" : 0, "Message" : "", "PlayerId" : NumberLong(11010049) }
2020-12-04 15:43:47.6328 AllServer 0001 (Session.cs:297) { "_t" : "G2C_TestHotfixMessage", "Info" : "recv hotfix message success" }
2020-12-04 15:43:47.6763 AllServer 0001 (Session.cs:150) { "_t" : "C2G_PlayerInfo", "RpcId" : 3 }
2020-12-04 15:43:47.6896 AllServer 0001 (Session.cs:297) { "_t" : "G2C_PlayerInfo", "RpcId" : 3, "Error" : 0, "Message" : "", "PlayerInfo" : { "RpcId" : 0 }, "PlayerInfos" : [{ "RpcId" : 1 }, { "RpcId" : 2 }, { "RpcId" : 3 }], "TestRepeatedString" : ["9", "10"], "TestRepeatedInt32" : [4, 5, 6], "TestRepeatedInt64" : [NumberLong(7), NumberLong(8)] }
2020-12-04 15:43:51.2174 AllServer 0001 (Session.cs:150) { "_t" : "C2G_EnterMap", "RpcId" : 1 }
2020-12-04 15:43:51.2174 AllServer 0001 (Session.cs:297) { "_t" : "G2M_CreateUnit", "RpcId" : 2, "PlayerId" : NumberLong(11010049), "GateSessionId" : NumberLong(10747905) }
2020-12-04 15:43:51.2285 AllServer 0001 (Session.cs:150) { "_t" : "G2M_CreateUnit", "RpcId" : 2, "PlayerId" : NumberLong(11010049), "GateSessionId" : NumberLong(10747905) }
2020-12-04 15:43:51.2285 AllServer 0001 (Session.cs:297) { "_t" : "ObjectAddRequest", "RpcId" : 3, "Key" : NumberLong("9162471032685330433"), "InstanceId" : NumberLong(11796481) }
2020-12-04 15:43:51.2285 AllServer 0001 (Session.cs:150) { "_t" : "ObjectAddRequest", "RpcId" : 3, "Key" : NumberLong("9162471032685330433"), "InstanceId" : NumberLong(11796481) }
2020-12-04 15:43:51.2449 AllServer 0001 (Session.cs:297) { "_t" : "ObjectAddResponse", "RpcId" : 3, "Error" : 0, "Message" : null }
2020-12-04 15:43:51.2449 AllServer 0001 (Session.cs:150) { "_t" : "ObjectAddResponse", "RpcId" : 3, "Error" : 0, "Message" : null }
2020-12-04 15:43:51.2798 AllServer 0001 (Session.cs:297) { "_t" : "M2C_CreateUnits", "RpcId" : 0, "ActorId" : NumberLong(10747905), "Units" : [{ "UnitId" : NumberLong("9162471032685330433"), "X" : -10.0, "Y" : 0.0, "Z" : -10.0 }] }
2020-12-04 15:43:51.2798 AllServer 0001 (Session.cs:150) { "_t" : "M2C_CreateUnits", "RpcId" : 0, "ActorId" : NumberLong(10747905), "Units" : [{ "UnitId" : NumberLong("9162471032685330433"), "X" : -10.0, "Y" : 0.0, "Z" : -10.0 }] }
2020-12-04 15:43:51.2934 AllServer 0001 (Session.cs:297) { "_t" : "M2C_CreateUnits", "RpcId" : 0, "ActorId" : NumberLong(0), "Units" : [{ "UnitId" : NumberLong("9162471032685330433"), "X" : -10.0, "Y" : 0.0, "Z" : -10.0 }] }
2020-12-04 15:43:51.3091 AllServer 0001 (Session.cs:297) { "_t" : "M2G_CreateUnit", "Units" : [], "RpcId" : 2, "Error" : 0, "Message" : null, "UnitId" : NumberLong("9162471032685330433") }
2020-12-04 15:43:51.3091 AllServer 0001 (Session.cs:150) { "_t" : "M2G_CreateUnit", "Units" : [], "RpcId" : 2, "Error" : 0, "Message" : null, "UnitId" : NumberLong("9162471032685330433") }
2020-12-04 15:43:51.3091 AllServer 0001 (Session.cs:297) { "_t" : "G2C_EnterMap", "RpcId" : 1, "Error" : 0, "Message" : "", "UnitId" : NumberLong("9162471032685330433"), "Units" : [] }
2020-12-04 15:43:52.0613 AllServer 0001 (Session.cs:150) { "_t" : "Frame_ClickMap", "RpcId" : 0, "ActorId" : NumberLong(0), "_id" : NumberLong(0), "X" : -8.8074216842651367, "Y" : 0.010000000707805157, "Z" : -1.9795360565185547 }
2020-12-04 15:43:52.0613 AllServer 0001 (Session.cs:297) { "_t" : "ObjectGetRequest", "RpcId" : 4, "Key" : NumberLong("9162471032685330433") }
2020-12-04 15:43:52.0613 AllServer 0001 (Session.cs:150) { "_t" : "ObjectGetRequest", "RpcId" : 4, "Key" : NumberLong("9162471032685330433") }
2020-12-04 15:43:52.0701 AllServer 0001 (Session.cs:297) { "_t" : "ObjectGetResponse", "RpcId" : 4, "Error" : 0, "Message" : null, "InstanceId" : NumberLong(11796481) }
2020-12-04 15:43:52.0701 AllServer 0001 (Session.cs:150) { "_t" : "ObjectGetResponse", "RpcId" : 4, "Error" : 0, "Message" : null, "InstanceId" : NumberLong(11796481) }
2020-12-04 15:43:52.0701 AllServer 0001 (Session.cs:297) { "_t" : "Frame_ClickMap", "RpcId" : 5, "ActorId" : NumberLong(11796481), "_id" : NumberLong(0), "X" : -8.8074216842651367, "Y" : 0.010000000707805157, "Z" : -1.9795360565185547 }
2020-12-04 15:43:52.0701 AllServer 0001 (Session.cs:150) { "_t" : "Frame_ClickMap", "RpcId" : 5, "ActorId" : NumberLong(11796481), "_id" : NumberLong(0), "X" : -8.8074216842651367, "Y" : 0.010000000707805157, "Z" : -1.9795360565185547 }
2020-12-04 15:43:52.0905 AllServer 0001 (Session.cs:297) { "_t" : "ActorResponse", "RpcId" : 5, "Error" : 0, "Message" : null }
2020-12-04 15:43:52.0905 AllServer 0001 (Session.cs:150) { "_t" : "ActorResponse", "RpcId" : 5, "Error" : 0, "Message" : null }
2020-12-04 15:43:52.1412 AllServer 0001 (UnitPathComponentSystem.cs:45) find result: (-10, 0, -10),(-8.807422, 0, -1.9795359),
2020-12-04 15:43:52.1502 AllServer 0001 (Session.cs:297) { "_t" : "M2C_PathfindingResult", "ActorId" : NumberLong(10747905), "_id" : NumberLong("9162471032685330433"), "X" : -10.0, "Y" : 0.0, "Z" : -10.0, "Xs" : [-8.8074216842651367], "Ys" : [0.0], "Zs" : [-1.9795359373092651] }
2020-12-04 15:43:52.1502 AllServer 0001 (Session.cs:150) { "_t" : "M2C_PathfindingResult", "ActorId" : NumberLong(10747905), "_id" : NumberLong("9162471032685330433"), "X" : -10.0, "Y" : 0.0, "Z" : -10.0, "Xs" : [-8.8074216842651367], "Ys" : [0.0], "Zs" : [-1.9795359373092651] }
2020-12-04 15:43:52.1502 AllServer 0001 (Session.cs:297) { "_t" : "M2C_PathfindingResult", "ActorId" : NumberLong(0), "_id" : NumberLong("9162471032685330433"), "X" : -10.0, "Y" : 0.0, "Z" : -10.0, "Xs" : [-8.8074216842651367], "Ys" : [0.0], "Zs" : [-1.9795359373092651] }
2020-12-04 15:43:52.1665 AllServer 0001 (Session.cs:150) { "_t" : "C2M_TestActorRequest", "RpcId" : 4, "ActorId" : NumberLong(0), "Info" : "actor rpc request" }
2020-12-04 15:43:52.1665 AllServer 0001 (Session.cs:297) { "_t" : "C2M_TestActorRequest", "RpcId" : 6, "ActorId" : NumberLong(11796481), "Info" : "actor rpc request" }
2020-12-04 15:43:52.1665 AllServer 0001 (Session.cs:150) { "_t" : "C2M_TestActorRequest", "RpcId" : 6, "ActorId" : NumberLong(11796481), "Info" : "actor rpc request" }
2020-12-04 15:43:52.1665 AllServer 0001 (Session.cs:297) { "_t" : "M2C_TestActorResponse", "RpcId" : 6, "Error" : 0, "Message" : "", "Info" : "actor rpc response" }
2020-12-04 15:43:52.1665 AllServer 0001 (Session.cs:150) { "_t" : "M2C_TestActorResponse", "RpcId" : 6, "Error" : 0, "Message" : "", "Info" : "actor rpc response" }
2020-12-04 15:43:52.1665 AllServer 0001 (Session.cs:297) { "_t" : "M2C_TestActorResponse", "RpcId" : 4, "Error" : 0, "Message" : "", "Info" : "actor rpc response" }
2020-12-04 15:43:52.5129 AllServer 0001 (Session.cs:150) { "_t" : "Frame_ClickMap", "RpcId" : 0, "ActorId" : NumberLong(0), "_id" : NumberLong(0), "X" : 13.254467010498047, "Y" : 0.010000000707805157, "Z" : -2.1821517944335938 }
2020-12-04 15:43:52.5129 AllServer 0001 (Session.cs:297) { "_t" : "Frame_ClickMap", "RpcId" : 7, "ActorId" : NumberLong(11796481), "_id" : NumberLong(0), "X" : 13.254467010498047, "Y" : 0.010000000707805157, "Z" : -2.1821517944335938 }
2020-12-04 15:43:52.5129 AllServer 0001 (Session.cs:150) { "_t" : "Frame_ClickMap", "RpcId" : 7, "ActorId" : NumberLong(11796481), "_id" : NumberLong(0), "X" : 13.254467010498047, "Y" : 0.010000000707805157, "Z" : -2.1821517944335938 }
2020-12-04 15:43:52.5129 AllServer 0001 (Session.cs:297) { "_t" : "ActorResponse", "RpcId" : 7, "Error" : 0, "Message" : null }
2020-12-04 15:43:52.5129 AllServer 0001 (Session.cs:150) { "_t" : "ActorResponse", "RpcId" : 7, "Error" : 0, "Message" : null }
2020-12-04 15:43:52.5129 AllServer 0001 (UnitPathComponentSystem.cs:45) find result: (-9.77561, 0, -8.490906),(-2.4, 0, -4.2000003),(13.400001, 0, -3.0000002),(13.400001, 0, -3.0000002),(13.736158, 0, -2.663843),
2020-12-04 15:43:52.5129 AllServer 0001 (Session.cs:297) { "_t" : "M2C_PathfindingResult", "ActorId" : NumberLong(10747905), "_id" : NumberLong("9162471032685330433"), "X" : -9.7388248443603516, "Y" : 0.0, "Z" : -8.2435131072998047, "Xs" : [-2.4000000953674316, 13.40000057220459, 13.40000057220459], "Ys" : [0.0, 0.0, 0.0], "Zs" : [-4.2000002861022949, -3.0000002384185791, -3.0000002384185791] }
2020-12-04 15:43:52.5129 AllServer 0001 (Session.cs:150) { "_t" : "M2C_PathfindingResult", "ActorId" : NumberLong(10747905), "_id" : NumberLong("9162471032685330433"), "X" : -9.7388248443603516, "Y" : 0.0, "Z" : -8.2435131072998047, "Xs" : [-2.4000000953674316, 13.40000057220459, 13.40000057220459], "Ys" : [0.0, 0.0, 0.0], "Zs" : [-4.2000002861022949, -3.0000002384185791, -3.0000002384185791] }
2020-12-04 15:43:52.5129 AllServer 0001 (Session.cs:297) { "_t" : "M2C_PathfindingResult", "ActorId" : NumberLong(0), "_id" : NumberLong("9162471032685330433"), "X" : -9.7388248443603516, "Y" : 0.0, "Z" : -8.2435131072998047, "Xs" : [-2.4000000953674316, 13.40000057220459, 13.40000057220459], "Ys" : [0.0, 0.0, 0.0], "Zs" : [-4.2000002861022949, -3.0000002384185791, -3.0000002384185791] }
2020-12-04 15:43:52.5129 AllServer 0001 (Session.cs:150) { "_t" : "C2M_TestActorRequest", "RpcId" : 5, "ActorId" : NumberLong(0), "Info" : "actor rpc request" }
2020-12-04 15:43:52.5129 AllServer 0001 (Session.cs:297) { "_t" : "C2M_TestActorRequest", "RpcId" : 8, "ActorId" : NumberLong(11796481), "Info" : "actor rpc request" }
2020-12-04 15:43:52.5129 AllServer 0001 (Session.cs:150) { "_t" : "C2M_TestActorRequest", "RpcId" : 8, "ActorId" : NumberLong(11796481), "Info" : "actor rpc request" }
2020-12-04 15:43:52.5129 AllServer 0001 (Session.cs:297) { "_t" : "M2C_TestActorResponse", "RpcId" : 8, "Error" : 0, "Message" : "", "Info" : "actor rpc response" }
2020-12-04 15:43:52.5129 AllServer 0001 (Session.cs:150) { "_t" : "M2C_TestActorResponse", "RpcId" : 8, "Error" : 0, "Message" : "", "Info" : "actor rpc response" }
2020-12-04 15:43:52.5129 AllServer 0001 (Session.cs:297) { "_t" : "M2C_TestActorResponse", "RpcId" : 5, "Error" : 0, "Message" : "", "Info" : "actor rpc response" }
2020-12-04 15:43:53.4140 AllServer 0001 (Session.cs:150) { "_t" : "Frame_ClickMap", "RpcId" : 0, "ActorId" : NumberLong(0), "_id" : NumberLong(0), "X" : 17.755535125732422, "Y" : 0.010000000707805157, "Z" : -8.4733467102050781 }
2020-12-04 15:43:53.4140 AllServer 0001 (Session.cs:297) { "_t" : "Frame_ClickMap", "RpcId" : 9, "ActorId" : NumberLong(11796481), "_id" : NumberLong(0), "X" : 17.755535125732422, "Y" : 0.010000000707805157, "Z" : -8.4733467102050781 }
2020-12-04 15:43:53.4140 AllServer 0001 (Session.cs:150) { "_t" : "Frame_ClickMap", "RpcId" : 9, "ActorId" : NumberLong(11796481), "_id" : NumberLong(0), "X" : 17.755535125732422, "Y" : 0.010000000707805157, "Z" : -8.4733467102050781 }
2020-12-04 15:43:53.4140 AllServer 0001 (Session.cs:297) { "_t" : "ActorResponse", "RpcId" : 9, "Error" : 0, "Message" : null }
2020-12-04 15:43:53.4140 AllServer 0001 (Session.cs:150) { "_t" : "ActorResponse", "RpcId" : 9, "Error" : 0, "Message" : null }
2020-12-04 15:43:53.4140 AllServer 0001 (UnitPathComponentSystem.cs:45) find result: (-5.975213, 0, -6.169855),(-3.0000002, 0, -8.400001),(-1.4000001, 0, -9),(17.755535, 0, -9),
2020-12-04 15:43:53.4140 AllServer 0001 (Session.cs:297) { "_t" : "M2C_PathfindingResult", "ActorId" : NumberLong(10747905), "_id" : NumberLong("9162471032685330433"), "X" : -5.8087196350097656, "Y" : 0.0, "Z" : -6.0781211853027344, "Xs" : [-3.0000002384185791, -1.4000000953674316, 17.755535125732422], "Ys" : [0.0, 0.0, 0.0], "Zs" : [-8.4000005722045898, -9.0, -9.0] }
2020-12-04 15:43:53.4140 AllServer 0001 (Session.cs:150) { "_t" : "M2C_PathfindingResult", "ActorId" : NumberLong(10747905), "_id" : NumberLong("9162471032685330433"), "X" : -5.8087196350097656, "Y" : 0.0, "Z" : -6.0781211853027344, "Xs" : [-3.0000002384185791, -1.4000000953674316, 17.755535125732422], "Ys" : [0.0, 0.0, 0.0], "Zs" : [-8.4000005722045898, -9.0, -9.0] }
2020-12-04 15:43:53.4140 AllServer 0001 (Session.cs:297) { "_t" : "M2C_PathfindingResult", "ActorId" : NumberLong(0), "_id" : NumberLong("9162471032685330433"), "X" : -5.8087196350097656, "Y" : 0.0, "Z" : -6.0781211853027344, "Xs" : [-3.0000002384185791, -1.4000000953674316, 17.755535125732422], "Ys" : [0.0, 0.0, 0.0], "Zs" : [-8.4000005722045898, -9.0, -9.0] }
2020-12-04 15:43:53.4140 AllServer 0001 (Session.cs:150) { "_t" : "C2M_TestActorRequest", "RpcId" : 6, "ActorId" : NumberLong(0), "Info" : "actor rpc request" }
2020-12-04 15:43:53.4140 AllServer 0001 (Session.cs:297) { "_t" : "C2M_TestActorRequest", "RpcId" : 10, "ActorId" : NumberLong(11796481), "Info" : "actor rpc request" }
2020-12-04 15:43:53.4140 AllServer 0001 (Session.cs:150) { "_t" : "C2M_TestActorRequest", "RpcId" : 10, "ActorId" : NumberLong(11796481), "Info" : "actor rpc request" }
2020-12-04 15:43:53.4140 AllServer 0001 (Session.cs:297) { "_t" : "M2C_TestActorResponse", "RpcId" : 10, "Error" : 0, "Message" : "", "Info" : "actor rpc response" }
2020-12-04 15:43:53.4140 AllServer 0001 (Session.cs:150) { "_t" : "M2C_TestActorResponse", "RpcId" : 10, "Error" : 0, "Message" : "", "Info" : "actor rpc response" }
2020-12-04 15:43:53.4140 AllServer 0001 (Session.cs:297) { "_t" : "M2C_TestActorResponse", "RpcId" : 6, "Error" : 0, "Message" : "", "Info" : "actor rpc response" }
2020-12-04 15:43:54.5644 AllServer 0001 (Session.cs:150) { "_t" : "Frame_ClickMap", "RpcId" : 0, "ActorId" : NumberLong(0), "_id" : NumberLong(0), "X" : 16.729152679443359, "Y" : 0.010000000707805157, "Z" : -9.3359355926513672 }
2020-12-04 15:43:54.5644 AllServer 0001 (Session.cs:297) { "_t" : "Frame_ClickMap", "RpcId" : 11, "ActorId" : NumberLong(11796481), "_id" : NumberLong(0), "X" : 16.729152679443359, "Y" : 0.010000000707805157, "Z" : -9.3359355926513672 }
2020-12-04 15:43:54.5644 AllServer 0001 (Session.cs:150) { "_t" : "Frame_ClickMap", "RpcId" : 11, "ActorId" : NumberLong(11796481), "_id" : NumberLong(0), "X" : 16.729152679443359, "Y" : 0.010000000707805157, "Z" : -9.3359355926513672 }
2020-12-04 15:43:54.5644 AllServer 0001 (Session.cs:297) { "_t" : "ActorResponse", "RpcId" : 11, "Error" : 0, "Message" : null }
2020-12-04 15:43:54.5644 AllServer 0001 (Session.cs:150) { "_t" : "ActorResponse", "RpcId" : 11, "Error" : 0, "Message" : null }
2020-12-04 15:43:54.5709 AllServer 0001 (UnitPathComponentSystem.cs:45) find result: (-1.4000001, 0, -9),(10.200001, 0, -9.200001),(16.729153, 0, -9.335936),
2020-12-04 15:43:54.5709 AllServer 0001 (Session.cs:297) { "_t" : "M2C_PathfindingResult", "ActorId" : NumberLong(10747905), "_id" : NumberLong("9162471032685330433"), "X" : -1.30999755859375, "Y" : 0.0, "Z" : -9.0, "Xs" : [10.200000762939453, 16.729152679443359], "Ys" : [0.0, 0.0], "Zs" : [-9.2000007629394531, -9.3359355926513672] }
2020-12-04 15:43:54.5709 AllServer 0001 (Session.cs:150) { "_t" : "M2C_PathfindingResult", "ActorId" : NumberLong(10747905), "_id" : NumberLong("9162471032685330433"), "X" : -1.30999755859375, "Y" : 0.0, "Z" : -9.0, "Xs" : [10.200000762939453, 16.729152679443359], "Ys" : [0.0, 0.0], "Zs" : [-9.2000007629394531, -9.3359355926513672] }
2020-12-04 15:43:54.5709 AllServer 0001 (Session.cs:297) { "_t" : "M2C_PathfindingResult", "ActorId" : NumberLong(0), "_id" : NumberLong("9162471032685330433"), "X" : -1.30999755859375, "Y" : 0.0, "Z" : -9.0, "Xs" : [10.200000762939453, 16.729152679443359], "Ys" : [0.0, 0.0], "Zs" : [-9.2000007629394531, -9.3359355926513672] }
2020-12-04 15:43:54.5709 AllServer 0001 (Session.cs:150) { "_t" : "C2M_TestActorRequest", "RpcId" : 7, "ActorId" : NumberLong(0), "Info" : "actor rpc request" }
2020-12-04 15:43:54.5709 AllServer 0001 (Session.cs:297) { "_t" : "C2M_TestActorRequest", "RpcId" : 12, "ActorId" : NumberLong(11796481), "Info" : "actor rpc request" }
2020-12-04 15:43:54.5709 AllServer 0001 (Session.cs:150) { "_t" : "C2M_TestActorRequest", "RpcId" : 12, "ActorId" : NumberLong(11796481), "Info" : "actor rpc request" }
2020-12-04 15:43:54.5709 AllServer 0001 (Session.cs:297) { "_t" : "M2C_TestActorResponse", "RpcId" : 12, "Error" : 0, "Message" : "", "Info" : "actor rpc response" }
2020-12-04 15:43:54.5709 AllServer 0001 (Session.cs:150) { "_t" : "M2C_TestActorResponse", "RpcId" : 12, "Error" : 0, "Message" : "", "Info" : "actor rpc response" }
2020-12-04 15:43:54.5709 AllServer 0001 (Session.cs:297) { "_t" : "M2C_TestActorResponse", "RpcId" : 7, "Error" : 0, "Message" : "", "Info" : "actor rpc response" }
2020-12-04 15:43:54.9129 AllServer 0001 (Session.cs:150) { "_t" : "Frame_ClickMap", "RpcId" : 0, "ActorId" : NumberLong(0), "_id" : NumberLong(0), "X" : 16.729152679443359, "Y" : 0.010000000707805157, "Z" : -9.3359355926513672 }
2020-12-04 15:43:54.9137 AllServer 0001 (Session.cs:297) { "_t" : "Frame_ClickMap", "RpcId" : 13, "ActorId" : NumberLong(11796481), "_id" : NumberLong(0), "X" : 16.729152679443359, "Y" : 0.010000000707805157, "Z" : -9.3359355926513672 }
2020-12-04 15:43:54.9137 AllServer 0001 (Session.cs:150) { "_t" : "Frame_ClickMap", "RpcId" : 13, "ActorId" : NumberLong(11796481), "_id" : NumberLong(0), "X" : 16.729152679443359, "Y" : 0.010000000707805157, "Z" : -9.3359355926513672 }
2020-12-04 15:43:54.9137 AllServer 0001 (Session.cs:297) { "_t" : "ActorResponse", "RpcId" : 13, "Error" : 0, "Message" : null }
2020-12-04 15:43:54.9137 AllServer 0001 (Session.cs:150) { "_t" : "ActorResponse", "RpcId" : 13, "Error" : 0, "Message" : null }
2020-12-04 15:43:54.9137 AllServer 0001 (Session.cs:150) { "_t" : "C2M_TestActorRequest", "RpcId" : 8, "ActorId" : NumberLong(0), "Info" : "actor rpc request" }
2020-12-04 15:43:54.9137 AllServer 0001 (Session.cs:297) { "_t" : "C2M_TestActorRequest", "RpcId" : 14, "ActorId" : NumberLong(11796481), "Info" : "actor rpc request" }
2020-12-04 15:43:54.9137 AllServer 0001 (Session.cs:150) { "_t" : "C2M_TestActorRequest", "RpcId" : 14, "ActorId" : NumberLong(11796481), "Info" : "actor rpc request" }
2020-12-04 15:43:54.9137 AllServer 0001 (Session.cs:297) { "_t" : "M2C_TestActorResponse", "RpcId" : 14, "Error" : 0, "Message" : "", "Info" : "actor rpc response" }
2020-12-04 15:43:54.9137 AllServer 0001 (Session.cs:150) { "_t" : "M2C_TestActorResponse", "RpcId" : 14, "Error" : 0, "Message" : "", "Info" : "actor rpc response" }
2020-12-04 15:43:54.9137 AllServer 0001 (Session.cs:297) { "_t" : "M2C_TestActorResponse", "RpcId" : 8, "Error" : 0, "Message" : "", "Info" : "actor rpc response" }
2020-12-04 15:43:55.2384 AllServer 0001 (Session.cs:150) { "_t" : "Frame_ClickMap", "RpcId" : 0, "ActorId" : NumberLong(0), "_id" : NumberLong(0), "X" : 16.800937652587891, "Y" : 0.010000000707805157, "Z" : -9.3359355926513672 }
2020-12-04 15:43:55.2384 AllServer 0001 (Session.cs:297) { "_t" : "Frame_ClickMap", "RpcId" : 15, "ActorId" : NumberLong(11796481), "_id" : NumberLong(0), "X" : 16.800937652587891, "Y" : 0.010000000707805157, "Z" : -9.3359355926513672 }
2020-12-04 15:43:55.2384 AllServer 0001 (Session.cs:150) { "_t" : "Frame_ClickMap", "RpcId" : 15, "ActorId" : NumberLong(11796481), "_id" : NumberLong(0), "X" : 16.800937652587891, "Y" : 0.010000000707805157, "Z" : -9.3359355926513672 }
2020-12-04 15:43:55.2384 AllServer 0001 (Session.cs:297) { "_t" : "ActorResponse", "RpcId" : 15, "Error" : 0, "Message" : null }
2020-12-04 15:43:55.2421 AllServer 0001 (Session.cs:150) { "_t" : "ActorResponse", "RpcId" : 15, "Error" : 0, "Message" : null }
2020-12-04 15:43:55.2421 AllServer 0001 (Session.cs:150) { "_t" : "C2M_TestActorRequest", "RpcId" : 9, "ActorId" : NumberLong(0), "Info" : "actor rpc request" }
2020-12-04 15:43:55.2421 AllServer 0001 (Session.cs:297) { "_t" : "C2M_TestActorRequest", "RpcId" : 16, "ActorId" : NumberLong(11796481), "Info" : "actor rpc request" }
2020-12-04 15:43:55.2421 AllServer 0001 (Session.cs:150) { "_t" : "C2M_TestActorRequest", "RpcId" : 16, "ActorId" : NumberLong(11796481), "Info" : "actor rpc request" }
2020-12-04 15:43:55.2421 AllServer 0001 (Session.cs:297) { "_t" : "M2C_TestActorResponse", "RpcId" : 16, "Error" : 0, "Message" : "", "Info" : "actor rpc response" }
2020-12-04 15:43:55.2421 AllServer 0001 (Session.cs:150) { "_t" : "M2C_TestActorResponse", "RpcId" : 16, "Error" : 0, "Message" : "", "Info" : "actor rpc response" }
2020-12-04 15:43:55.2421 AllServer 0001 (Session.cs:297) { "_t" : "M2C_TestActorResponse", "RpcId" : 9, "Error" : 0, "Message" : "", "Info" : "actor rpc response" }
2020-12-04 15:43:55.6862 AllServer 0001 (Session.cs:150) { "_t" : "Frame_ClickMap", "RpcId" : 0, "ActorId" : NumberLong(0), "_id" : NumberLong(0), "X" : 21.702564239501953, "Y" : 0.010000000707805157, "Z" : -9.25048828125 }
2020-12-04 15:43:55.6862 AllServer 0001 (Session.cs:297) { "_t" : "Frame_ClickMap", "RpcId" : 17, "ActorId" : NumberLong(11796481), "_id" : NumberLong(0), "X" : 21.702564239501953, "Y" : 0.010000000707805157, "Z" : -9.25048828125 }
2020-12-04 15:43:55.6862 AllServer 0001 (Session.cs:150) { "_t" : "Frame_ClickMap", "RpcId" : 17, "ActorId" : NumberLong(11796481), "_id" : NumberLong(0), "X" : 21.702564239501953, "Y" : 0.010000000707805157, "Z" : -9.25048828125 }
2020-12-04 15:43:55.6862 AllServer 0001 (Session.cs:297) { "_t" : "ActorResponse", "RpcId" : 17, "Error" : 0, "Message" : null }
2020-12-04 15:43:55.6862 AllServer 0001 (Session.cs:150) { "_t" : "ActorResponse", "RpcId" : 17, "Error" : 0, "Message" : null }
2020-12-04 15:43:55.6862 AllServer 0001 (UnitPathComponentSystem.cs:45) find result: (4.225002, 0, -9.096178),(21.702335, 0.038906254, -9.249623),
2020-12-04 15:43:55.6862 AllServer 0001 (Session.cs:297) { "_t" : "M2C_PathfindingResult", "ActorId" : NumberLong(10747905), "_id" : NumberLong("9162471032685330433"), "X" : 4.2650012969970703, "Y" : 0.0, "Z" : -9.0968723297119141, "Xs" : [21.702335357666016], "Ys" : [0.03890625387430191], "Zs" : [-9.2496232986450195] }
2020-12-04 15:43:55.6862 AllServer 0001 (Session.cs:150) { "_t" : "M2C_PathfindingResult", "ActorId" : NumberLong(10747905), "_id" : NumberLong("9162471032685330433"), "X" : 4.2650012969970703, "Y" : 0.0, "Z" : -9.0968723297119141, "Xs" : [21.702335357666016], "Ys" : [0.03890625387430191], "Zs" : [-9.2496232986450195] }
2020-12-04 15:43:55.6862 AllServer 0001 (Session.cs:297) { "_t" : "M2C_PathfindingResult", "ActorId" : NumberLong(0), "_id" : NumberLong("9162471032685330433"), "X" : 4.2650012969970703, "Y" : 0.0, "Z" : -9.0968723297119141, "Xs" : [21.702335357666016], "Ys" : [0.03890625387430191], "Zs" : [-9.2496232986450195] }
2020-12-04 15:43:55.6862 AllServer 0001 (Session.cs:150) { "_t" : "C2M_TestActorRequest", "RpcId" : 10, "ActorId" : NumberLong(0), "Info" : "actor rpc request" }
2020-12-04 15:43:55.6862 AllServer 0001 (Session.cs:297) { "_t" : "C2M_TestActorRequest", "RpcId" : 18, "ActorId" : NumberLong(11796481), "Info" : "actor rpc request" }
2020-12-04 15:43:55.6862 AllServer 0001 (Session.cs:150) { "_t" : "C2M_TestActorRequest", "RpcId" : 18, "ActorId" : NumberLong(11796481), "Info" : "actor rpc request" }
2020-12-04 15:43:55.6946 AllServer 0001 (Session.cs:297) { "_t" : "M2C_TestActorResponse", "RpcId" : 18, "Error" : 0, "Message" : "", "Info" : "actor rpc response" }
2020-12-04 15:43:55.6946 AllServer 0001 (Session.cs:150) { "_t" : "M2C_TestActorResponse", "RpcId" : 18, "Error" : 0, "Message" : "", "Info" : "actor rpc response" }
2020-12-04 15:43:55.6946 AllServer 0001 (Session.cs:297) { "_t" : "M2C_TestActorResponse", "RpcId" : 10, "Error" : 0, "Message" : "", "Info" : "actor rpc response" }
2020-12-04 15:43:56.0045 AllServer 0001 (Session.cs:150) { "_t" : "Frame_ClickMap", "RpcId" : 0, "ActorId" : NumberLong(0), "_id" : NumberLong(0), "X" : 21.72627067565918, "Y" : 0.010000000707805157, "Z" : -12.295473098754883 }
2020-12-04 15:43:56.0045 AllServer 0001 (Session.cs:297) { "_t" : "Frame_ClickMap", "RpcId" : 19, "ActorId" : NumberLong(11796481), "_id" : NumberLong(0), "X" : 21.72627067565918, "Y" : 0.010000000707805157, "Z" : -12.295473098754883 }
2020-12-04 15:43:56.0045 AllServer 0001 (Session.cs:150) { "_t" : "Frame_ClickMap", "RpcId" : 19, "ActorId" : NumberLong(11796481), "_id" : NumberLong(0), "X" : 21.72627067565918, "Y" : 0.010000000707805157, "Z" : -12.295473098754883 }
2020-12-04 15:43:56.0045 AllServer 0001 (Session.cs:297) { "_t" : "ActorResponse", "RpcId" : 19, "Error" : 0, "Message" : null }
2020-12-04 15:43:56.0045 AllServer 0001 (Session.cs:150) { "_t" : "ActorResponse", "RpcId" : 19, "Error" : 0, "Message" : null }
2020-12-04 15:43:56.0045 AllServer 0001 (UnitPathComponentSystem.cs:45) find result: (5.7802033, 0, -9.110146),(10.200001, 0, -9.200001),(21.72865, 0.11495065, -12.295474),
2020-12-04 15:43:56.0073 AllServer 0001 (Session.cs:297) { "_t" : "M2C_PathfindingResult", "ActorId" : NumberLong(10747905), "_id" : NumberLong("9162471032685330433"), "X" : 5.8352117538452148, "Y" : 0.0035034597385674715, "Z" : -9.1106271743774414, "Xs" : [10.200000762939453, 21.728649139404297], "Ys" : [0.0, 0.11495064944028854], "Zs" : [-9.2000007629394531, -12.295474052429199] }
2020-12-04 15:43:56.0073 AllServer 0001 (Session.cs:150) { "_t" : "M2C_PathfindingResult", "ActorId" : NumberLong(10747905), "_id" : NumberLong("9162471032685330433"), "X" : 5.8352117538452148, "Y" : 0.0035034597385674715, "Z" : -9.1106271743774414, "Xs" : [10.200000762939453, 21.728649139404297], "Ys" : [0.0, 0.11495064944028854], "Zs" : [-9.2000007629394531, -12.295474052429199] }
2020-12-04 15:43:56.0073 AllServer 0001 (Session.cs:297) { "_t" : "M2C_PathfindingResult", "ActorId" : NumberLong(0), "_id" : NumberLong("9162471032685330433"), "X" : 5.8352117538452148, "Y" : 0.0035034597385674715, "Z" : -9.1106271743774414, "Xs" : [10.200000762939453, 21.728649139404297], "Ys" : [0.0, 0.11495064944028854], "Zs" : [-9.2000007629394531, -12.295474052429199] }
2020-12-04 15:43:56.0073 AllServer 0001 (Session.cs:150) { "_t" : "C2M_TestActorRequest", "RpcId" : 11, "ActorId" : NumberLong(0), "Info" : "actor rpc request" }
2020-12-04 15:43:56.0073 AllServer 0001 (Session.cs:297) { "_t" : "C2M_TestActorRequest", "RpcId" : 20, "ActorId" : NumberLong(11796481), "Info" : "actor rpc request" }
2020-12-04 15:43:56.0073 AllServer 0001 (Session.cs:150) { "_t" : "C2M_TestActorRequest", "RpcId" : 20, "ActorId" : NumberLong(11796481), "Info" : "actor rpc request" }
2020-12-04 15:43:56.0073 AllServer 0001 (Session.cs:297) { "_t" : "M2C_TestActorResponse", "RpcId" : 20, "Error" : 0, "Message" : "", "Info" : "actor rpc response" }
2020-12-04 15:43:56.0073 AllServer 0001 (Session.cs:150) { "_t" : "M2C_TestActorResponse", "RpcId" : 20, "Error" : 0, "Message" : "", "Info" : "actor rpc response" }
2020-12-04 15:43:56.0073 AllServer 0001 (Session.cs:297) { "_t" : "M2C_TestActorResponse", "RpcId" : 11, "Error" : 0, "Message" : "", "Info" : "actor rpc response" }
2020-12-04 15:43:56.3032 AllServer 0001 (Session.cs:150) { "_t" : "Frame_ClickMap", "RpcId" : 0, "ActorId" : NumberLong(0), "_id" : NumberLong(0), "X" : 21.461685180664062, "Y" : 0.010000000707805157, "Z" : -14.150569915771484 }
2020-12-04 15:43:56.3032 AllServer 0001 (Session.cs:297) { "_t" : "Frame_ClickMap", "RpcId" : 21, "ActorId" : NumberLong(11796481), "_id" : NumberLong(0), "X" : 21.461685180664062, "Y" : 0.010000000707805157, "Z" : -14.150569915771484 }
2020-12-04 15:43:56.3047 AllServer 0001 (Session.cs:150) { "_t" : "Frame_ClickMap", "RpcId" : 21, "ActorId" : NumberLong(11796481), "_id" : NumberLong(0), "X" : 21.461685180664062, "Y" : 0.010000000707805157, "Z" : -14.150569915771484 }
2020-12-04 15:43:56.3047 AllServer 0001 (Session.cs:297) { "_t" : "ActorResponse", "RpcId" : 21, "Error" : 0, "Message" : null }
2020-12-04 15:43:56.3047 AllServer 0001 (Session.cs:150) { "_t" : "ActorResponse", "RpcId" : 21, "Error" : 0, "Message" : null }
2020-12-04 15:43:56.3047 AllServer 0001 (UnitPathComponentSystem.cs:45) find result: (7.10515, 0, -9.13663),(10.200001, 0, -9.200001),(17.2, 0, -12.200001),(21.464201, 0.12094483, -14.15057),
2020-12-04 15:43:56.3047 AllServer 0001 (Session.cs:297) { "_t" : "M2C_PathfindingResult", "ActorId" : NumberLong(10747905), "_id" : NumberLong("9162471032685330433"), "X" : 7.3201398849487305, "Y" : 0.00231156125664711, "Z" : -9.1410322189331055, "Xs" : [10.200000762939453, 17.200000762939453, 21.464200973510742], "Ys" : [0.0, 0.0, 0.12094482779502869], "Zs" : [-9.2000007629394531, -12.200000762939453, -14.150569915771484] }
2020-12-04 15:43:56.3047 AllServer 0001 (Session.cs:150) { "_t" : "M2C_PathfindingResult", "ActorId" : NumberLong(10747905), "_id" : NumberLong("9162471032685330433"), "X" : 7.3201398849487305, "Y" : 0.00231156125664711, "Z" : -9.1410322189331055, "Xs" : [10.200000762939453, 17.200000762939453, 21.464200973510742], "Ys" : [0.0, 0.0, 0.12094482779502869], "Zs" : [-9.2000007629394531, -12.200000762939453, -14.150569915771484] }
2020-12-04 15:43:56.3047 AllServer 0001 (Session.cs:297) { "_t" : "M2C_PathfindingResult", "ActorId" : NumberLong(0), "_id" : NumberLong("9162471032685330433"), "X" : 7.3201398849487305, "Y" : 0.00231156125664711, "Z" : -9.1410322189331055, "Xs" : [10.200000762939453, 17.200000762939453, 21.464200973510742], "Ys" : [0.0, 0.0, 0.12094482779502869], "Zs" : [-9.2000007629394531, -12.200000762939453, -14.150569915771484] }
2020-12-04 15:43:56.3047 AllServer 0001 (Session.cs:150) { "_t" : "C2M_TestActorRequest", "RpcId" : 12, "ActorId" : NumberLong(0), "Info" : "actor rpc request" }
2020-12-04 15:43:56.3047 AllServer 0001 (Session.cs:297) { "_t" : "C2M_TestActorRequest", "RpcId" : 22, "ActorId" : NumberLong(11796481), "Info" : "actor rpc request" }
2020-12-04 15:43:56.3047 AllServer 0001 (Session.cs:150) { "_t" : "C2M_TestActorRequest", "RpcId" : 22, "ActorId" : NumberLong(11796481), "Info" : "actor rpc request" }
2020-12-04 15:43:56.3047 AllServer 0001 (Session.cs:297) { "_t" : "M2C_TestActorResponse", "RpcId" : 22, "Error" : 0, "Message" : "", "Info" : "actor rpc response" }
2020-12-04 15:43:56.3047 AllServer 0001 (Session.cs:150) { "_t" : "M2C_TestActorResponse", "RpcId" : 22, "Error" : 0, "Message" : "", "Info" : "actor rpc response" }
2020-12-04 15:43:56.3047 AllServer 0001 (Session.cs:297) { "_t" : "M2C_TestActorResponse", "RpcId" : 12, "Error" : 0, "Message" : "", "Info" : "actor rpc response" }
2020-12-04 15:43:56.5506 AllServer 0001 (Session.cs:150) { "_t" : "Frame_ClickMap", "RpcId" : 0, "ActorId" : NumberLong(0), "_id" : NumberLong(0), "X" : 21.067766189575195, "Y" : 0.010000000707805157, "Z" : -14.376274108886719 }
2020-12-04 15:43:56.5506 AllServer 0001 (Session.cs:297) { "_t" : "Frame_ClickMap", "RpcId" : 23, "ActorId" : NumberLong(11796481), "_id" : NumberLong(0), "X" : 21.067766189575195, "Y" : 0.010000000707805157, "Z" : -14.376274108886719 }
2020-12-04 15:43:56.5506 AllServer 0001 (Session.cs:150) { "_t" : "Frame_ClickMap", "RpcId" : 23, "ActorId" : NumberLong(11796481), "_id" : NumberLong(0), "X" : 21.067766189575195, "Y" : 0.010000000707805157, "Z" : -14.376274108886719 }
2020-12-04 15:43:56.5506 AllServer 0001 (Session.cs:297) { "_t" : "ActorResponse", "RpcId" : 23, "Error" : 0, "Message" : null }
2020-12-04 15:43:56.5506 AllServer 0001 (Session.cs:150) { "_t" : "ActorResponse", "RpcId" : 23, "Error" : 0, "Message" : null }
2020-12-04 15:43:56.5506 AllServer 0001 (UnitPathComponentSystem.cs:45) find result: (8.2804165, 0, -9.200001),(10.200001, 0, -9.200001),(17.2, 0, -12.200001),(21.070484, 0.12986909, -14.376274),
2020-12-04 15:43:56.5506 AllServer 0001 (Session.cs:297) { "_t" : "M2C_PathfindingResult", "ActorId" : NumberLong(10747905), "_id" : NumberLong("9162471032685330433"), "X" : 8.4810714721679688, "Y" : 0.0020399417262524366, "Z" : -9.5004758834838867, "Xs" : [10.200000762939453, 17.200000762939453, 21.070484161376953], "Ys" : [0.0, 0.0, 0.12986908853054047], "Zs" : [-9.2000007629394531, -12.200000762939453, -14.376274108886719] }
2020-12-04 15:43:56.5506 AllServer 0001 (Session.cs:150) { "_t" : "M2C_PathfindingResult", "ActorId" : NumberLong(10747905), "_id" : NumberLong("9162471032685330433"), "X" : 8.4810714721679688, "Y" : 0.0020399417262524366, "Z" : -9.5004758834838867, "Xs" : [10.200000762939453, 17.200000762939453, 21.070484161376953], "Ys" : [0.0, 0.0, 0.12986908853054047], "Zs" : [-9.2000007629394531, -12.200000762939453, -14.376274108886719] }
2020-12-04 15:43:56.5506 AllServer 0001 (Session.cs:297) { "_t" : "M2C_PathfindingResult", "ActorId" : NumberLong(0), "_id" : NumberLong("9162471032685330433"), "X" : 8.4810714721679688, "Y" : 0.0020399417262524366, "Z" : -9.5004758834838867, "Xs" : [10.200000762939453, 17.200000762939453, 21.070484161376953], "Ys" : [0.0, 0.0, 0.12986908853054047], "Zs" : [-9.2000007629394531, -12.200000762939453, -14.376274108886719] }
2020-12-04 15:43:56.5540 AllServer 0001 (Session.cs:150) { "_t" : "C2M_TestActorRequest", "RpcId" : 13, "ActorId" : NumberLong(0), "Info" : "actor rpc request" }
2020-12-04 15:43:56.5540 AllServer 0001 (Session.cs:297) { "_t" : "C2M_TestActorRequest", "RpcId" : 24, "ActorId" : NumberLong(11796481), "Info" : "actor rpc request" }
2020-12-04 15:43:56.5540 AllServer 0001 (Session.cs:150) { "_t" : "C2M_TestActorRequest", "RpcId" : 24, "ActorId" : NumberLong(11796481), "Info" : "actor rpc request" }
2020-12-04 15:43:56.5540 AllServer 0001 (Session.cs:297) { "_t" : "M2C_TestActorResponse", "RpcId" : 24, "Error" : 0, "Message" : "", "Info" : "actor rpc response" }
2020-12-04 15:43:56.5540 AllServer 0001 (Session.cs:150) { "_t" : "M2C_TestActorResponse", "RpcId" : 24, "Error" : 0, "Message" : "", "Info" : "actor rpc response" }
2020-12-04 15:43:56.5540 AllServer 0001 (Session.cs:297) { "_t" : "M2C_TestActorResponse", "RpcId" : 13, "Error" : 0, "Message" : "", "Info" : "actor rpc response" }
2020-12-04 15:43:57.0362 AllServer 0001 (Session.cs:150) { "_t" : "Frame_ClickMap", "RpcId" : 0, "ActorId" : NumberLong(0), "_id" : NumberLong(0), "X" : 20.830644607543945, "Y" : 0.010000000707805157, "Z" : -13.695167541503906 }
2020-12-04 15:43:57.0362 AllServer 0001 (Session.cs:297) { "_t" : "Frame_ClickMap", "RpcId" : 25, "ActorId" : NumberLong(11796481), "_id" : NumberLong(0), "X" : 20.830644607543945, "Y" : 0.010000000707805157, "Z" : -13.695167541503906 }
2020-12-04 15:43:57.0362 AllServer 0001 (Session.cs:150) { "_t" : "Frame_ClickMap", "RpcId" : 25, "ActorId" : NumberLong(11796481), "_id" : NumberLong(0), "X" : 20.830644607543945, "Y" : 0.010000000707805157, "Z" : -13.695167541503906 }
2020-12-04 15:43:57.0362 AllServer 0001 (Session.cs:297) { "_t" : "ActorResponse", "RpcId" : 25, "Error" : 0, "Message" : null }
2020-12-04 15:43:57.0362 AllServer 0001 (Session.cs:150) { "_t" : "ActorResponse", "RpcId" : 25, "Error" : 0, "Message" : null }
2020-12-04 15:43:57.0362 AllServer 0001 (UnitPathComponentSystem.cs:45) find result: (10.664216, 0, -9.398951),(20.833483, 0.13524106, -13.695168),
2020-12-04 15:43:57.0393 AllServer 0001 (Session.cs:297) { "_t" : "M2C_PathfindingResult", "ActorId" : NumberLong(10747905), "_id" : NumberLong("9162471032685330433"), "X" : 10.811294555664062, "Y" : 0.0, "Z" : -9.4619836807250977, "Xs" : [20.83348274230957], "Ys" : [0.1352410614490509], "Zs" : [-13.695167541503906] }
2020-12-04 15:43:57.0393 AllServer 0001 (Session.cs:150) { "_t" : "M2C_PathfindingResult", "ActorId" : NumberLong(10747905), "_id" : NumberLong("9162471032685330433"), "X" : 10.811294555664062, "Y" : 0.0, "Z" : -9.4619836807250977, "Xs" : [20.83348274230957], "Ys" : [0.1352410614490509], "Zs" : [-13.695167541503906] }
2020-12-04 15:43:57.0393 AllServer 0001 (Session.cs:297) { "_t" : "M2C_PathfindingResult", "ActorId" : NumberLong(0), "_id" : NumberLong("9162471032685330433"), "X" : 10.811294555664062, "Y" : 0.0, "Z" : -9.4619836807250977, "Xs" : [20.83348274230957], "Ys" : [0.1352410614490509], "Zs" : [-13.695167541503906] }
2020-12-04 15:43:57.0393 AllServer 0001 (Session.cs:150) { "_t" : "C2M_TestActorRequest", "RpcId" : 14, "ActorId" : NumberLong(0), "Info" : "actor rpc request" }
2020-12-04 15:43:57.0393 AllServer 0001 (Session.cs:297) { "_t" : "C2M_TestActorRequest", "RpcId" : 26, "ActorId" : NumberLong(11796481), "Info" : "actor rpc request" }
2020-12-04 15:43:57.0393 AllServer 0001 (Session.cs:150) { "_t" : "C2M_TestActorRequest", "RpcId" : 26, "ActorId" : NumberLong(11796481), "Info" : "actor rpc request" }
2020-12-04 15:43:57.0393 AllServer 0001 (Session.cs:297) { "_t" : "M2C_TestActorResponse", "RpcId" : 26, "Error" : 0, "Message" : "", "Info" : "actor rpc response" }
2020-12-04 15:43:57.0393 AllServer 0001 (Session.cs:150) { "_t" : "M2C_TestActorResponse", "RpcId" : 26, "Error" : 0, "Message" : "", "Info" : "actor rpc response" }
2020-12-04 15:43:57.0393 AllServer 0001 (Session.cs:297) { "_t" : "M2C_TestActorResponse", "RpcId" : 14, "Error" : 0, "Message" : "", "Info" : "actor rpc response" }
2020-12-04 15:43:57.2958 AllServer 0001 (Session.cs:150) { "_t" : "Frame_ClickMap", "RpcId" : 0, "ActorId" : NumberLong(0), "_id" : NumberLong(0), "X" : 20.830644607543945, "Y" : 0.010000000707805157, "Z" : -13.695167541503906 }
2020-12-04 15:43:57.2958 AllServer 0001 (Session.cs:297) { "_t" : "Frame_ClickMap", "RpcId" : 27, "ActorId" : NumberLong(11796481), "_id" : NumberLong(0), "X" : 20.830644607543945, "Y" : 0.010000000707805157, "Z" : -13.695167541503906 }
2020-12-04 15:43:57.2958 AllServer 0001 (Session.cs:150) { "_t" : "Frame_ClickMap", "RpcId" : 27, "ActorId" : NumberLong(11796481), "_id" : NumberLong(0), "X" : 20.830644607543945, "Y" : 0.010000000707805157, "Z" : -13.695167541503906 }
2020-12-04 15:43:57.2958 AllServer 0001 (Session.cs:297) { "_t" : "ActorResponse", "RpcId" : 27, "Error" : 0, "Message" : null }
2020-12-04 15:43:57.2958 AllServer 0001 (Session.cs:150) { "_t" : "ActorResponse", "RpcId" : 27, "Error" : 0, "Message" : null }
2020-12-04 15:43:57.2958 AllServer 0001 (Session.cs:150) { "_t" : "C2M_TestActorRequest", "RpcId" : 15, "ActorId" : NumberLong(0), "Info" : "actor rpc request" }
2020-12-04 15:43:57.2958 AllServer 0001 (Session.cs:297) { "_t" : "C2M_TestActorRequest", "RpcId" : 28, "ActorId" : NumberLong(11796481), "Info" : "actor rpc request" }
2020-12-04 15:43:57.2958 AllServer 0001 (Session.cs:150) { "_t" : "C2M_TestActorRequest", "RpcId" : 28, "ActorId" : NumberLong(11796481), "Info" : "actor rpc request" }
2020-12-04 15:43:57.2958 AllServer 0001 (Session.cs:297) { "_t" : "M2C_TestActorResponse", "RpcId" : 28, "Error" : 0, "Message" : "", "Info" : "actor rpc response" }
2020-12-04 15:43:57.2958 AllServer 0001 (Session.cs:150) { "_t" : "M2C_TestActorResponse", "RpcId" : 28, "Error" : 0, "Message" : "", "Info" : "actor rpc response" }
2020-12-04 15:43:57.2958 AllServer 0001 (Session.cs:297) { "_t" : "M2C_TestActorResponse", "RpcId" : 15, "Error" : 0, "Message" : "", "Info" : "actor rpc response" }
2020-12-04 15:43:57.8853 AllServer 0001 (Session.cs:150) { "_t" : "Frame_ClickMap", "RpcId" : 0, "ActorId" : NumberLong(0), "_id" : NumberLong(0), "X" : 22.909231185913086, "Y" : 0.010000000707805157, "Z" : -13.542148590087891 }
2020-12-04 15:43:57.8853 AllServer 0001 (Session.cs:297) { "_t" : "Frame_ClickMap", "RpcId" : 29, "ActorId" : NumberLong(11796481), "_id" : NumberLong(0), "X" : 22.909231185913086, "Y" : 0.010000000707805157, "Z" : -13.542148590087891 }
2020-12-04 15:43:57.8853 AllServer 0001 (Session.cs:150) { "_t" : "Frame_ClickMap", "RpcId" : 29, "ActorId" : NumberLong(11796481), "_id" : NumberLong(0), "X" : 22.909231185913086, "Y" : 0.010000000707805157, "Z" : -13.542148590087891 }
2020-12-04 15:43:57.8853 AllServer 0001 (Session.cs:297) { "_t" : "ActorResponse", "RpcId" : 29, "Error" : 0, "Message" : null }
2020-12-04 15:43:57.8853 AllServer 0001 (Session.cs:150) { "_t" : "ActorResponse", "RpcId" : 29, "Error" : 0, "Message" : null }
2020-12-04 15:43:57.8853 AllServer 0001 (UnitPathComponentSystem.cs:45) find result: (14.532768, 0, -11.033865),(22.911003, 0.08815062, -13.542149),
2020-12-04 15:43:57.8853 AllServer 0001 (Session.cs:297) { "_t" : "M2C_PathfindingResult", "ActorId" : NumberLong(10747905), "_id" : NumberLong("9162471032685330433"), "X" : 14.712394714355469, "Y" : 0.052642084658145905, "Z" : -11.109734535217285, "Xs" : [22.911003112792969], "Ys" : [0.088150620460510254], "Zs" : [-13.542148590087891] }
2020-12-04 15:43:57.8853 AllServer 0001 (Session.cs:150) { "_t" : "M2C_PathfindingResult", "ActorId" : NumberLong(10747905), "_id" : NumberLong("9162471032685330433"), "X" : 14.712394714355469, "Y" : 0.052642084658145905, "Z" : -11.109734535217285, "Xs" : [22.911003112792969], "Ys" : [0.088150620460510254], "Zs" : [-13.542148590087891] }
2020-12-04 15:43:57.8853 AllServer 0001 (Session.cs:297) { "_t" : "M2C_PathfindingResult", "ActorId" : NumberLong(0), "_id" : NumberLong("9162471032685330433"), "X" : 14.712394714355469, "Y" : 0.052642084658145905, "Z" : -11.109734535217285, "Xs" : [22.911003112792969], "Ys" : [0.088150620460510254], "Zs" : [-13.542148590087891] }
2020-12-04 15:43:57.8853 AllServer 0001 (Session.cs:150) { "_t" : "C2M_TestActorRequest", "RpcId" : 16, "ActorId" : NumberLong(0), "Info" : "actor rpc request" }
2020-12-04 15:43:57.8853 AllServer 0001 (Session.cs:297) { "_t" : "C2M_TestActorRequest", "RpcId" : 30, "ActorId" : NumberLong(11796481), "Info" : "actor rpc request" }
2020-12-04 15:43:57.8853 AllServer 0001 (Session.cs:150) { "_t" : "C2M_TestActorRequest", "RpcId" : 30, "ActorId" : NumberLong(11796481), "Info" : "actor rpc request" }
2020-12-04 15:43:57.8853 AllServer 0001 (Session.cs:297) { "_t" : "M2C_TestActorResponse", "RpcId" : 30, "Error" : 0, "Message" : "", "Info" : "actor rpc response" }
2020-12-04 15:43:57.8853 AllServer 0001 (Session.cs:150) { "_t" : "M2C_TestActorResponse", "RpcId" : 30, "Error" : 0, "Message" : "", "Info" : "actor rpc response" }
2020-12-04 15:43:57.8853 AllServer 0001 (Session.cs:297) { "_t" : "M2C_TestActorResponse", "RpcId" : 16, "Error" : 0, "Message" : "", "Info" : "actor rpc response" }
2020-12-04 15:43:58.1894 AllServer 0001 (Session.cs:150) { "_t" : "Frame_ClickMap", "RpcId" : 0, "ActorId" : NumberLong(0), "_id" : NumberLong(0), "X" : 23.554046630859375, "Y" : 0.010000000707805157, "Z" : -14.150569915771484 }
2020-12-04 15:43:58.1894 AllServer 0001 (Session.cs:297) { "_t" : "Frame_ClickMap", "RpcId" : 31, "ActorId" : NumberLong(11796481), "_id" : NumberLong(0), "X" : 23.554046630859375, "Y" : 0.010000000707805157, "Z" : -14.150569915771484 }
2020-12-04 15:43:58.1894 AllServer 0001 (Session.cs:150) { "_t" : "Frame_ClickMap", "RpcId" : 31, "ActorId" : NumberLong(11796481), "_id" : NumberLong(0), "X" : 23.554046630859375, "Y" : 0.010000000707805157, "Z" : -14.150569915771484 }
2020-12-04 15:43:58.1894 AllServer 0001 (Session.cs:297) { "_t" : "ActorResponse", "RpcId" : 31, "Error" : 0, "Message" : null }
2020-12-04 15:43:58.1894 AllServer 0001 (Session.cs:150) { "_t" : "ActorResponse", "RpcId" : 31, "Error" : 0, "Message" : null }
2020-12-04 15:43:58.1894 AllServer 0001 (UnitPathComponentSystem.cs:45) find result: (15.92061, 0, -11.468196),(23.555485, 0.073542334, -14.15057),
2020-12-04 15:43:58.1894 AllServer 0001 (Session.cs:297) { "_t" : "M2C_PathfindingResult", "ActorId" : NumberLong(10747905), "_id" : NumberLong("9162471032685330433"), "X" : 16.155542373657227, "Y" : 0.058892417699098587, "Z" : -11.537896156311035, "Xs" : [23.555484771728516], "Ys" : [0.073542334139347076], "Zs" : [-14.150569915771484] }
2020-12-04 15:43:58.1894 AllServer 0001 (Session.cs:150) { "_t" : "M2C_PathfindingResult", "ActorId" : NumberLong(10747905), "_id" : NumberLong("9162471032685330433"), "X" : 16.155542373657227, "Y" : 0.058892417699098587, "Z" : -11.537896156311035, "Xs" : [23.555484771728516], "Ys" : [0.073542334139347076], "Zs" : [-14.150569915771484] }
2020-12-04 15:43:58.1894 AllServer 0001 (Session.cs:297) { "_t" : "M2C_PathfindingResult", "ActorId" : NumberLong(0), "_id" : NumberLong("9162471032685330433"), "X" : 16.155542373657227, "Y" : 0.058892417699098587, "Z" : -11.537896156311035, "Xs" : [23.555484771728516], "Ys" : [0.073542334139347076], "Zs" : [-14.150569915771484] }
2020-12-04 15:43:58.1894 AllServer 0001 (Session.cs:150) { "_t" : "C2M_TestActorRequest", "RpcId" : 17, "ActorId" : NumberLong(0), "Info" : "actor rpc request" }
2020-12-04 15:43:58.1894 AllServer 0001 (Session.cs:297) { "_t" : "C2M_TestActorRequest", "RpcId" : 32, "ActorId" : NumberLong(11796481), "Info" : "actor rpc request" }
2020-12-04 15:43:58.1894 AllServer 0001 (Session.cs:150) { "_t" : "C2M_TestActorRequest", "RpcId" : 32, "ActorId" : NumberLong(11796481), "Info" : "actor rpc request" }
2020-12-04 15:43:58.1894 AllServer 0001 (Session.cs:297) { "_t" : "M2C_TestActorResponse", "RpcId" : 32, "Error" : 0, "Message" : "", "Info" : "actor rpc response" }
2020-12-04 15:43:58.1894 AllServer 0001 (Session.cs:150) { "_t" : "M2C_TestActorResponse", "RpcId" : 32, "Error" : 0, "Message" : "", "Info" : "actor rpc response" }
2020-12-04 15:43:58.1949 AllServer 0001 (Session.cs:297) { "_t" : "M2C_TestActorResponse", "RpcId" : 17, "Error" : 0, "Message" : "", "Info" : "actor rpc response" }
2020-12-04 15:43:59.5420 AllServer 0001 (Session.cs:150) { "_t" : "Frame_ClickMap", "RpcId" : 0, "ActorId" : NumberLong(0), "_id" : NumberLong(0), "X" : 8.3880901336669922, "Y" : 1.5985031127929688, "Z" : -13.710884094238281 }
2020-12-04 15:43:59.5420 AllServer 0001 (Session.cs:297) { "_t" : "Frame_ClickMap", "RpcId" : 33, "ActorId" : NumberLong(11796481), "_id" : NumberLong(0), "X" : 8.3880901336669922, "Y" : 1.5985031127929688, "Z" : -13.710884094238281 }
2020-12-04 15:43:59.5420 AllServer 0001 (Session.cs:150) { "_t" : "Frame_ClickMap", "RpcId" : 33, "ActorId" : NumberLong(11796481), "_id" : NumberLong(0), "X" : 8.3880901336669922, "Y" : 1.5985031127929688, "Z" : -13.710884094238281 }
2020-12-04 15:43:59.5420 AllServer 0001 (Session.cs:297) { "_t" : "ActorResponse", "RpcId" : 33, "Error" : 0, "Message" : null }
2020-12-04 15:43:59.5420 AllServer 0001 (Session.cs:150) { "_t" : "ActorResponse", "RpcId" : 33, "Error" : 0, "Message" : null }
2020-12-04 15:43:59.5420 AllServer 0001 (UnitPathComponentSystem.cs:45) find result: (22.334633, 0.101215005, -13.719289),(17.2, 0.24400002, -14.000001),(8.6, 1.5990001, -14.200001),(8.249487, 1.5990001, -13.849487),
2020-12-04 15:43:59.5420 AllServer 0001 (Session.cs:297) { "_t" : "M2C_PathfindingResult", "ActorId" : NumberLong(10747905), "_id" : NumberLong("9162471032685330433"), "X" : 22.527320861816406, "Y" : 0.071506842970848083, "Z" : -13.787559509277344, "Xs" : [17.200000762939453, 8.6000003814697266, 8.2494869232177734], "Ys" : [0.24400001764297485, 1.599000096321106, 1.599000096321106], "Zs" : [-14.000000953674316, -14.200000762939453, -13.8494873046875] }
2020-12-04 15:43:59.5420 AllServer 0001 (Session.cs:150) { "_t" : "M2C_PathfindingResult", "ActorId" : NumberLong(10747905), "_id" : NumberLong("9162471032685330433"), "X" : 22.527320861816406, "Y" : 0.071506842970848083, "Z" : -13.787559509277344, "Xs" : [17.200000762939453, 8.6000003814697266, 8.2494869232177734], "Ys" : [0.24400001764297485, 1.599000096321106, 1.599000096321106], "Zs" : [-14.000000953674316, -14.200000762939453, -13.8494873046875] }
2020-12-04 15:43:59.5420 AllServer 0001 (Session.cs:297) { "_t" : "M2C_PathfindingResult", "ActorId" : NumberLong(0), "_id" : NumberLong("9162471032685330433"), "X" : 22.527320861816406, "Y" : 0.071506842970848083, "Z" : -13.787559509277344, "Xs" : [17.200000762939453, 8.6000003814697266, 8.2494869232177734], "Ys" : [0.24400001764297485, 1.599000096321106, 1.599000096321106], "Zs" : [-14.000000953674316, -14.200000762939453, -13.8494873046875] }
2020-12-04 15:43:59.5420 AllServer 0001 (Session.cs:150) { "_t" : "C2M_TestActorRequest", "RpcId" : 18, "ActorId" : NumberLong(0), "Info" : "actor rpc request" }
2020-12-04 15:43:59.5420 AllServer 0001 (Session.cs:297) { "_t" : "C2M_TestActorRequest", "RpcId" : 34, "ActorId" : NumberLong(11796481), "Info" : "actor rpc request" }
2020-12-04 15:43:59.5420 AllServer 0001 (Session.cs:150) { "_t" : "C2M_TestActorRequest", "RpcId" : 34, "ActorId" : NumberLong(11796481), "Info" : "actor rpc request" }
2020-12-04 15:43:59.5420 AllServer 0001 (Session.cs:297) { "_t" : "M2C_TestActorResponse", "RpcId" : 34, "Error" : 0, "Message" : "", "Info" : "actor rpc response" }
2020-12-04 15:43:59.5420 AllServer 0001 (Session.cs:150) { "_t" : "M2C_TestActorResponse", "RpcId" : 34, "Error" : 0, "Message" : "", "Info" : "actor rpc response" }
2020-12-04 15:43:59.5420 AllServer 0001 (Session.cs:297) { "_t" : "M2C_TestActorResponse", "RpcId" : 18, "Error" : 0, "Message" : "", "Info" : "actor rpc response" }
2020-12-04 15:44:00.2503 AllServer 0001 (Session.cs:150) { "_t" : "Frame_ClickMap", "RpcId" : 0, "ActorId" : NumberLong(0), "_id" : NumberLong(0), "X" : 3.1107537746429443, "Y" : 2.0, "Z" : -15.374019622802734 }
2020-12-04 15:44:00.2503 AllServer 0001 (Session.cs:297) { "_t" : "Frame_ClickMap", "RpcId" : 35, "ActorId" : NumberLong(11796481), "_id" : NumberLong(0), "X" : 3.1107537746429443, "Y" : 2.0, "Z" : -15.374019622802734 }
2020-12-04 15:44:00.2503 AllServer 0001 (Session.cs:150) { "_t" : "Frame_ClickMap", "RpcId" : 35, "ActorId" : NumberLong(11796481), "_id" : NumberLong(0), "X" : 3.1107537746429443, "Y" : 2.0, "Z" : -15.374019622802734 }
2020-12-04 15:44:00.2503 AllServer 0001 (Session.cs:297) { "_t" : "ActorResponse", "RpcId" : 35, "Error" : 0, "Message" : null }
2020-12-04 15:44:00.2503 AllServer 0001 (Session.cs:150) { "_t" : "ActorResponse", "RpcId" : 35, "Error" : 0, "Message" : null }
2020-12-04 15:44:00.2503 AllServer 0001 (UnitPathComponentSystem.cs:45) find result: (19.259108, 0.15925616, -13.918435),(5, 2, -15.200001),(3.1107535, 2, -15.37402),
2020-12-04 15:44:00.2503 AllServer 0001 (Session.cs:297) { "_t" : "M2C_PathfindingResult", "ActorId" : NumberLong(10747905), "_id" : NumberLong("9162471032685330433"), "X" : 18.989101409912109, "Y" : 0.18607078492641449, "Z" : -13.928655624389648, "Xs" : [5.0, 3.1107535362243652], "Ys" : [2.0, 2.0], "Zs" : [-15.200000762939453, -15.374019622802734] }
2020-12-04 15:44:00.2503 AllServer 0001 (Session.cs:150) { "_t" : "M2C_PathfindingResult", "ActorId" : NumberLong(10747905), "_id" : NumberLong("9162471032685330433"), "X" : 18.989101409912109, "Y" : 0.18607078492641449, "Z" : -13.928655624389648, "Xs" : [5.0, 3.1107535362243652], "Ys" : [2.0, 2.0], "Zs" : [-15.200000762939453, -15.374019622802734] }
2020-12-04 15:44:00.2503 AllServer 0001 (Session.cs:297) { "_t" : "M2C_PathfindingResult", "ActorId" : NumberLong(0), "_id" : NumberLong("9162471032685330433"), "X" : 18.989101409912109, "Y" : 0.18607078492641449, "Z" : -13.928655624389648, "Xs" : [5.0, 3.1107535362243652], "Ys" : [2.0, 2.0], "Zs" : [-15.200000762939453, -15.374019622802734] }
2020-12-04 15:44:00.2503 AllServer 0001 (Session.cs:150) { "_t" : "C2M_TestActorRequest", "RpcId" : 19, "ActorId" : NumberLong(0), "Info" : "actor rpc request" }
2020-12-04 15:44:00.2503 AllServer 0001 (Session.cs:297) { "_t" : "C2M_TestActorRequest", "RpcId" : 36, "ActorId" : NumberLong(11796481), "Info" : "actor rpc request" }
2020-12-04 15:44:00.2503 AllServer 0001 (Session.cs:150) { "_t" : "C2M_TestActorRequest", "RpcId" : 36, "ActorId" : NumberLong(11796481), "Info" : "actor rpc request" }
2020-12-04 15:44:00.2503 AllServer 0001 (Session.cs:297) { "_t" : "M2C_TestActorResponse", "RpcId" : 36, "Error" : 0, "Message" : "", "Info" : "actor rpc response" }
2020-12-04 15:44:00.2503 AllServer 0001 (Session.cs:150) { "_t" : "M2C_TestActorResponse", "RpcId" : 36, "Error" : 0, "Message" : "", "Info" : "actor rpc response" }
2020-12-04 15:44:00.2503 AllServer 0001 (Session.cs:297) { "_t" : "M2C_TestActorResponse", "RpcId" : 19, "Error" : 0, "Message" : "", "Info" : "actor rpc response" }
2020-12-04 15:44:00.6287 AllServer 0001 (Session.cs:150) { "_t" : "Frame_ClickMap", "RpcId" : 0, "ActorId" : NumberLong(0), "_id" : NumberLong(0), "X" : 3.015169620513916, "Y" : 2.0, "Z" : -12.654800415039062 }
2020-12-04 15:44:00.6287 AllServer 0001 (Session.cs:297) { "_t" : "Frame_ClickMap", "RpcId" : 37, "ActorId" : NumberLong(11796481), "_id" : NumberLong(0), "X" : 3.015169620513916, "Y" : 2.0, "Z" : -12.654800415039062 }
2020-12-04 15:44:00.6287 AllServer 0001 (Session.cs:150) { "_t" : "Frame_ClickMap", "RpcId" : 37, "ActorId" : NumberLong(11796481), "_id" : NumberLong(0), "X" : 3.015169620513916, "Y" : 2.0, "Z" : -12.654800415039062 }
2020-12-04 15:44:00.6287 AllServer 0001 (Session.cs:297) { "_t" : "ActorResponse", "RpcId" : 37, "Error" : 0, "Message" : null }
2020-12-04 15:44:00.6287 AllServer 0001 (Session.cs:150) { "_t" : "ActorResponse", "RpcId" : 37, "Error" : 0, "Message" : null }
2020-12-04 15:44:00.6287 AllServer 0001 (UnitPathComponentSystem.cs:45) find result: (17.239002, 0.24139999, -14.086676),(8.6, 1.5990001, -14.200001),(3.0151696, 2, -12.6548),
2020-12-04 15:44:00.6287 AllServer 0001 (Session.cs:297) { "_t" : "M2C_PathfindingResult", "ActorId" : NumberLong(10747905), "_id" : NumberLong("9162471032685330433"), "X" : 17.131792068481445, "Y" : 0.42690318822860718, "Z" : -14.097450256347656, "Xs" : [8.6000003814697266, 3.015169620513916], "Ys" : [1.599000096321106, 2.0], "Zs" : [-14.200000762939453, -12.654800415039062] }
2020-12-04 15:44:00.6322 AllServer 0001 (Session.cs:150) { "_t" : "M2C_PathfindingResult", "ActorId" : NumberLong(10747905), "_id" : NumberLong("9162471032685330433"), "X" : 17.131792068481445, "Y" : 0.42690318822860718, "Z" : -14.097450256347656, "Xs" : [8.6000003814697266, 3.015169620513916], "Ys" : [1.599000096321106, 2.0], "Zs" : [-14.200000762939453, -12.654800415039062] }
2020-12-04 15:44:00.6322 AllServer 0001 (Session.cs:297) { "_t" : "M2C_PathfindingResult", "ActorId" : NumberLong(0), "_id" : NumberLong("9162471032685330433"), "X" : 17.131792068481445, "Y" : 0.42690318822860718, "Z" : -14.097450256347656, "Xs" : [8.6000003814697266, 3.015169620513916], "Ys" : [1.599000096321106, 2.0], "Zs" : [-14.200000762939453, -12.654800415039062] }
2020-12-04 15:44:00.6322 AllServer 0001 (Session.cs:150) { "_t" : "C2M_TestActorRequest", "RpcId" : 20, "ActorId" : NumberLong(0), "Info" : "actor rpc request" }
2020-12-04 15:44:00.6322 AllServer 0001 (Session.cs:297) { "_t" : "C2M_TestActorRequest", "RpcId" : 38, "ActorId" : NumberLong(11796481), "Info" : "actor rpc request" }
2020-12-04 15:44:00.6322 AllServer 0001 (Session.cs:150) { "_t" : "C2M_TestActorRequest", "RpcId" : 38, "ActorId" : NumberLong(11796481), "Info" : "actor rpc request" }
2020-12-04 15:44:00.6322 AllServer 0001 (Session.cs:297) { "_t" : "M2C_TestActorResponse", "RpcId" : 38, "Error" : 0, "Message" : "", "Info" : "actor rpc response" }
2020-12-04 15:44:00.6322 AllServer 0001 (Session.cs:150) { "_t" : "M2C_TestActorResponse", "RpcId" : 38, "Error" : 0, "Message" : "", "Info" : "actor rpc response" }
2020-12-04 15:44:00.6322 AllServer 0001 (Session.cs:297) { "_t" : "M2C_TestActorResponse", "RpcId" : 20, "Error" : 0, "Message" : "", "Info" : "actor rpc response" }
2020-12-04 15:44:03.4673 AllServer 0001 (Session.cs:150) { "_t" : "Frame_ClickMap", "RpcId" : 0, "ActorId" : NumberLong(0), "_id" : NumberLong(0), "X" : 3.6922726631164551, "Y" : 2.0, "Z" : -20.438686370849609 }
2020-12-04 15:44:03.4673 AllServer 0001 (Session.cs:297) { "_t" : "Frame_ClickMap", "RpcId" : 39, "ActorId" : NumberLong(11796481), "_id" : NumberLong(0), "X" : 3.6922726631164551, "Y" : 2.0, "Z" : -20.438686370849609 }
2020-12-04 15:44:03.4673 AllServer 0001 (Session.cs:150) { "_t" : "Frame_ClickMap", "RpcId" : 39, "ActorId" : NumberLong(11796481), "_id" : NumberLong(0), "X" : 3.6922726631164551, "Y" : 2.0, "Z" : -20.438686370849609 }
2020-12-04 15:44:03.4673 AllServer 0001 (Session.cs:297) { "_t" : "ActorResponse", "RpcId" : 39, "Error" : 0, "Message" : null }
2020-12-04 15:44:03.4673 AllServer 0001 (Session.cs:150) { "_t" : "ActorResponse", "RpcId" : 39, "Error" : 0, "Message" : null }
2020-12-04 15:44:03.4673 AllServer 0001 (UnitPathComponentSystem.cs:45) find result: (3.5058265, 2, -12.790554),(3.6922727, 2, -20.438686),
2020-12-04 15:44:03.4673 AllServer 0001 (Session.cs:297) { "_t" : "M2C_PathfindingResult", "ActorId" : NumberLong(10747905), "_id" : NumberLong("9162471032685330433"), "X" : 3.260498046875, "Y" : 1.9823850393295288, "Z" : -12.722677230834961, "Xs" : [3.6922726631164551], "Ys" : [2.0], "Zs" : [-20.438686370849609] }
2020-12-04 15:44:03.4673 AllServer 0001 (Session.cs:150) { "_t" : "M2C_PathfindingResult", "ActorId" : NumberLong(10747905), "_id" : NumberLong("9162471032685330433"), "X" : 3.260498046875, "Y" : 1.9823850393295288, "Z" : -12.722677230834961, "Xs" : [3.6922726631164551], "Ys" : [2.0], "Zs" : [-20.438686370849609] }
2020-12-04 15:44:03.4673 AllServer 0001 (Session.cs:297) { "_t" : "M2C_PathfindingResult", "ActorId" : NumberLong(0), "_id" : NumberLong("9162471032685330433"), "X" : 3.260498046875, "Y" : 1.9823850393295288, "Z" : -12.722677230834961, "Xs" : [3.6922726631164551], "Ys" : [2.0], "Zs" : [-20.438686370849609] }
2020-12-04 15:44:03.4673 AllServer 0001 (Session.cs:150) { "_t" : "C2M_TestActorRequest", "RpcId" : 21, "ActorId" : NumberLong(0), "Info" : "actor rpc request" }
2020-12-04 15:44:03.4673 AllServer 0001 (Session.cs:297) { "_t" : "C2M_TestActorRequest", "RpcId" : 40, "ActorId" : NumberLong(11796481), "Info" : "actor rpc request" }
2020-12-04 15:44:03.4673 AllServer 0001 (Session.cs:150) { "_t" : "C2M_TestActorRequest", "RpcId" : 40, "ActorId" : NumberLong(11796481), "Info" : "actor rpc request" }
2020-12-04 15:44:03.4673 AllServer 0001 (Session.cs:297) { "_t" : "M2C_TestActorResponse", "RpcId" : 40, "Error" : 0, "Message" : "", "Info" : "actor rpc response" }
2020-12-04 15:44:03.4673 AllServer 0001 (Session.cs:150) { "_t" : "M2C_TestActorResponse", "RpcId" : 40, "Error" : 0, "Message" : "", "Info" : "actor rpc response" }
2020-12-04 15:44:03.4673 AllServer 0001 (Session.cs:297) { "_t" : "M2C_TestActorResponse", "RpcId" : 21, "Error" : 0, "Message" : "", "Info" : "actor rpc response" }
2020-12-04 15:44:04.4484 AllServer 0001 (Session.cs:150) { "_t" : "Frame_ClickMap", "RpcId" : 0, "ActorId" : NumberLong(0), "_id" : NumberLong(0), "X" : 7.8518614768981934, "Y" : 2.0, "Z" : -21.461540222167969 }
2020-12-04 15:44:04.4484 AllServer 0001 (Session.cs:297) { "_t" : "Frame_ClickMap", "RpcId" : 41, "ActorId" : NumberLong(11796481), "_id" : NumberLong(0), "X" : 7.8518614768981934, "Y" : 2.0, "Z" : -21.461540222167969 }
2020-12-04 15:44:04.4484 AllServer 0001 (Session.cs:150) { "_t" : "Frame_ClickMap", "RpcId" : 41, "ActorId" : NumberLong(11796481), "_id" : NumberLong(0), "X" : 7.8518614768981934, "Y" : 2.0, "Z" : -21.461540222167969 }
2020-12-04 15:44:04.4484 AllServer 0001 (Session.cs:297) { "_t" : "ActorResponse", "RpcId" : 41, "Error" : 0, "Message" : null }
2020-12-04 15:44:04.4484 AllServer 0001 (Session.cs:150) { "_t" : "ActorResponse", "RpcId" : 41, "Error" : 0, "Message" : null }
2020-12-04 15:44:04.4484 AllServer 0001 (UnitPathComponentSystem.cs:45) find result: (3.5273879, 2, -17.492119),(4.2000003, 2, -19.2),(5, 2, -20),(7.8518615, 2, -21.2),
2020-12-04 15:44:04.4484 AllServer 0001 (Session.cs:297) { "_t" : "M2C_PathfindingResult", "ActorId" : NumberLong(10747905), "_id" : NumberLong("9162471032685330433"), "X" : 3.5340950489044189, "Y" : 1.9935468435287476, "Z" : -17.611980438232422, "Xs" : [4.2000002861022949, 5.0, 7.8518614768981934], "Ys" : [2.0, 2.0, 2.0], "Zs" : [-19.200000762939453, -20.0, -21.200000762939453] }
2020-12-04 15:44:04.4484 AllServer 0001 (Session.cs:150) { "_t" : "M2C_PathfindingResult", "ActorId" : NumberLong(10747905), "_id" : NumberLong("9162471032685330433"), "X" : 3.5340950489044189, "Y" : 1.9935468435287476, "Z" : -17.611980438232422, "Xs" : [4.2000002861022949, 5.0, 7.8518614768981934], "Ys" : [2.0, 2.0, 2.0], "Zs" : [-19.200000762939453, -20.0, -21.200000762939453] }
2020-12-04 15:44:04.4484 AllServer 0001 (Session.cs:297) { "_t" : "M2C_PathfindingResult", "ActorId" : NumberLong(0), "_id" : NumberLong("9162471032685330433"), "X" : 3.5340950489044189, "Y" : 1.9935468435287476, "Z" : -17.611980438232422, "Xs" : [4.2000002861022949, 5.0, 7.8518614768981934], "Ys" : [2.0, 2.0, 2.0], "Zs" : [-19.200000762939453, -20.0, -21.200000762939453] }
2020-12-04 15:44:04.4484 AllServer 0001 (Session.cs:150) { "_t" : "C2M_TestActorRequest", "RpcId" : 22, "ActorId" : NumberLong(0), "Info" : "actor rpc request" }
2020-12-04 15:44:04.4484 AllServer 0001 (Session.cs:297) { "_t" : "C2M_TestActorRequest", "RpcId" : 42, "ActorId" : NumberLong(11796481), "Info" : "actor rpc request" }
2020-12-04 15:44:04.4484 AllServer 0001 (Session.cs:150) { "_t" : "C2M_TestActorRequest", "RpcId" : 42, "ActorId" : NumberLong(11796481), "Info" : "actor rpc request" }
2020-12-04 15:44:04.4484 AllServer 0001 (Session.cs:297) { "_t" : "M2C_TestActorResponse", "RpcId" : 42, "Error" : 0, "Message" : "", "Info" : "actor rpc response" }
2020-12-04 15:44:04.4484 AllServer 0001 (Session.cs:150) { "_t" : "M2C_TestActorResponse", "RpcId" : 42, "Error" : 0, "Message" : "", "Info" : "actor rpc response" }
2020-12-04 15:44:04.4484 AllServer 0001 (Session.cs:297) { "_t" : "M2C_TestActorResponse", "RpcId" : 22, "Error" : 0, "Message" : "", "Info" : "actor rpc response" }
2020-12-04 15:44:05.0076 AllServer 0001 (Session.cs:150) { "_t" : "Frame_ClickMap", "RpcId" : 0, "ActorId" : NumberLong(0), "_id" : NumberLong(0), "X" : 9.2657070159912109, "Y" : 2.0, "Z" : -21.815006256103516 }
2020-12-04 15:44:05.0076 AllServer 0001 (Session.cs:297) { "_t" : "Frame_ClickMap", "RpcId" : 43, "ActorId" : NumberLong(11796481), "_id" : NumberLong(0), "X" : 9.2657070159912109, "Y" : 2.0, "Z" : -21.815006256103516 }
2020-12-04 15:44:05.0076 AllServer 0001 (Session.cs:150) { "_t" : "Frame_ClickMap", "RpcId" : 43, "ActorId" : NumberLong(11796481), "_id" : NumberLong(0), "X" : 9.2657070159912109, "Y" : 2.0, "Z" : -21.815006256103516 }
2020-12-04 15:44:05.0076 AllServer 0001 (Session.cs:297) { "_t" : "ActorResponse", "RpcId" : 43, "Error" : 0, "Message" : null }
2020-12-04 15:44:05.0076 AllServer 0001 (Session.cs:150) { "_t" : "ActorResponse", "RpcId" : 43, "Error" : 0, "Message" : null }
2020-12-04 15:44:05.0076 AllServer 0001 (UnitPathComponentSystem.cs:45) find result: (4.9150443, 2, -19.915045),(5, 2, -20),(8.200001, 2, -21.2),(9.265707, 2, -21.815006),
2020-12-04 15:44:05.0076 AllServer 0001 (Session.cs:297) { "_t" : "M2C_PathfindingResult", "ActorId" : NumberLong(10747905), "_id" : NumberLong("9162471032685330433"), "X" : 4.9327435493469238, "Y" : 2.0, "Z" : -19.932743072509766, "Xs" : [5.0, 8.2000007629394531, 9.2657070159912109], "Ys" : [2.0, 2.0, 2.0], "Zs" : [-20.0, -21.200000762939453, -21.815006256103516] }
2020-12-04 15:44:05.0076 AllServer 0001 (Session.cs:150) { "_t" : "M2C_PathfindingResult", "ActorId" : NumberLong(10747905), "_id" : NumberLong("9162471032685330433"), "X" : 4.9327435493469238, "Y" : 2.0, "Z" : -19.932743072509766, "Xs" : [5.0, 8.2000007629394531, 9.2657070159912109], "Ys" : [2.0, 2.0, 2.0], "Zs" : [-20.0, -21.200000762939453, -21.815006256103516] }
2020-12-04 15:44:05.0076 AllServer 0001 (Session.cs:297) { "_t" : "M2C_PathfindingResult", "ActorId" : NumberLong(0), "_id" : NumberLong("9162471032685330433"), "X" : 4.9327435493469238, "Y" : 2.0, "Z" : -19.932743072509766, "Xs" : [5.0, 8.2000007629394531, 9.2657070159912109], "Ys" : [2.0, 2.0, 2.0], "Zs" : [-20.0, -21.200000762939453, -21.815006256103516] }
2020-12-04 15:44:05.0076 AllServer 0001 (Session.cs:150) { "_t" : "C2M_TestActorRequest", "RpcId" : 23, "ActorId" : NumberLong(0), "Info" : "actor rpc request" }
2020-12-04 15:44:05.0076 AllServer 0001 (Session.cs:297) { "_t" : "C2M_TestActorRequest", "RpcId" : 44, "ActorId" : NumberLong(11796481), "Info" : "actor rpc request" }
2020-12-04 15:44:05.0076 AllServer 0001 (Session.cs:150) { "_t" : "C2M_TestActorRequest", "RpcId" : 44, "ActorId" : NumberLong(11796481), "Info" : "actor rpc request" }
2020-12-04 15:44:05.0076 AllServer 0001 (Session.cs:297) { "_t" : "M2C_TestActorResponse", "RpcId" : 44, "Error" : 0, "Message" : "", "Info" : "actor rpc response" }
2020-12-04 15:44:05.0076 AllServer 0001 (Session.cs:150) { "_t" : "M2C_TestActorResponse", "RpcId" : 44, "Error" : 0, "Message" : "", "Info" : "actor rpc response" }
2020-12-04 15:44:05.0076 AllServer 0001 (Session.cs:297) { "_t" : "M2C_TestActorResponse", "RpcId" : 23, "Error" : 0, "Message" : "", "Info" : "actor rpc response" }
2020-12-04 15:44:05.5098 AllServer 0001 (Session.cs:150) { "_t" : "Frame_ClickMap", "RpcId" : 0, "ActorId" : NumberLong(0), "_id" : NumberLong(0), "X" : 8.6080818176269531, "Y" : 2.2956485748291016, "Z" : -24.844192504882812 }
2020-12-04 15:44:05.5098 AllServer 0001 (Session.cs:297) { "_t" : "Frame_ClickMap", "RpcId" : 45, "ActorId" : NumberLong(11796481), "_id" : NumberLong(0), "X" : 8.6080818176269531, "Y" : 2.2956485748291016, "Z" : -24.844192504882812 }
2020-12-04 15:44:05.5098 AllServer 0001 (Session.cs:150) { "_t" : "Frame_ClickMap", "RpcId" : 45, "ActorId" : NumberLong(11796481), "_id" : NumberLong(0), "X" : 8.6080818176269531, "Y" : 2.2956485748291016, "Z" : -24.844192504882812 }
2020-12-04 15:44:05.5098 AllServer 0001 (Session.cs:297) { "_t" : "ActorResponse", "RpcId" : 45, "Error" : 0, "Message" : null }
2020-12-04 15:44:05.5098 AllServer 0001 (Session.cs:150) { "_t" : "ActorResponse", "RpcId" : 45, "Error" : 0, "Message" : null }
2020-12-04 15:44:05.5098 AllServer 0001 (UnitPathComponentSystem.cs:45) find result: (7.0564604, 2, -20.75646),(8.200001, 2, -21.2),(9, 2, -22.000002),(9, 2.296, -23.2),(8.615925, 2.1843603, -24.844193),
2020-12-04 15:44:05.5098 AllServer 0001 (Session.cs:297) { "_t" : "M2C_PathfindingResult", "ActorId" : NumberLong(10747905), "_id" : NumberLong("9162471032685330433"), "X" : 7.2711658477783203, "Y" : 2.0, "Z" : -20.839736938476562, "Xs" : [8.2000007629394531, 9.0, 9.0], "Ys" : [2.0, 2.0, 2.2960000038146973], "Zs" : [-21.200000762939453, -22.000001907348633, -23.200000762939453] }
2020-12-04 15:44:05.5098 AllServer 0001 (Session.cs:150) { "_t" : "M2C_PathfindingResult", "ActorId" : NumberLong(10747905), "_id" : NumberLong("9162471032685330433"), "X" : 7.2711658477783203, "Y" : 2.0, "Z" : -20.839736938476562, "Xs" : [8.2000007629394531, 9.0, 9.0], "Ys" : [2.0, 2.0, 2.2960000038146973], "Zs" : [-21.200000762939453, -22.000001907348633, -23.200000762939453] }
2020-12-04 15:44:05.5098 AllServer 0001 (Session.cs:297) { "_t" : "M2C_PathfindingResult", "ActorId" : NumberLong(0), "_id" : NumberLong("9162471032685330433"), "X" : 7.2711658477783203, "Y" : 2.0, "Z" : -20.839736938476562, "Xs" : [8.2000007629394531, 9.0, 9.0], "Ys" : [2.0, 2.0, 2.2960000038146973], "Zs" : [-21.200000762939453, -22.000001907348633, -23.200000762939453] }
2020-12-04 15:44:05.5098 AllServer 0001 (Session.cs:150) { "_t" : "C2M_TestActorRequest", "RpcId" : 24, "ActorId" : NumberLong(0), "Info" : "actor rpc request" }
2020-12-04 15:44:05.5098 AllServer 0001 (Session.cs:297) { "_t" : "C2M_TestActorRequest", "RpcId" : 46, "ActorId" : NumberLong(11796481), "Info" : "actor rpc request" }
2020-12-04 15:44:05.5098 AllServer 0001 (Session.cs:150) { "_t" : "C2M_TestActorRequest", "RpcId" : 46, "ActorId" : NumberLong(11796481), "Info" : "actor rpc request" }
2020-12-04 15:44:05.5098 AllServer 0001 (Session.cs:297) { "_t" : "M2C_TestActorResponse", "RpcId" : 46, "Error" : 0, "Message" : "", "Info" : "actor rpc response" }
2020-12-04 15:44:05.5098 AllServer 0001 (Session.cs:150) { "_t" : "M2C_TestActorResponse", "RpcId" : 46, "Error" : 0, "Message" : "", "Info" : "actor rpc response" }
2020-12-04 15:44:05.5098 AllServer 0001 (Session.cs:297) { "_t" : "M2C_TestActorResponse", "RpcId" : 24, "Error" : 0, "Message" : "", "Info" : "actor rpc response" }
2020-12-04 15:44:06.2207 AllServer 0001 (Session.cs:297) { "_t" : "M2C_PathfindingResult", "ActorId" : NumberLong(10747905), "_id" : NumberLong("9162471032685330433"), "X" : 9.0, "Y" : 2.2960000038146973, "Z" : -23.200000762939453, "Xs" : [8.6159248352050781], "Ys" : [2.1843602657318115], "Zs" : [-24.844192504882812] }
2020-12-04 15:44:06.2207 AllServer 0001 (Session.cs:150) { "_t" : "M2C_PathfindingResult", "ActorId" : NumberLong(10747905), "_id" : NumberLong("9162471032685330433"), "X" : 9.0, "Y" : 2.2960000038146973, "Z" : -23.200000762939453, "Xs" : [8.6159248352050781], "Ys" : [2.1843602657318115], "Zs" : [-24.844192504882812] }
2020-12-04 15:44:06.2207 AllServer 0001 (Session.cs:297) { "_t" : "M2C_PathfindingResult", "ActorId" : NumberLong(0), "_id" : NumberLong("9162471032685330433"), "X" : 9.0, "Y" : 2.2960000038146973, "Z" : -23.200000762939453, "Xs" : [8.6159248352050781], "Ys" : [2.1843602657318115], "Zs" : [-24.844192504882812] }
2020-12-04 15:44:06.7607 AllServer 0001 (Session.cs:150) { "_t" : "Frame_ClickMap", "RpcId" : 0, "ActorId" : NumberLong(0), "_id" : NumberLong(0), "X" : 13.472707748413086, "Y" : 2.0, "Z" : -27.337358474731445 }
2020-12-04 15:44:06.7607 AllServer 0001 (Session.cs:297) { "_t" : "Frame_ClickMap", "RpcId" : 47, "ActorId" : NumberLong(11796481), "_id" : NumberLong(0), "X" : 13.472707748413086, "Y" : 2.0, "Z" : -27.337358474731445 }
2020-12-04 15:44:06.7607 AllServer 0001 (Session.cs:150) { "_t" : "Frame_ClickMap", "RpcId" : 47, "ActorId" : NumberLong(11796481), "_id" : NumberLong(0), "X" : 13.472707748413086, "Y" : 2.0, "Z" : -27.337358474731445 }
2020-12-04 15:44:06.7607 AllServer 0001 (Session.cs:297) { "_t" : "ActorResponse", "RpcId" : 47, "Error" : 0, "Message" : null }
2020-12-04 15:44:06.7607 AllServer 0001 (Session.cs:150) { "_t" : "ActorResponse", "RpcId" : 47, "Error" : 0, "Message" : null }
2020-12-04 15:44:06.7607 AllServer 0001 (UnitPathComponentSystem.cs:45) find result: (8.615925, 2.1843605, -24.844193),(11.000001, 2, -27.000002),(13.200001, 2, -27.337358),
2020-12-04 15:44:06.7607 AllServer 0001 (Session.cs:297) { "_t" : "M2C_PathfindingResult", "ActorId" : NumberLong(10747905), "_id" : NumberLong("9162471032685330433"), "X" : 8.6159248352050781, "Y" : 2.1843602657318115, "Z" : -24.844192504882812, "Xs" : [11.000000953674316, 13.200000762939453], "Ys" : [2.0, 2.0], "Zs" : [-27.000001907348633, -27.337358474731445] }
2020-12-04 15:44:06.7607 AllServer 0001 (Session.cs:150) { "_t" : "M2C_PathfindingResult", "ActorId" : NumberLong(10747905), "_id" : NumberLong("9162471032685330433"), "X" : 8.6159248352050781, "Y" : 2.1843602657318115, "Z" : -24.844192504882812, "Xs" : [11.000000953674316, 13.200000762939453], "Ys" : [2.0, 2.0], "Zs" : [-27.000001907348633, -27.337358474731445] }
2020-12-04 15:44:06.7607 AllServer 0001 (Session.cs:297) { "_t" : "M2C_PathfindingResult", "ActorId" : NumberLong(0), "_id" : NumberLong("9162471032685330433"), "X" : 8.6159248352050781, "Y" : 2.1843602657318115, "Z" : -24.844192504882812, "Xs" : [11.000000953674316, 13.200000762939453], "Ys" : [2.0, 2.0], "Zs" : [-27.000001907348633, -27.337358474731445] }
2020-12-04 15:44:06.7607 AllServer 0001 (Session.cs:150) { "_t" : "C2M_TestActorRequest", "RpcId" : 25, "ActorId" : NumberLong(0), "Info" : "actor rpc request" }
2020-12-04 15:44:06.7607 AllServer 0001 (Session.cs:297) { "_t" : "C2M_TestActorRequest", "RpcId" : 48, "ActorId" : NumberLong(11796481), "Info" : "actor rpc request" }
2020-12-04 15:44:06.7607 AllServer 0001 (Session.cs:150) { "_t" : "C2M_TestActorRequest", "RpcId" : 48, "ActorId" : NumberLong(11796481), "Info" : "actor rpc request" }
2020-12-04 15:44:06.7607 AllServer 0001 (Session.cs:297) { "_t" : "M2C_TestActorResponse", "RpcId" : 48, "Error" : 0, "Message" : "", "Info" : "actor rpc response" }
2020-12-04 15:44:06.7607 AllServer 0001 (Session.cs:150) { "_t" : "M2C_TestActorResponse", "RpcId" : 48, "Error" : 0, "Message" : "", "Info" : "actor rpc response" }
2020-12-04 15:44:06.7607 AllServer 0001 (Session.cs:297) { "_t" : "M2C_TestActorResponse", "RpcId" : 25, "Error" : 0, "Message" : "", "Info" : "actor rpc response" }
2020-12-04 15:44:07.2830 AllServer 0001 (Session.cs:150) { "_t" : "Frame_ClickMap", "RpcId" : 0, "ActorId" : NumberLong(0), "_id" : NumberLong(0), "X" : 5.7667255401611328, "Y" : 2.0, "Z" : -28.82012939453125 }
2020-12-04 15:44:07.2830 AllServer 0001 (Session.cs:297) { "_t" : "Frame_ClickMap", "RpcId" : 49, "ActorId" : NumberLong(11796481), "_id" : NumberLong(0), "X" : 5.7667255401611328, "Y" : 2.0, "Z" : -28.82012939453125 }
2020-12-04 15:44:07.2830 AllServer 0001 (Session.cs:150) { "_t" : "Frame_ClickMap", "RpcId" : 49, "ActorId" : NumberLong(11796481), "_id" : NumberLong(0), "X" : 5.7667255401611328, "Y" : 2.0, "Z" : -28.82012939453125 }
2020-12-04 15:44:07.2830 AllServer 0001 (Session.cs:297) { "_t" : "ActorResponse", "RpcId" : 49, "Error" : 0, "Message" : null }
2020-12-04 15:44:07.2830 AllServer 0001 (Session.cs:150) { "_t" : "ActorResponse", "RpcId" : 49, "Error" : 0, "Message" : null }
2020-12-04 15:44:07.2830 AllServer 0001 (UnitPathComponentSystem.cs:45) find result: (10.488584, 2.164446, -26.568947),(6.0000005, 2, -28.000002),
2020-12-04 15:44:07.2830 AllServer 0001 (Session.cs:297) { "_t" : "M2C_PathfindingResult", "ActorId" : NumberLong(10747905), "_id" : NumberLong("9162471032685330433"), "X" : 10.551364898681641, "Y" : 2.0346930027008057, "Z" : -26.594320297241211, "Xs" : [6.0000004768371582], "Ys" : [2.0], "Zs" : [-28.000001907348633] }
2020-12-04 15:44:07.2830 AllServer 0001 (Session.cs:150) { "_t" : "M2C_PathfindingResult", "ActorId" : NumberLong(10747905), "_id" : NumberLong("9162471032685330433"), "X" : 10.551364898681641, "Y" : 2.0346930027008057, "Z" : -26.594320297241211, "Xs" : [6.0000004768371582], "Ys" : [2.0], "Zs" : [-28.000001907348633] }
2020-12-04 15:44:07.2830 AllServer 0001 (Session.cs:297) { "_t" : "M2C_PathfindingResult", "ActorId" : NumberLong(0), "_id" : NumberLong("9162471032685330433"), "X" : 10.551364898681641, "Y" : 2.0346930027008057, "Z" : -26.594320297241211, "Xs" : [6.0000004768371582], "Ys" : [2.0], "Zs" : [-28.000001907348633] }
2020-12-04 15:44:07.2830 AllServer 0001 (Session.cs:150) { "_t" : "C2M_TestActorRequest", "RpcId" : 26, "ActorId" : NumberLong(0), "Info" : "actor rpc request" }
2020-12-04 15:44:07.2830 AllServer 0001 (Session.cs:297) { "_t" : "C2M_TestActorRequest", "RpcId" : 50, "ActorId" : NumberLong(11796481), "Info" : "actor rpc request" }
2020-12-04 15:44:07.2830 AllServer 0001 (Session.cs:150) { "_t" : "C2M_TestActorRequest", "RpcId" : 50, "ActorId" : NumberLong(11796481), "Info" : "actor rpc request" }
2020-12-04 15:44:07.2830 AllServer 0001 (Session.cs:297) { "_t" : "M2C_TestActorResponse", "RpcId" : 50, "Error" : 0, "Message" : "", "Info" : "actor rpc response" }
2020-12-04 15:44:07.2830 AllServer 0001 (Session.cs:150) { "_t" : "M2C_TestActorResponse", "RpcId" : 50, "Error" : 0, "Message" : "", "Info" : "actor rpc response" }
2020-12-04 15:44:07.2888 AllServer 0001 (Session.cs:297) { "_t" : "M2C_TestActorResponse", "RpcId" : 26, "Error" : 0, "Message" : "", "Info" : "actor rpc response" }
2020-12-04 15:44:07.8817 AllServer 0001 (Session.cs:150) { "_t" : "Frame_ClickMap", "RpcId" : 0, "ActorId" : NumberLong(0), "_id" : NumberLong(0), "X" : 10.564447402954102, "Y" : 2.0, "Z" : -22.048591613769531 }
2020-12-04 15:44:07.8817 AllServer 0001 (Session.cs:297) { "_t" : "Frame_ClickMap", "RpcId" : 51, "ActorId" : NumberLong(11796481), "_id" : NumberLong(0), "X" : 10.564447402954102, "Y" : 2.0, "Z" : -22.048591613769531 }
2020-12-04 15:44:07.8824 AllServer 0001 (Session.cs:150) { "_t" : "Frame_ClickMap", "RpcId" : 51, "ActorId" : NumberLong(11796481), "_id" : NumberLong(0), "X" : 10.564447402954102, "Y" : 2.0, "Z" : -22.048591613769531 }
2020-12-04 15:44:07.8824 AllServer 0001 (Session.cs:297) { "_t" : "ActorResponse", "RpcId" : 51, "Error" : 0, "Message" : null }
2020-12-04 15:44:07.8824 AllServer 0001 (Session.cs:150) { "_t" : "ActorResponse", "RpcId" : 51, "Error" : 0, "Message" : null }
2020-12-04 15:44:07.8824 AllServer 0001 (UnitPathComponentSystem.cs:45) find result: (7.915122, 2.0597177, -27.4233),(10.200001, 2, -22.000002),(10.357929, 2, -21.842073),
2020-12-04 15:44:07.8824 AllServer 0001 (Session.cs:297) { "_t" : "M2C_PathfindingResult", "ActorId" : NumberLong(10747905), "_id" : NumberLong("9162471032685330433"), "X" : 7.6972007751464844, "Y" : 2.012937068939209, "Z" : -27.475824356079102, "Xs" : [10.200000762939453, 10.357929229736328], "Ys" : [2.0, 2.0], "Zs" : [-22.000001907348633, -21.842073440551758] }
2020-12-04 15:44:07.8824 AllServer 0001 (Session.cs:150) { "_t" : "M2C_PathfindingResult", "ActorId" : NumberLong(10747905), "_id" : NumberLong("9162471032685330433"), "X" : 7.6972007751464844, "Y" : 2.012937068939209, "Z" : -27.475824356079102, "Xs" : [10.200000762939453, 10.357929229736328], "Ys" : [2.0, 2.0], "Zs" : [-22.000001907348633, -21.842073440551758] }
2020-12-04 15:44:07.8824 AllServer 0001 (Session.cs:297) { "_t" : "M2C_PathfindingResult", "ActorId" : NumberLong(0), "_id" : NumberLong("9162471032685330433"), "X" : 7.6972007751464844, "Y" : 2.012937068939209, "Z" : -27.475824356079102, "Xs" : [10.200000762939453, 10.357929229736328], "Ys" : [2.0, 2.0], "Zs" : [-22.000001907348633, -21.842073440551758] }
2020-12-04 15:44:07.8824 AllServer 0001 (Session.cs:150) { "_t" : "C2M_TestActorRequest", "RpcId" : 27, "ActorId" : NumberLong(0), "Info" : "actor rpc request" }
2020-12-04 15:44:07.8824 AllServer 0001 (Session.cs:297) { "_t" : "C2M_TestActorRequest", "RpcId" : 52, "ActorId" : NumberLong(11796481), "Info" : "actor rpc request" }
2020-12-04 15:44:07.8824 AllServer 0001 (Session.cs:150) { "_t" : "C2M_TestActorRequest", "RpcId" : 52, "ActorId" : NumberLong(11796481), "Info" : "actor rpc request" }
2020-12-04 15:44:07.8824 AllServer 0001 (Session.cs:297) { "_t" : "M2C_TestActorResponse", "RpcId" : 52, "Error" : 0, "Message" : "", "Info" : "actor rpc response" }
2020-12-04 15:44:07.8824 AllServer 0001 (Session.cs:150) { "_t" : "M2C_TestActorResponse", "RpcId" : 52, "Error" : 0, "Message" : "", "Info" : "actor rpc response" }
2020-12-04 15:44:07.8824 AllServer 0001 (Session.cs:297) { "_t" : "M2C_TestActorResponse", "RpcId" : 27, "Error" : 0, "Message" : "", "Info" : "actor rpc response" }
2020-12-04 15:44:08.9203 AllServer 0001 (Session.cs:150) { "_t" : "Frame_ClickMap", "RpcId" : 0, "ActorId" : NumberLong(0), "_id" : NumberLong(0), "X" : 2.5288026332855225, "Y" : 2.0, "Z" : -17.302909851074219 }
2020-12-04 15:44:08.9203 AllServer 0001 (Session.cs:297) { "_t" : "Frame_ClickMap", "RpcId" : 53, "ActorId" : NumberLong(11796481), "_id" : NumberLong(0), "X" : 2.5288026332855225, "Y" : 2.0, "Z" : -17.302909851074219 }
2020-12-04 15:44:08.9203 AllServer 0001 (Session.cs:150) { "_t" : "Frame_ClickMap", "RpcId" : 53, "ActorId" : NumberLong(11796481), "_id" : NumberLong(0), "X" : 2.5288026332855225, "Y" : 2.0, "Z" : -17.302909851074219 }
2020-12-04 15:44:08.9203 AllServer 0001 (Session.cs:297) { "_t" : "ActorResponse", "RpcId" : 53, "Error" : 0, "Message" : null }
2020-12-04 15:44:08.9203 AllServer 0001 (Session.cs:150) { "_t" : "ActorResponse", "RpcId" : 53, "Error" : 0, "Message" : null }
2020-12-04 15:44:08.9203 AllServer 0001 (UnitPathComponentSystem.cs:45) find result: (9.81149, 2.1555235, -22.872494),(9, 2, -22.000002),(8.200001, 2, -21.2),(5, 2, -20),(4.2000003, 2, -19.2),(3.0000002, 2, -17.30291),
2020-12-04 15:44:08.9203 AllServer 0001 (Session.cs:297) { "_t" : "M2C_PathfindingResult", "ActorId" : NumberLong(10747905), "_id" : NumberLong("9162471032685330433"), "X" : 9.8549308776855469, "Y" : 2.0017836093902588, "Z" : -22.754974365234375, "Xs" : [9.0, 8.2000007629394531, 5.0], "Ys" : [2.0, 2.0, 2.0], "Zs" : [-22.000001907348633, -21.200000762939453, -20.0] }
2020-12-04 15:44:08.9203 AllServer 0001 (Session.cs:150) { "_t" : "M2C_PathfindingResult", "ActorId" : NumberLong(10747905), "_id" : NumberLong("9162471032685330433"), "X" : 9.8549308776855469, "Y" : 2.0017836093902588, "Z" : -22.754974365234375, "Xs" : [9.0, 8.2000007629394531, 5.0], "Ys" : [2.0, 2.0, 2.0], "Zs" : [-22.000001907348633, -21.200000762939453, -20.0] }
2020-12-04 15:44:08.9203 AllServer 0001 (Session.cs:297) { "_t" : "M2C_PathfindingResult", "ActorId" : NumberLong(0), "_id" : NumberLong("9162471032685330433"), "X" : 9.8549308776855469, "Y" : 2.0017836093902588, "Z" : -22.754974365234375, "Xs" : [9.0, 8.2000007629394531, 5.0], "Ys" : [2.0, 2.0, 2.0], "Zs" : [-22.000001907348633, -21.200000762939453, -20.0] }
2020-12-04 15:44:08.9203 AllServer 0001 (Session.cs:150) { "_t" : "C2M_TestActorRequest", "RpcId" : 28, "ActorId" : NumberLong(0), "Info" : "actor rpc request" }
2020-12-04 15:44:08.9203 AllServer 0001 (Session.cs:297) { "_t" : "C2M_TestActorRequest", "RpcId" : 54, "ActorId" : NumberLong(11796481), "Info" : "actor rpc request" }
2020-12-04 15:44:08.9203 AllServer 0001 (Session.cs:150) { "_t" : "C2M_TestActorRequest", "RpcId" : 54, "ActorId" : NumberLong(11796481), "Info" : "actor rpc request" }
2020-12-04 15:44:08.9203 AllServer 0001 (Session.cs:297) { "_t" : "M2C_TestActorResponse", "RpcId" : 54, "Error" : 0, "Message" : "", "Info" : "actor rpc response" }
2020-12-04 15:44:08.9203 AllServer 0001 (Session.cs:150) { "_t" : "M2C_TestActorResponse", "RpcId" : 54, "Error" : 0, "Message" : "", "Info" : "actor rpc response" }
2020-12-04 15:44:08.9203 AllServer 0001 (Session.cs:297) { "_t" : "M2C_TestActorResponse", "RpcId" : 28, "Error" : 0, "Message" : "", "Info" : "actor rpc response" }
2020-12-04 15:44:09.4922 AllServer 0001 (Session.cs:150) { "_t" : "Frame_ClickMap", "RpcId" : 0, "ActorId" : NumberLong(0), "_id" : NumberLong(0), "X" : 10.655983924865723, "Y" : 1.3999996185302734, "Z" : -14.271774291992188 }
2020-12-04 15:44:09.4922 AllServer 0001 (Session.cs:297) { "_t" : "Frame_ClickMap", "RpcId" : 55, "ActorId" : NumberLong(11796481), "_id" : NumberLong(0), "X" : 10.655983924865723, "Y" : 1.3999996185302734, "Z" : -14.271774291992188 }
2020-12-04 15:44:09.4922 AllServer 0001 (Session.cs:150) { "_t" : "Frame_ClickMap", "RpcId" : 55, "ActorId" : NumberLong(11796481), "_id" : NumberLong(0), "X" : 10.655983924865723, "Y" : 1.3999996185302734, "Z" : -14.271774291992188 }
2020-12-04 15:44:09.4922 AllServer 0001 (Session.cs:297) { "_t" : "ActorResponse", "RpcId" : 55, "Error" : 0, "Message" : null }
2020-12-04 15:44:09.4922 AllServer 0001 (Session.cs:150) { "_t" : "ActorResponse", "RpcId" : 55, "Error" : 0, "Message" : null }
2020-12-04 15:44:09.4922 AllServer 0001 (UnitPathComponentSystem.cs:45) find result: (7.946999, 2, -21.105125),(5, 2, -20),(4.2000003, 2, -19.2),(4.2000003, 2, -17.2),(4.2000003, 2, -16),(5, 2, -15.200001),(10.642423, 1.2726041, -14.2740345),
2020-12-04 15:44:09.4922 AllServer 0001 (Session.cs:297) { "_t" : "M2C_PathfindingResult", "ActorId" : NumberLong(10747905), "_id" : NumberLong("9162471032685330433"), "X" : 7.8954620361328125, "Y" : 2.0, "Z" : -21.085798263549805, "Xs" : [5.0, 4.2000002861022949, 4.2000002861022949], "Ys" : [2.0, 2.0, 2.0], "Zs" : [-20.0, -19.200000762939453, -17.200000762939453] }
2020-12-04 15:44:09.4922 AllServer 0001 (Session.cs:150) { "_t" : "M2C_PathfindingResult", "ActorId" : NumberLong(10747905), "_id" : NumberLong("9162471032685330433"), "X" : 7.8954620361328125, "Y" : 2.0, "Z" : -21.085798263549805, "Xs" : [5.0, 4.2000002861022949, 4.2000002861022949], "Ys" : [2.0, 2.0, 2.0], "Zs" : [-20.0, -19.200000762939453, -17.200000762939453] }
2020-12-04 15:44:09.4922 AllServer 0001 (Session.cs:297) { "_t" : "M2C_PathfindingResult", "ActorId" : NumberLong(0), "_id" : NumberLong("9162471032685330433"), "X" : 7.8954620361328125, "Y" : 2.0, "Z" : -21.085798263549805, "Xs" : [5.0, 4.2000002861022949, 4.2000002861022949], "Ys" : [2.0, 2.0, 2.0], "Zs" : [-20.0, -19.200000762939453, -17.200000762939453] }
2020-12-04 15:44:09.4922 AllServer 0001 (Session.cs:150) { "_t" : "C2M_TestActorRequest", "RpcId" : 29, "ActorId" : NumberLong(0), "Info" : "actor rpc request" }
2020-12-04 15:44:09.4922 AllServer 0001 (Session.cs:297) { "_t" : "C2M_TestActorRequest", "RpcId" : 56, "ActorId" : NumberLong(11796481), "Info" : "actor rpc request" }
2020-12-04 15:44:09.4922 AllServer 0001 (Session.cs:150) { "_t" : "C2M_TestActorRequest", "RpcId" : 56, "ActorId" : NumberLong(11796481), "Info" : "actor rpc request" }
2020-12-04 15:44:09.4922 AllServer 0001 (Session.cs:297) { "_t" : "M2C_TestActorResponse", "RpcId" : 56, "Error" : 0, "Message" : "", "Info" : "actor rpc response" }
2020-12-04 15:44:09.4922 AllServer 0001 (Session.cs:150) { "_t" : "M2C_TestActorResponse", "RpcId" : 56, "Error" : 0, "Message" : "", "Info" : "actor rpc response" }
2020-12-04 15:44:09.4922 AllServer 0001 (Session.cs:297) { "_t" : "M2C_TestActorResponse", "RpcId" : 29, "Error" : 0, "Message" : "", "Info" : "actor rpc response" }
2020-12-04 15:44:10.7571 AllServer 0001 (Session.cs:297) { "_t" : "M2C_PathfindingResult", "ActorId" : NumberLong(10747905), "_id" : NumberLong("9162471032685330433"), "X" : 4.2000002861022949, "Y" : 2.0, "Z" : -17.200000762939453, "Xs" : [4.2000002861022949, 5.0, 10.642422676086426], "Ys" : [2.0, 2.0, 1.2726041078567505], "Zs" : [-16.0, -15.200000762939453, -14.27403450012207] }
2020-12-04 15:44:10.7571 AllServer 0001 (Session.cs:150) { "_t" : "M2C_PathfindingResult", "ActorId" : NumberLong(10747905), "_id" : NumberLong("9162471032685330433"), "X" : 4.2000002861022949, "Y" : 2.0, "Z" : -17.200000762939453, "Xs" : [4.2000002861022949, 5.0, 10.642422676086426], "Ys" : [2.0, 2.0, 1.2726041078567505], "Zs" : [-16.0, -15.200000762939453, -14.27403450012207] }
2020-12-04 15:44:10.7571 AllServer 0001 (Session.cs:297) { "_t" : "M2C_PathfindingResult", "ActorId" : NumberLong(0), "_id" : NumberLong("9162471032685330433"), "X" : 4.2000002861022949, "Y" : 2.0, "Z" : -17.200000762939453, "Xs" : [4.2000002861022949, 5.0, 10.642422676086426], "Ys" : [2.0, 2.0, 1.2726041078567505], "Zs" : [-16.0, -15.200000762939453, -14.27403450012207] }
2020-12-04 15:44:11.1102 AllServer 0001 (Session.cs:150) { "_t" : "Frame_ClickMap", "RpcId" : 0, "ActorId" : NumberLong(0), "_id" : NumberLong(0), "X" : -6.0123910903930664, "Y" : 2.0, "Z" : -11.492551803588867 }
2020-12-04 15:44:11.1102 AllServer 0001 (Session.cs:297) { "_t" : "Frame_ClickMap", "RpcId" : 57, "ActorId" : NumberLong(11796481), "_id" : NumberLong(0), "X" : -6.0123910903930664, "Y" : 2.0, "Z" : -11.492551803588867 }
2020-12-04 15:44:11.1102 AllServer 0001 (Session.cs:150) { "_t" : "Frame_ClickMap", "RpcId" : 57, "ActorId" : NumberLong(11796481), "_id" : NumberLong(0), "X" : -6.0123910903930664, "Y" : 2.0, "Z" : -11.492551803588867 }
2020-12-04 15:44:11.1102 AllServer 0001 (Session.cs:297) { "_t" : "ActorResponse", "RpcId" : 57, "Error" : 0, "Message" : null }
2020-12-04 15:44:11.1102 AllServer 0001 (Session.cs:150) { "_t" : "ActorResponse", "RpcId" : 57, "Error" : 0, "Message" : null }
2020-12-04 15:44:11.1102 AllServer 0001 (UnitPathComponentSystem.cs:45) find result: (4.3769913, 2, -15.8230095),(3.0000002, 2, -13.000001),(2.2, 2, -12.200001),(-6.012392, 2, -11.492552),
2020-12-04 15:44:11.1102 AllServer 0001 (Session.cs:297) { "_t" : "M2C_PathfindingResult", "ActorId" : NumberLong(10747905), "_id" : NumberLong("9162471032685330433"), "X" : 4.5575222969055176, "Y" : 2.0, "Z" : -15.642477989196777, "Xs" : [3.0000002384185791, 2.2000000476837158, -6.0123920440673828], "Ys" : [2.0, 2.0, 2.0], "Zs" : [-13.000000953674316, -12.200000762939453, -11.492551803588867] }
2020-12-04 15:44:11.1102 AllServer 0001 (Session.cs:150) { "_t" : "M2C_PathfindingResult", "ActorId" : NumberLong(10747905), "_id" : NumberLong("9162471032685330433"), "X" : 4.5575222969055176, "Y" : 2.0, "Z" : -15.642477989196777, "Xs" : [3.0000002384185791, 2.2000000476837158, -6.0123920440673828], "Ys" : [2.0, 2.0, 2.0], "Zs" : [-13.000000953674316, -12.200000762939453, -11.492551803588867] }
2020-12-04 15:44:11.1102 AllServer 0001 (Session.cs:297) { "_t" : "M2C_PathfindingResult", "ActorId" : NumberLong(0), "_id" : NumberLong("9162471032685330433"), "X" : 4.5575222969055176, "Y" : 2.0, "Z" : -15.642477989196777, "Xs" : [3.0000002384185791, 2.2000000476837158, -6.0123920440673828], "Ys" : [2.0, 2.0, 2.0], "Zs" : [-13.000000953674316, -12.200000762939453, -11.492551803588867] }
2020-12-04 15:44:11.1102 AllServer 0001 (Session.cs:150) { "_t" : "C2M_TestActorRequest", "RpcId" : 30, "ActorId" : NumberLong(0), "Info" : "actor rpc request" }
2020-12-04 15:44:11.1102 AllServer 0001 (Session.cs:297) { "_t" : "C2M_TestActorRequest", "RpcId" : 58, "ActorId" : NumberLong(11796481), "Info" : "actor rpc request" }
2020-12-04 15:44:11.1102 AllServer 0001 (Session.cs:150) { "_t" : "C2M_TestActorRequest", "RpcId" : 58, "ActorId" : NumberLong(11796481), "Info" : "actor rpc request" }
2020-12-04 15:44:11.1102 AllServer 0001 (Session.cs:297) { "_t" : "M2C_TestActorResponse", "RpcId" : 58, "Error" : 0, "Message" : "", "Info" : "actor rpc response" }
2020-12-04 15:44:11.1102 AllServer 0001 (Session.cs:150) { "_t" : "M2C_TestActorResponse", "RpcId" : 58, "Error" : 0, "Message" : "", "Info" : "actor rpc response" }
2020-12-04 15:44:11.1102 AllServer 0001 (Session.cs:297) { "_t" : "M2C_TestActorResponse", "RpcId" : 30, "Error" : 0, "Message" : "", "Info" : "actor rpc response" }
2020-12-04 15:44:13.3934 AllServer 0001 (Session.cs:297) { "_t" : "G2M_SessionDisconnect", "RpcId" : 59, "ActorId" : NumberLong(11796481) }
2020-12-04 15:44:13.3934 AllServer 0001 (Session.cs:150) { "_t" : "G2M_SessionDisconnect", "RpcId" : 59, "ActorId" : NumberLong(11796481) }
2020-12-04 15:44:13.3934 AllServer 0001 (Session.cs:297) { "_t" : "ActorResponse", "RpcId" : 59, "Error" : 0, "Message" : null }
2020-12-04 15:44:13.3934 AllServer 0001 (Session.cs:150) { "_t" : "ActorResponse", "RpcId" : 59, "Error" : 0, "Message" : null }
