2020-12-14 20:37:12.1672 AllServer 0001 (Program.cs:36) server start........................ 1 AllServer
2020-12-14 20:37:12.2311 AllServer 0001 (Program.cs:88) allserver
2020-12-14 20:37:12.4521 AllServer 0001 (HttpComponent.cs:59) http://*:8080/
2020-12-14 20:37:20.3654 AllServer 0001 (Player.cs:33) 0
2020-12-14 20:41:19.2293 AllServer 0001 (Program.cs:36) server start........................ 1 AllServer
2020-12-14 20:41:19.2860 AllServer 0001 (Program.cs:88) allserver
2020-12-14 20:41:19.4886 AllServer 0001 (HttpComponent.cs:59) http://*:8080/
2020-12-14 20:43:12.3577 AllServer 0001 (Program.cs:36) server start........................ 1 AllServer
2020-12-14 20:43:12.4207 AllServer 0001 (Program.cs:88) allserver
2020-12-14 20:43:12.6431 AllServer 0001 (HttpComponent.cs:59) http://*:8080/
2020-12-14 20:46:03.8433 AllServer 0001 (Program.cs:36) server start........................ 1 AllServer
2020-12-14 20:46:03.9084 AllServer 0001 (Program.cs:88) allserver
2020-12-14 20:46:04.1231 AllServer 0001 (HttpComponent.cs:59) http://*:8080/
2020-12-14 20:46:15.1557 AllServer 0001 (C2G_LoginGateHandler.cs:19) session id:19922945
2020-12-14 20:57:24.5924 AllServer 0001 (Program.cs:36) server start........................ 1 AllServer
2020-12-14 20:57:24.6608 AllServer 0001 (Program.cs:88) allserver
2020-12-14 20:57:37.7546 AllServer 0001 (Program.cs:36) server start........................ 1 AllServer
2020-12-14 20:57:37.8202 AllServer 0001 (Program.cs:88) allserver
2020-12-14 20:57:38.0427 AllServer 0001 (HttpComponent.cs:59) http://*:8080/
2020-12-14 20:57:53.7503 AllServer 0001 (C2G_LoginGateHandler.cs:19) session id:19922945
2020-12-14 20:57:54.2576 AllServer 0001 (Player.cs:33) 0
2020-12-14 20:57:54.2576 AllServer 0001 (Player.cs:35) :account
2020-12-14 20:58:31.5108 AllServer 0001 (Program.cs:36) server start........................ 1 AllServer
2020-12-14 20:58:31.6603 AllServer 0001 (Program.cs:88) allserver
2020-12-14 20:58:32.0422 AllServer 0001 (HttpComponent.cs:59) http://*:8080/
2020-12-14 20:59:03.2376 AllServer 0001 (C2G_LoginGateHandler.cs:19) session id:19922945
2020-12-14 20:59:03.7509 AllServer 0001 (Player.cs:33) 0
2020-12-14 20:59:23.3764 AllServer 0001 (Player.cs:35) :account
2020-12-14 21:01:32.1586 AllServer 0001 (Program.cs:36) server start........................ 1 AllServer
2020-12-14 21:01:32.2358 AllServer 0001 (Program.cs:88) allserver
2020-12-14 21:01:32.4808 AllServer 0001 (HttpComponent.cs:59) http://*:8080/
2020-12-14 21:01:41.1585 AllServer 0001 (C2G_LoginGateHandler.cs:19) session id:19922945
2020-12-14 21:01:41.6678 AllServer 0001 (Player.cs:35) 0
2020-12-14 21:01:41.6678 AllServer 0001 (Player.cs:37) :account
2020-12-14 21:02:07.7119 AllServer 0001 (Program.cs:36) server start........................ 1 AllServer
2020-12-14 21:02:07.7834 AllServer 0001 (Program.cs:88) allserver
2020-12-14 21:02:08.0259 AllServer 0001 (HttpComponent.cs:59) http://*:8080/
2020-12-14 21:02:11.8994 AllServer 0001 (C2G_LoginGateHandler.cs:19) session id:19922945
2020-12-14 21:02:12.4084 AllServer 0001 (Player.cs:35) 19922945
2020-12-14 21:02:12.4084 AllServer 0001 (Player.cs:37) :account
