2020-12-14 20:37:12.4552 AllServer 0001 (HttpComponent.cs:149) add handler[ETHotfix.HttpTest.Login] path /Login
2020-12-14 20:37:12.4552 AllServer 0001 (HttpComponent.cs:149) add handler[ETHotfix.HttpTest.Test] path /t
2020-12-14 20:37:12.4552 AllServer 0001 (HttpComponent.cs:165) add handler[ETHotfix.HttpTest.Test1] path /Test1
2020-12-14 20:37:12.4552 AllServer 0001 (HttpComponent.cs:149) add handler[ETHotfix.HttpTest.Test2] path /Test2
2020-12-14 20:37:12.4552 AllServer 0001 (HttpComponent.cs:149) add handler[ETHotfix.HttpTest.GetRechargeRecord] path /GetRechargeRecord
2020-12-14 20:37:19.7473 AllServer 0001 (Session.cs:150) { "_t" : "C2R_Login", "RpcId" : 1, "Account" : "testtest", "Password" : "111111" }
2020-12-14 20:37:19.7565 AllServer 0001 (Session.cs:297) { "_t" : "R2G_GetLoginKey", "RpcId" : 1, "Account" : "testtest" }
2020-12-14 20:37:19.7675 AllServer 0001 (Session.cs:150) { "_t" : "R2G_GetLoginKey", "RpcId" : 1, "Account" : "testtest" }
2020-12-14 20:37:19.7675 AllServer 0001 (Session.cs:297) { "_t" : "G2R_GetLoginKey", "RpcId" : 1, "Error" : 0, "Message" : null, "Key" : NumberLong("1492711284794583960") }
2020-12-14 20:37:19.7675 AllServer 0001 (Session.cs:150) { "_t" : "G2R_GetLoginKey", "RpcId" : 1, "Error" : 0, "Message" : null, "Key" : NumberLong("1492711284794583960") }
2020-12-14 20:37:19.7850 AllServer 0001 (Session.cs:297) { "_t" : "R2C_Login", "RpcId" : 1, "Error" : 0, "Message" : "", "Address" : "127.0.0.1:10002", "Key" : NumberLong("1492711284794583960") }
2020-12-14 20:37:19.8588 AllServer 0001 (Session.cs:150) { "_t" : "C2G_LoginGate", "RpcId" : 2, "Key" : NumberLong("1492711284794583960") }
2020-12-14 20:37:19.8588 AllServer 0001 (Session.cs:297) { "_t" : "G2C_LoginGate", "RpcId" : 2, "Error" : 0, "Message" : "", "PlayerId" : NumberLong(20185089) }
2020-12-14 20:37:19.8588 AllServer 0001 (Session.cs:297) { "_t" : "G2C_TestHotfixMessage", "Info" : "recv hotfix message success" }
2020-12-14 20:37:19.8924 AllServer 0001 (Session.cs:150) { "_t" : "C2G_PlayerInfo", "RpcId" : 3 }
2020-12-14 20:37:19.9080 AllServer 0001 (Session.cs:297) { "_t" : "G2C_PlayerInfo", "RpcId" : 3, "Error" : 0, "Message" : "", "PlayerInfo" : { "RpcId" : 0 }, "PlayerInfos" : [{ "RpcId" : 1 }, { "RpcId" : 2 }, { "RpcId" : 3 }], "TestRepeatedString" : ["9", "10"], "TestRepeatedInt32" : [4, 5, 6], "TestRepeatedInt64" : [NumberLong(7), NumberLong(8)] }
2020-12-14 20:41:19.4886 AllServer 0001 (HttpComponent.cs:149) add handler[ETHotfix.HttpTest.Login] path /Login
2020-12-14 20:41:19.4886 AllServer 0001 (HttpComponent.cs:149) add handler[ETHotfix.HttpTest.Test] path /t
2020-12-14 20:41:19.4886 AllServer 0001 (HttpComponent.cs:165) add handler[ETHotfix.HttpTest.Test1] path /Test1
2020-12-14 20:41:19.4886 AllServer 0001 (HttpComponent.cs:149) add handler[ETHotfix.HttpTest.Test2] path /Test2
2020-12-14 20:41:19.5002 AllServer 0001 (HttpComponent.cs:149) add handler[ETHotfix.HttpTest.GetRechargeRecord] path /GetRechargeRecord
2020-12-14 20:41:32.5377 AllServer 0001 (Session.cs:150) { "_t" : "C2R_Login", "RpcId" : 1, "Account" : "testtest", "Password" : "111111" }
2020-12-14 20:41:32.5470 AllServer 0001 (Session.cs:297) { "_t" : "R2G_GetLoginKey", "RpcId" : 1, "Account" : "testtest" }
2020-12-14 20:41:32.5470 AllServer 0001 (Session.cs:150) { "_t" : "R2G_GetLoginKey", "RpcId" : 1, "Account" : "testtest" }
2020-12-14 20:41:32.5656 AllServer 0001 (Session.cs:297) { "_t" : "G2R_GetLoginKey", "RpcId" : 1, "Error" : 0, "Message" : null, "Key" : NumberLong("-2139015532716355105") }
2020-12-14 20:41:32.5656 AllServer 0001 (Session.cs:150) { "_t" : "G2R_GetLoginKey", "RpcId" : 1, "Error" : 0, "Message" : null, "Key" : NumberLong("-2139015532716355105") }
2020-12-14 20:41:32.5656 AllServer 0001 (Session.cs:297) { "_t" : "R2C_Login", "RpcId" : 1, "Error" : 0, "Message" : "", "Address" : "127.0.0.1:10002", "Key" : NumberLong("-2139015532716355105") }
2020-12-14 20:41:32.6154 AllServer 0001 (Session.cs:150) { "_t" : "C2G_LoginGate", "RpcId" : 2, "Key" : NumberLong("-2139015532716355105") }
2020-12-14 20:41:32.6154 AllServer 0001 (Session.cs:297) { "_t" : "G2C_LoginGate", "RpcId" : 2, "Error" : 0, "Message" : "", "PlayerId" : NumberLong(20185089) }
2020-12-14 20:41:32.6154 AllServer 0001 (Session.cs:297) { "_t" : "G2C_TestHotfixMessage", "Info" : "recv hotfix message success" }
2020-12-14 20:41:32.6461 AllServer 0001 (Session.cs:150) { "_t" : "C2G_PlayerInfo", "RpcId" : 3 }
2020-12-14 20:41:32.6589 AllServer 0001 (Session.cs:297) { "_t" : "G2C_PlayerInfo", "RpcId" : 3, "Error" : 0, "Message" : "", "PlayerInfo" : { "RpcId" : 0 }, "PlayerInfos" : [{ "RpcId" : 1 }, { "RpcId" : 2 }, { "RpcId" : 3 }], "TestRepeatedString" : ["9", "10"], "TestRepeatedInt32" : [4, 5, 6], "TestRepeatedInt64" : [NumberLong(7), NumberLong(8)] }
2020-12-14 20:43:12.6431 AllServer 0001 (HttpComponent.cs:149) add handler[ETHotfix.HttpTest.Login] path /Login
2020-12-14 20:43:12.6431 AllServer 0001 (HttpComponent.cs:149) add handler[ETHotfix.HttpTest.Test] path /t
2020-12-14 20:43:12.6431 AllServer 0001 (HttpComponent.cs:165) add handler[ETHotfix.HttpTest.Test1] path /Test1
2020-12-14 20:43:12.6431 AllServer 0001 (HttpComponent.cs:149) add handler[ETHotfix.HttpTest.Test2] path /Test2
2020-12-14 20:43:12.6431 AllServer 0001 (HttpComponent.cs:149) add handler[ETHotfix.HttpTest.GetRechargeRecord] path /GetRechargeRecord
2020-12-14 20:43:25.9868 AllServer 0001 (Session.cs:150) { "_t" : "C2R_Login", "RpcId" : 1, "Account" : "testtest", "Password" : "111111" }
2020-12-14 20:43:25.9868 AllServer 0001 (Session.cs:297) { "_t" : "R2G_GetLoginKey", "RpcId" : 1, "Account" : "testtest" }
2020-12-14 20:43:26.0090 AllServer 0001 (Session.cs:150) { "_t" : "R2G_GetLoginKey", "RpcId" : 1, "Account" : "testtest" }
2020-12-14 20:43:26.0090 AllServer 0001 (Session.cs:297) { "_t" : "G2R_GetLoginKey", "RpcId" : 1, "Error" : 0, "Message" : null, "Key" : NumberLong("-3399291641728021284") }
2020-12-14 20:43:26.0198 AllServer 0001 (Session.cs:150) { "_t" : "G2R_GetLoginKey", "RpcId" : 1, "Error" : 0, "Message" : null, "Key" : NumberLong("-3399291641728021284") }
2020-12-14 20:43:26.0198 AllServer 0001 (Session.cs:297) { "_t" : "R2C_Login", "RpcId" : 1, "Error" : 0, "Message" : "", "Address" : "127.0.0.1:10002", "Key" : NumberLong("-3399291641728021284") }
2020-12-14 20:43:26.0654 AllServer 0001 (Session.cs:150) { "_t" : "C2G_LoginGate", "RpcId" : 2, "Key" : NumberLong("-3399291641728021284") }
2020-12-14 20:43:26.0654 AllServer 0001 (Session.cs:297) { "_t" : "G2C_LoginGate", "RpcId" : 2, "Error" : 0, "Message" : "", "PlayerId" : NumberLong(20185089) }
2020-12-14 20:43:26.0654 AllServer 0001 (Session.cs:297) { "_t" : "G2C_TestHotfixMessage", "Info" : "recv hotfix message success" }
2020-12-14 20:43:26.0969 AllServer 0001 (Session.cs:150) { "_t" : "C2G_PlayerInfo", "RpcId" : 3 }
2020-12-14 20:43:26.0969 AllServer 0001 (Session.cs:297) { "_t" : "G2C_PlayerInfo", "RpcId" : 3, "Error" : 0, "Message" : "", "PlayerInfo" : { "RpcId" : 0 }, "PlayerInfos" : [{ "RpcId" : 1 }, { "RpcId" : 2 }, { "RpcId" : 3 }], "TestRepeatedString" : ["9", "10"], "TestRepeatedInt32" : [4, 5, 6], "TestRepeatedInt64" : [NumberLong(7), NumberLong(8)] }
2020-12-14 20:46:04.1262 AllServer 0001 (HttpComponent.cs:149) add handler[ETHotfix.HttpTest.Login] path /Login
2020-12-14 20:46:04.1262 AllServer 0001 (HttpComponent.cs:149) add handler[ETHotfix.HttpTest.Test] path /t
2020-12-14 20:46:04.1262 AllServer 0001 (HttpComponent.cs:165) add handler[ETHotfix.HttpTest.Test1] path /Test1
2020-12-14 20:46:04.1262 AllServer 0001 (HttpComponent.cs:149) add handler[ETHotfix.HttpTest.Test2] path /Test2
2020-12-14 20:46:04.1262 AllServer 0001 (HttpComponent.cs:149) add handler[ETHotfix.HttpTest.GetRechargeRecord] path /GetRechargeRecord
2020-12-14 20:46:15.0524 AllServer 0001 (Session.cs:150) { "_t" : "C2R_Login", "RpcId" : 1, "Account" : "testtest", "Password" : "111111" }
2020-12-14 20:46:15.0628 AllServer 0001 (Session.cs:297) { "_t" : "R2G_GetLoginKey", "RpcId" : 1, "Account" : "testtest" }
2020-12-14 20:46:15.0777 AllServer 0001 (Session.cs:150) { "_t" : "R2G_GetLoginKey", "RpcId" : 1, "Account" : "testtest" }
2020-12-14 20:46:15.0777 AllServer 0001 (Session.cs:297) { "_t" : "G2R_GetLoginKey", "RpcId" : 1, "Error" : 0, "Message" : null, "Key" : NumberLong("935252641494129503") }
2020-12-14 20:46:15.0777 AllServer 0001 (Session.cs:150) { "_t" : "G2R_GetLoginKey", "RpcId" : 1, "Error" : 0, "Message" : null, "Key" : NumberLong("935252641494129503") }
2020-12-14 20:46:15.1052 AllServer 0001 (Session.cs:297) { "_t" : "R2C_Login", "RpcId" : 1, "Error" : 0, "Message" : "", "Address" : "127.0.0.1:10002", "Key" : NumberLong("935252641494129503") }
2020-12-14 20:46:15.1557 AllServer 0001 (Session.cs:150) { "_t" : "C2G_LoginGate", "RpcId" : 2, "Key" : NumberLong("935252641494129503") }
2020-12-14 20:46:15.1557 AllServer 0001 (Session.cs:297) { "_t" : "G2C_LoginGate", "RpcId" : 2, "Error" : 0, "Message" : "", "PlayerId" : NumberLong(20185089) }
2020-12-14 20:46:15.1557 AllServer 0001 (Session.cs:297) { "_t" : "G2C_TestHotfixMessage", "Info" : "recv hotfix message success1" }
2020-12-14 20:46:15.1977 AllServer 0001 (Session.cs:150) { "_t" : "C2G_PlayerInfo", "RpcId" : 3 }
2020-12-14 20:46:15.2122 AllServer 0001 (Session.cs:297) { "_t" : "G2C_PlayerInfo", "RpcId" : 3, "Error" : 0, "Message" : "", "PlayerInfo" : { "RpcId" : 0 }, "PlayerInfos" : [{ "RpcId" : 1 }, { "RpcId" : 2 }, { "RpcId" : 3 }], "TestRepeatedString" : ["9", "10"], "TestRepeatedInt32" : [4, 5, 6], "TestRepeatedInt64" : [NumberLong(7), NumberLong(8)] }
2020-12-14 20:57:38.0427 AllServer 0001 (HttpComponent.cs:149) add handler[ETHotfix.HttpTest.Login] path /Login
2020-12-14 20:57:38.0499 AllServer 0001 (HttpComponent.cs:149) add handler[ETHotfix.HttpTest.Test] path /t
2020-12-14 20:57:38.0499 AllServer 0001 (HttpComponent.cs:165) add handler[ETHotfix.HttpTest.Test1] path /Test1
2020-12-14 20:57:38.0499 AllServer 0001 (HttpComponent.cs:149) add handler[ETHotfix.HttpTest.Test2] path /Test2
2020-12-14 20:57:38.0499 AllServer 0001 (HttpComponent.cs:149) add handler[ETHotfix.HttpTest.GetRechargeRecord] path /GetRechargeRecord
2020-12-14 20:57:53.6578 AllServer 0001 (Session.cs:150) { "_t" : "C2R_Login", "RpcId" : 1, "Account" : "testtest", "Password" : "111111" }
2020-12-14 20:57:53.6578 AllServer 0001 (Session.cs:297) { "_t" : "R2G_GetLoginKey", "RpcId" : 1, "Account" : "testtest" }
2020-12-14 20:57:53.6820 AllServer 0001 (Session.cs:150) { "_t" : "R2G_GetLoginKey", "RpcId" : 1, "Account" : "testtest" }
2020-12-14 20:57:53.6896 AllServer 0001 (Session.cs:297) { "_t" : "G2R_GetLoginKey", "RpcId" : 1, "Error" : 0, "Message" : null, "Key" : NumberLong("-764957333201073675") }
2020-12-14 20:57:53.6896 AllServer 0001 (Session.cs:150) { "_t" : "G2R_GetLoginKey", "RpcId" : 1, "Error" : 0, "Message" : null, "Key" : NumberLong("-764957333201073675") }
2020-12-14 20:57:53.6896 AllServer 0001 (Session.cs:297) { "_t" : "R2C_Login", "RpcId" : 1, "Error" : 0, "Message" : "", "Address" : "127.0.0.1:10002", "Key" : NumberLong("-764957333201073675") }
2020-12-14 20:57:53.7469 AllServer 0001 (Session.cs:150) { "_t" : "C2G_LoginGate", "RpcId" : 2, "Key" : NumberLong("-764957333201073675") }
2020-12-14 20:57:53.7503 AllServer 0001 (Session.cs:297) { "_t" : "G2C_LoginGate", "RpcId" : 2, "Error" : 0, "Message" : "", "PlayerId" : NumberLong(20185089) }
2020-12-14 20:57:53.7503 AllServer 0001 (Session.cs:297) { "_t" : "G2C_TestHotfixMessage", "Info" : "recv hotfix message success1" }
2020-12-14 20:57:53.7840 AllServer 0001 (Session.cs:150) { "_t" : "C2G_PlayerInfo", "RpcId" : 3 }
2020-12-14 20:57:53.7969 AllServer 0001 (Session.cs:297) { "_t" : "G2C_PlayerInfo", "RpcId" : 3, "Error" : 0, "Message" : "", "PlayerInfo" : { "RpcId" : 0 }, "PlayerInfos" : [{ "RpcId" : 1 }, { "RpcId" : 2 }, { "RpcId" : 3 }], "TestRepeatedString" : ["9", "10"], "TestRepeatedInt32" : [4, 5, 6], "TestRepeatedInt64" : [NumberLong(7), NumberLong(8)] }
2020-12-14 20:58:32.0422 AllServer 0001 (HttpComponent.cs:149) add handler[ETHotfix.HttpTest.Login] path /Login
2020-12-14 20:58:32.0480 AllServer 0001 (HttpComponent.cs:149) add handler[ETHotfix.HttpTest.Test] path /t
2020-12-14 20:58:32.0480 AllServer 0001 (HttpComponent.cs:165) add handler[ETHotfix.HttpTest.Test1] path /Test1
2020-12-14 20:58:32.0480 AllServer 0001 (HttpComponent.cs:149) add handler[ETHotfix.HttpTest.Test2] path /Test2
2020-12-14 20:58:32.0480 AllServer 0001 (HttpComponent.cs:149) add handler[ETHotfix.HttpTest.GetRechargeRecord] path /GetRechargeRecord
2020-12-14 20:58:42.8290 AllServer 0001 (Session.cs:150) { "_t" : "C2R_Login", "RpcId" : 1, "Account" : "testtest", "Password" : "111111" }
2020-12-14 20:58:42.8290 AllServer 0001 (Session.cs:297) { "_t" : "R2G_GetLoginKey", "RpcId" : 1, "Account" : "testtest" }
2020-12-14 20:58:42.8536 AllServer 0001 (Session.cs:150) { "_t" : "R2G_GetLoginKey", "RpcId" : 1, "Account" : "testtest" }
2020-12-14 20:58:42.8593 AllServer 0001 (Session.cs:297) { "_t" : "G2R_GetLoginKey", "RpcId" : 1, "Error" : 0, "Message" : null, "Key" : NumberLong("847807671140107873") }
2020-12-14 20:58:42.8593 AllServer 0001 (Session.cs:150) { "_t" : "G2R_GetLoginKey", "RpcId" : 1, "Error" : 0, "Message" : null, "Key" : NumberLong("847807671140107873") }
2020-12-14 20:58:42.8593 AllServer 0001 (Session.cs:297) { "_t" : "R2C_Login", "RpcId" : 1, "Error" : 0, "Message" : "", "Address" : "127.0.0.1:10002", "Key" : NumberLong("847807671140107873") }
2020-12-14 20:58:42.9124 AllServer 0001 (Session.cs:150) { "_t" : "C2G_LoginGate", "RpcId" : 2, "Key" : NumberLong("847807671140107873") }
2020-12-14 20:59:03.2530 AllServer 0001 (Session.cs:297) { "_t" : "G2C_LoginGate", "RpcId" : 2, "Error" : 0, "Message" : "", "PlayerId" : NumberLong(20185089) }
2020-12-14 20:59:03.2847 AllServer 0001 (Session.cs:297) { "_t" : "G2C_TestHotfixMessage", "Info" : "recv hotfix message success1" }
2020-12-14 20:59:03.3555 AllServer 0001 (Session.cs:150) { "_t" : "C2G_PlayerInfo", "RpcId" : 3 }
2020-12-14 20:59:03.3682 AllServer 0001 (Session.cs:297) { "_t" : "G2C_PlayerInfo", "RpcId" : 3, "Error" : 0, "Message" : "", "PlayerInfo" : { "RpcId" : 0 }, "PlayerInfos" : [{ "RpcId" : 1 }, { "RpcId" : 2 }, { "RpcId" : 3 }], "TestRepeatedString" : ["9", "10"], "TestRepeatedInt32" : [4, 5, 6], "TestRepeatedInt64" : [NumberLong(7), NumberLong(8)] }
2020-12-14 21:01:32.4850 AllServer 0001 (HttpComponent.cs:149) add handler[ETHotfix.HttpTest.Login] path /Login
2020-12-14 21:01:32.4850 AllServer 0001 (HttpComponent.cs:149) add handler[ETHotfix.HttpTest.Test] path /t
2020-12-14 21:01:32.4850 AllServer 0001 (HttpComponent.cs:165) add handler[ETHotfix.HttpTest.Test1] path /Test1
2020-12-14 21:01:32.4850 AllServer 0001 (HttpComponent.cs:149) add handler[ETHotfix.HttpTest.Test2] path /Test2
2020-12-14 21:01:32.4850 AllServer 0001 (HttpComponent.cs:149) add handler[ETHotfix.HttpTest.GetRechargeRecord] path /GetRechargeRecord
2020-12-14 21:01:41.0616 AllServer 0001 (Session.cs:150) { "_t" : "C2R_Login", "RpcId" : 1, "Account" : "testtest", "Password" : "111111" }
2020-12-14 21:01:41.0741 AllServer 0001 (Session.cs:297) { "_t" : "R2G_GetLoginKey", "RpcId" : 1, "Account" : "testtest" }
2020-12-14 21:01:41.0875 AllServer 0001 (Session.cs:150) { "_t" : "R2G_GetLoginKey", "RpcId" : 1, "Account" : "testtest" }
2020-12-14 21:01:41.0937 AllServer 0001 (Session.cs:297) { "_t" : "G2R_GetLoginKey", "RpcId" : 1, "Error" : 0, "Message" : null, "Key" : NumberLong("-5809773579631925958") }
2020-12-14 21:01:41.0937 AllServer 0001 (Session.cs:150) { "_t" : "G2R_GetLoginKey", "RpcId" : 1, "Error" : 0, "Message" : null, "Key" : NumberLong("-5809773579631925958") }
2020-12-14 21:01:41.0937 AllServer 0001 (Session.cs:297) { "_t" : "R2C_Login", "RpcId" : 1, "Error" : 0, "Message" : "", "Address" : "127.0.0.1:10002", "Key" : NumberLong("-5809773579631925958") }
2020-12-14 21:01:41.1585 AllServer 0001 (Session.cs:150) { "_t" : "C2G_LoginGate", "RpcId" : 2, "Key" : NumberLong("-5809773579631925958") }
2020-12-14 21:01:41.1585 AllServer 0001 (Session.cs:297) { "_t" : "G2C_LoginGate", "RpcId" : 2, "Error" : 0, "Message" : "", "PlayerId" : NumberLong(20185089) }
2020-12-14 21:01:41.1727 AllServer 0001 (Session.cs:297) { "_t" : "G2C_TestHotfixMessage", "Info" : "recv hotfix message success1" }
2020-12-14 21:01:41.1937 AllServer 0001 (Session.cs:150) { "_t" : "C2G_PlayerInfo", "RpcId" : 3 }
2020-12-14 21:01:41.2079 AllServer 0001 (Session.cs:297) { "_t" : "G2C_PlayerInfo", "RpcId" : 3, "Error" : 0, "Message" : "", "PlayerInfo" : { "RpcId" : 0 }, "PlayerInfos" : [{ "RpcId" : 1 }, { "RpcId" : 2 }, { "RpcId" : 3 }], "TestRepeatedString" : ["9", "10"], "TestRepeatedInt32" : [4, 5, 6], "TestRepeatedInt64" : [NumberLong(7), NumberLong(8)] }
2020-12-14 21:02:08.0259 AllServer 0001 (HttpComponent.cs:149) add handler[ETHotfix.HttpTest.Login] path /Login
2020-12-14 21:02:08.0317 AllServer 0001 (HttpComponent.cs:149) add handler[ETHotfix.HttpTest.Test] path /t
2020-12-14 21:02:08.0317 AllServer 0001 (HttpComponent.cs:165) add handler[ETHotfix.HttpTest.Test1] path /Test1
2020-12-14 21:02:08.0317 AllServer 0001 (HttpComponent.cs:149) add handler[ETHotfix.HttpTest.Test2] path /Test2
2020-12-14 21:02:08.0317 AllServer 0001 (HttpComponent.cs:149) add handler[ETHotfix.HttpTest.GetRechargeRecord] path /GetRechargeRecord
2020-12-14 21:02:11.8059 AllServer 0001 (Session.cs:150) { "_t" : "C2R_Login", "RpcId" : 1, "Account" : "testtest", "Password" : "111111" }
2020-12-14 21:02:11.8155 AllServer 0001 (Session.cs:297) { "_t" : "R2G_GetLoginKey", "RpcId" : 1, "Account" : "testtest" }
2020-12-14 21:02:11.8293 AllServer 0001 (Session.cs:150) { "_t" : "R2G_GetLoginKey", "RpcId" : 1, "Account" : "testtest" }
2020-12-14 21:02:11.8293 AllServer 0001 (Session.cs:297) { "_t" : "G2R_GetLoginKey", "RpcId" : 1, "Error" : 0, "Message" : null, "Key" : NumberLong("4674925350870170305") }
2020-12-14 21:02:11.8293 AllServer 0001 (Session.cs:150) { "_t" : "G2R_GetLoginKey", "RpcId" : 1, "Error" : 0, "Message" : null, "Key" : NumberLong("4674925350870170305") }
2020-12-14 21:02:11.8488 AllServer 0001 (Session.cs:297) { "_t" : "R2C_Login", "RpcId" : 1, "Error" : 0, "Message" : "", "Address" : "127.0.0.1:10002", "Key" : NumberLong("4674925350870170305") }
2020-12-14 21:02:11.8994 AllServer 0001 (Session.cs:150) { "_t" : "C2G_LoginGate", "RpcId" : 2, "Key" : NumberLong("4674925350870170305") }
2020-12-14 21:02:11.9111 AllServer 0001 (Session.cs:297) { "_t" : "G2C_LoginGate", "RpcId" : 2, "Error" : 0, "Message" : "", "PlayerId" : NumberLong(20185089) }
2020-12-14 21:02:11.9111 AllServer 0001 (Session.cs:297) { "_t" : "G2C_TestHotfixMessage", "Info" : "recv hotfix message success1" }
2020-12-14 21:02:11.9372 AllServer 0001 (Session.cs:150) { "_t" : "C2G_PlayerInfo", "RpcId" : 3 }
2020-12-14 21:02:11.9372 AllServer 0001 (Session.cs:297) { "_t" : "G2C_PlayerInfo", "RpcId" : 3, "Error" : 0, "Message" : "", "PlayerInfo" : { "RpcId" : 0 }, "PlayerInfos" : [{ "RpcId" : 1 }, { "RpcId" : 2 }, { "RpcId" : 3 }], "TestRepeatedString" : ["9", "10"], "TestRepeatedInt32" : [4, 5, 6], "TestRepeatedInt64" : [NumberLong(7), NumberLong(8)] }
