2020-12-01 21:03:50.6235 AllServer 0001 (Session.cs:150) { "_t" : "C2R_Login", "RpcId" : 1, "Account" : "", "Password" : "111111" }
2020-12-01 21:03:50.6338 AllServer 0001 (Session.cs:297) { "_t" : "R2G_GetLoginKey", "RpcId" : 1, "Account" : "" }
2020-12-01 21:03:50.6516 AllServer 0001 (Session.cs:150) { "_t" : "R2G_GetLoginKey", "RpcId" : 1, "Account" : "" }
2020-12-01 21:03:50.6516 AllServer 0001 (Session.cs:297) { "_t" : "G2R_GetLoginKey", "RpcId" : 1, "Error" : 0, "Message" : null, "Key" : NumberLong("606155857527826398") }
2020-12-01 21:03:50.6516 AllServer 0001 (Session.cs:150) { "_t" : "G2R_GetLoginKey", "RpcId" : 1, "Error" : 0, "Message" : null, "Key" : NumberLong("606155857527826398") }
2020-12-01 21:03:50.6636 AllServer 0001 (Session.cs:297) { "_t" : "R2C_Login", "RpcId" : 1, "Error" : 0, "Message" : "", "Address" : "127.0.0.1:10002", "Key" : NumberLong("606155857527826398") }
2020-12-01 21:03:50.6983 AllServer 0001 (Session.cs:150) { "_t" : "C2G_LoginGate", "RpcId" : 2, "Key" : NumberLong("606155857527826398") }
2020-12-01 21:03:50.6983 AllServer 0001 (Session.cs:297) { "_t" : "G2C_LoginGate", "RpcId" : 2, "Error" : 0, "Message" : "", "PlayerId" : NumberLong(11010049) }
2020-12-01 21:03:50.6983 AllServer 0001 (Session.cs:297) { "_t" : "G2C_TestHotfixMessage", "Info" : "recv hotfix message success" }
2020-12-01 21:03:50.7449 AllServer 0001 (Session.cs:150) { "_t" : "C2G_PlayerInfo", "RpcId" : 3 }
2020-12-01 21:03:50.7575 AllServer 0001 (Session.cs:297) { "_t" : "G2C_PlayerInfo", "RpcId" : 3, "Error" : 0, "Message" : "", "PlayerInfo" : { "RpcId" : 0 }, "PlayerInfos" : [{ "RpcId" : 1 }, { "RpcId" : 2 }, { "RpcId" : 3 }], "TestRepeatedString" : ["9", "10"], "TestRepeatedInt32" : [4, 5, 6], "TestRepeatedInt64" : [NumberLong(7), NumberLong(8)] }
2020-12-01 21:03:53.0345 AllServer 0001 (Session.cs:150) { "_t" : "C2G_EnterMap", "RpcId" : 1 }
2020-12-01 21:03:53.0345 AllServer 0001 (Session.cs:297) { "_t" : "G2M_CreateUnit", "RpcId" : 2, "PlayerId" : NumberLong(11010049), "GateSessionId" : NumberLong(10747905) }
2020-12-01 21:03:53.0345 AllServer 0001 (Session.cs:150) { "_t" : "G2M_CreateUnit", "RpcId" : 2, "PlayerId" : NumberLong(11010049), "GateSessionId" : NumberLong(10747905) }
2020-12-01 21:03:53.0428 AllServer 0001 (Session.cs:297) { "_t" : "ObjectAddRequest", "RpcId" : 3, "Key" : NumberLong("9158347898440908801"), "InstanceId" : NumberLong(11796481) }
2020-12-01 21:03:53.0428 AllServer 0001 (Session.cs:150) { "_t" : "ObjectAddRequest", "RpcId" : 3, "Key" : NumberLong("9158347898440908801"), "InstanceId" : NumberLong(11796481) }
2020-12-01 21:03:53.0428 AllServer 0001 (Session.cs:297) { "_t" : "ObjectAddResponse", "RpcId" : 3, "Error" : 0, "Message" : null }
2020-12-01 21:03:53.0542 AllServer 0001 (Session.cs:150) { "_t" : "ObjectAddResponse", "RpcId" : 3, "Error" : 0, "Message" : null }
2020-12-01 21:03:53.0542 AllServer 0001 (Session.cs:297) { "_t" : "M2C_CreateUnits", "RpcId" : 0, "ActorId" : NumberLong(10747905), "Units" : [{ "UnitId" : NumberLong("9158347898440908801"), "X" : -10.0, "Y" : 0.0, "Z" : -10.0 }] }
2020-12-01 21:03:53.0542 AllServer 0001 (Session.cs:150) { "_t" : "M2C_CreateUnits", "RpcId" : 0, "ActorId" : NumberLong(10747905), "Units" : [{ "UnitId" : NumberLong("9158347898440908801"), "X" : -10.0, "Y" : 0.0, "Z" : -10.0 }] }
2020-12-01 21:03:53.0715 AllServer 0001 (Session.cs:297) { "_t" : "M2C_CreateUnits", "RpcId" : 0, "ActorId" : NumberLong(0), "Units" : [{ "UnitId" : NumberLong("9158347898440908801"), "X" : -10.0, "Y" : 0.0, "Z" : -10.0 }] }
2020-12-01 21:03:53.0715 AllServer 0001 (Session.cs:297) { "_t" : "M2G_CreateUnit", "Units" : [], "RpcId" : 2, "Error" : 0, "Message" : null, "UnitId" : NumberLong("9158347898440908801") }
2020-12-01 21:03:53.0715 AllServer 0001 (Session.cs:150) { "_t" : "M2G_CreateUnit", "Units" : [], "RpcId" : 2, "Error" : 0, "Message" : null, "UnitId" : NumberLong("9158347898440908801") }
2020-12-01 21:03:53.0715 AllServer 0001 (Session.cs:297) { "_t" : "G2C_EnterMap", "RpcId" : 1, "Error" : 0, "Message" : "", "UnitId" : NumberLong("9158347898440908801"), "Units" : [] }
2020-12-01 21:03:59.3861 AllServer 0001 (Session.cs:150) { "_t" : "Frame_ClickMap", "RpcId" : 0, "ActorId" : NumberLong(0), "_id" : NumberLong(0), "X" : 5.935847282409668, "Y" : 0.010000000707805157, "Z" : 8.7345104217529297 }
2020-12-01 21:03:59.3861 AllServer 0001 (Session.cs:297) { "_t" : "ObjectGetRequest", "RpcId" : 4, "Key" : NumberLong("9158347898440908801") }
2020-12-01 21:03:59.3861 AllServer 0001 (Session.cs:150) { "_t" : "ObjectGetRequest", "RpcId" : 4, "Key" : NumberLong("9158347898440908801") }
2020-12-01 21:03:59.3861 AllServer 0001 (Session.cs:297) { "_t" : "ObjectGetResponse", "RpcId" : 4, "Error" : 0, "Message" : null, "InstanceId" : NumberLong(11796481) }
2020-12-01 21:03:59.3985 AllServer 0001 (Session.cs:150) { "_t" : "ObjectGetResponse", "RpcId" : 4, "Error" : 0, "Message" : null, "InstanceId" : NumberLong(11796481) }
2020-12-01 21:03:59.3985 AllServer 0001 (Session.cs:297) { "_t" : "Frame_ClickMap", "RpcId" : 5, "ActorId" : NumberLong(11796481), "_id" : NumberLong(0), "X" : 5.935847282409668, "Y" : 0.010000000707805157, "Z" : 8.7345104217529297 }
2020-12-01 21:03:59.3985 AllServer 0001 (Session.cs:150) { "_t" : "Frame_ClickMap", "RpcId" : 5, "ActorId" : NumberLong(11796481), "_id" : NumberLong(0), "X" : 5.935847282409668, "Y" : 0.010000000707805157, "Z" : 8.7345104217529297 }
2020-12-01 21:03:59.3985 AllServer 0001 (Session.cs:297) { "_t" : "ActorResponse", "RpcId" : 5, "Error" : 0, "Message" : null }
2020-12-01 21:03:59.3985 AllServer 0001 (Session.cs:150) { "_t" : "ActorResponse", "RpcId" : 5, "Error" : 0, "Message" : null }
2020-12-01 21:03:59.4587 AllServer 0001 (UnitPathComponentSystem.cs:45) find result: (-10, 0, -10),(-3.2, 0, 1.2),(-2.6, 0, 2),(5.935847, 0, 8.73451),
2020-12-01 21:03:59.4658 AllServer 0001 (Session.cs:297) { "_t" : "M2C_PathfindingResult", "ActorId" : NumberLong(10747905), "_id" : NumberLong("9158347898440908801"), "X" : -10.0, "Y" : 0.0, "Z" : -10.0, "Xs" : [-3.2000000476837158, -2.6000001430511475, 5.935847282409668], "Ys" : [0.0, 0.0, 0.0], "Zs" : [1.2000000476837158, 2.0, 8.7345104217529297] }
2020-12-01 21:03:59.4658 AllServer 0001 (Session.cs:150) { "_t" : "M2C_PathfindingResult", "ActorId" : NumberLong(10747905), "_id" : NumberLong("9158347898440908801"), "X" : -10.0, "Y" : 0.0, "Z" : -10.0, "Xs" : [-3.2000000476837158, -2.6000001430511475, 5.935847282409668], "Ys" : [0.0, 0.0, 0.0], "Zs" : [1.2000000476837158, 2.0, 8.7345104217529297] }
2020-12-01 21:03:59.4658 AllServer 0001 (Session.cs:297) { "_t" : "M2C_PathfindingResult", "ActorId" : NumberLong(0), "_id" : NumberLong("9158347898440908801"), "X" : -10.0, "Y" : 0.0, "Z" : -10.0, "Xs" : [-3.2000000476837158, -2.6000001430511475, 5.935847282409668], "Ys" : [0.0, 0.0, 0.0], "Zs" : [1.2000000476837158, 2.0, 8.7345104217529297] }
2020-12-01 21:03:59.4804 AllServer 0001 (Session.cs:150) { "_t" : "C2M_TestActorRequest", "RpcId" : 4, "ActorId" : NumberLong(0), "Info" : "actor rpc request" }
2020-12-01 21:03:59.4804 AllServer 0001 (Session.cs:297) { "_t" : "C2M_TestActorRequest", "RpcId" : 6, "ActorId" : NumberLong(11796481), "Info" : "actor rpc request" }
2020-12-01 21:03:59.4804 AllServer 0001 (Session.cs:150) { "_t" : "C2M_TestActorRequest", "RpcId" : 6, "ActorId" : NumberLong(11796481), "Info" : "actor rpc request" }
2020-12-01 21:03:59.4918 AllServer 0001 (Session.cs:297) { "_t" : "M2C_TestActorResponse", "RpcId" : 6, "Error" : 0, "Message" : "", "Info" : "actor rpc response" }
2020-12-01 21:03:59.4918 AllServer 0001 (Session.cs:150) { "_t" : "M2C_TestActorResponse", "RpcId" : 6, "Error" : 0, "Message" : "", "Info" : "actor rpc response" }
2020-12-01 21:03:59.4918 AllServer 0001 (Session.cs:297) { "_t" : "M2C_TestActorResponse", "RpcId" : 4, "Error" : 0, "Message" : "", "Info" : "actor rpc response" }
2020-12-01 21:04:00.3655 AllServer 0001 (Session.cs:150) { "_t" : "Frame_ClickMap", "RpcId" : 0, "ActorId" : NumberLong(0), "_id" : NumberLong(0), "X" : 22.944345474243164, "Y" : 0.010000000707805157, "Z" : -2.1821517944335938 }
2020-12-01 21:04:00.3655 AllServer 0001 (Session.cs:297) { "_t" : "Frame_ClickMap", "RpcId" : 7, "ActorId" : NumberLong(11796481), "_id" : NumberLong(0), "X" : 22.944345474243164, "Y" : 0.010000000707805157, "Z" : -2.1821517944335938 }
2020-12-01 21:04:00.3655 AllServer 0001 (Session.cs:150) { "_t" : "Frame_ClickMap", "RpcId" : 7, "ActorId" : NumberLong(11796481), "_id" : NumberLong(0), "X" : 22.944345474243164, "Y" : 0.010000000707805157, "Z" : -2.1821517944335938 }
2020-12-01 21:04:00.3667 AllServer 0001 (Session.cs:297) { "_t" : "ActorResponse", "RpcId" : 7, "Error" : 0, "Message" : null }
2020-12-01 21:04:00.3667 AllServer 0001 (Session.cs:150) { "_t" : "ActorResponse", "RpcId" : 7, "Error" : 0, "Message" : null }
2020-12-01 21:04:00.3667 AllServer 0001 (UnitPathComponentSystem.cs:45) find result: (-7.780916, 0, -6.345038),(-2.4, 0, -4.2),(22.94435, 0, -2.182152),
2020-12-01 21:04:00.3667 AllServer 0001 (Session.cs:297) { "_t" : "M2C_PathfindingResult", "ActorId" : NumberLong(10747905), "_id" : NumberLong("9158347898440908801"), "X" : -7.6822900772094727, "Y" : 0.0, "Z" : -6.1825952529907227, "Xs" : [-2.4000000953674316, 22.944345474243164], "Ys" : [0.0, 0.0], "Zs" : [-4.2000002861022949, -2.1821517944335938] }
2020-12-01 21:04:00.3667 AllServer 0001 (Session.cs:150) { "_t" : "M2C_PathfindingResult", "ActorId" : NumberLong(10747905), "_id" : NumberLong("9158347898440908801"), "X" : -7.6822900772094727, "Y" : 0.0, "Z" : -6.1825952529907227, "Xs" : [-2.4000000953674316, 22.944345474243164], "Ys" : [0.0, 0.0], "Zs" : [-4.2000002861022949, -2.1821517944335938] }
2020-12-01 21:04:00.3667 AllServer 0001 (Session.cs:297) { "_t" : "M2C_PathfindingResult", "ActorId" : NumberLong(0), "_id" : NumberLong("9158347898440908801"), "X" : -7.6822900772094727, "Y" : 0.0, "Z" : -6.1825952529907227, "Xs" : [-2.4000000953674316, 22.944345474243164], "Ys" : [0.0, 0.0], "Zs" : [-4.2000002861022949, -2.1821517944335938] }
2020-12-01 21:04:00.3667 AllServer 0001 (Session.cs:150) { "_t" : "C2M_TestActorRequest", "RpcId" : 5, "ActorId" : NumberLong(0), "Info" : "actor rpc request" }
2020-12-01 21:04:00.3667 AllServer 0001 (Session.cs:297) { "_t" : "C2M_TestActorRequest", "RpcId" : 8, "ActorId" : NumberLong(11796481), "Info" : "actor rpc request" }
2020-12-01 21:04:00.3667 AllServer 0001 (Session.cs:150) { "_t" : "C2M_TestActorRequest", "RpcId" : 8, "ActorId" : NumberLong(11796481), "Info" : "actor rpc request" }
2020-12-01 21:04:00.3667 AllServer 0001 (Session.cs:297) { "_t" : "M2C_TestActorResponse", "RpcId" : 8, "Error" : 0, "Message" : "", "Info" : "actor rpc response" }
2020-12-01 21:04:00.3667 AllServer 0001 (Session.cs:150) { "_t" : "M2C_TestActorResponse", "RpcId" : 8, "Error" : 0, "Message" : "", "Info" : "actor rpc response" }
2020-12-01 21:04:00.3667 AllServer 0001 (Session.cs:297) { "_t" : "M2C_TestActorResponse", "RpcId" : 5, "Error" : 0, "Message" : "", "Info" : "actor rpc response" }
2020-12-01 21:04:00.6740 AllServer 0001 (Session.cs:150) { "_t" : "Frame_ClickMap", "RpcId" : 0, "ActorId" : NumberLong(0), "_id" : NumberLong(0), "X" : 17.108783721923828, "Y" : 0.010000000707805157, "Z" : -12.216089248657227 }
2020-12-01 21:04:00.6740 AllServer 0001 (Session.cs:297) { "_t" : "Frame_ClickMap", "RpcId" : 9, "ActorId" : NumberLong(11796481), "_id" : NumberLong(0), "X" : 17.108783721923828, "Y" : 0.010000000707805157, "Z" : -12.216089248657227 }
2020-12-01 21:04:00.6740 AllServer 0001 (Session.cs:150) { "_t" : "Frame_ClickMap", "RpcId" : 9, "ActorId" : NumberLong(11796481), "_id" : NumberLong(0), "X" : 17.108783721923828, "Y" : 0.010000000707805157, "Z" : -12.216089248657227 }
2020-12-01 21:04:00.6740 AllServer 0001 (Session.cs:297) { "_t" : "ActorResponse", "RpcId" : 9, "Error" : 0, "Message" : null }
2020-12-01 21:04:00.6740 AllServer 0001 (Session.cs:150) { "_t" : "ActorResponse", "RpcId" : 9, "Error" : 0, "Message" : null }
2020-12-01 21:04:00.6740 AllServer 0001 (UnitPathComponentSystem.cs:45) find result: (-6.497521, 0, -5.737917),(-3, 0, -8.400001),(-1.4, 0, -9),(10.2, 0, -9.200001),(17.10878, 0, -12.2),
2020-12-01 21:04:00.6740 AllServer 0001 (Session.cs:297) { "_t" : "M2C_PathfindingResult", "ActorId" : NumberLong(10747905), "_id" : NumberLong("9158347898440908801"), "X" : -6.2586941719055176, "Y" : 0.0, "Z" : -5.6482787132263184, "Xs" : [-3.0000002384185791, -1.4000000953674316, 10.200000762939453], "Ys" : [0.0, 0.0, 0.0], "Zs" : [-8.4000005722045898, -9.0, -9.2000007629394531] }
2020-12-01 21:04:00.6740 AllServer 0001 (Session.cs:150) { "_t" : "M2C_PathfindingResult", "ActorId" : NumberLong(10747905), "_id" : NumberLong("9158347898440908801"), "X" : -6.2586941719055176, "Y" : 0.0, "Z" : -5.6482787132263184, "Xs" : [-3.0000002384185791, -1.4000000953674316, 10.200000762939453], "Ys" : [0.0, 0.0, 0.0], "Zs" : [-8.4000005722045898, -9.0, -9.2000007629394531] }
2020-12-01 21:04:00.6740 AllServer 0001 (Session.cs:297) { "_t" : "M2C_PathfindingResult", "ActorId" : NumberLong(0), "_id" : NumberLong("9158347898440908801"), "X" : -6.2586941719055176, "Y" : 0.0, "Z" : -5.6482787132263184, "Xs" : [-3.0000002384185791, -1.4000000953674316, 10.200000762939453], "Ys" : [0.0, 0.0, 0.0], "Zs" : [-8.4000005722045898, -9.0, -9.2000007629394531] }
2020-12-01 21:04:00.6740 AllServer 0001 (Session.cs:150) { "_t" : "C2M_TestActorRequest", "RpcId" : 6, "ActorId" : NumberLong(0), "Info" : "actor rpc request" }
2020-12-01 21:04:00.6740 AllServer 0001 (Session.cs:297) { "_t" : "C2M_TestActorRequest", "RpcId" : 10, "ActorId" : NumberLong(11796481), "Info" : "actor rpc request" }
2020-12-01 21:04:00.6740 AllServer 0001 (Session.cs:150) { "_t" : "C2M_TestActorRequest", "RpcId" : 10, "ActorId" : NumberLong(11796481), "Info" : "actor rpc request" }
2020-12-01 21:04:00.6740 AllServer 0001 (Session.cs:297) { "_t" : "M2C_TestActorResponse", "RpcId" : 10, "Error" : 0, "Message" : "", "Info" : "actor rpc response" }
2020-12-01 21:04:00.6740 AllServer 0001 (Session.cs:150) { "_t" : "M2C_TestActorResponse", "RpcId" : 10, "Error" : 0, "Message" : "", "Info" : "actor rpc response" }
2020-12-01 21:04:00.6740 AllServer 0001 (Session.cs:297) { "_t" : "M2C_TestActorResponse", "RpcId" : 6, "Error" : 0, "Message" : "", "Info" : "actor rpc response" }
2020-12-01 21:04:01.3303 AllServer 0001 (Session.cs:150) { "_t" : "Frame_ClickMap", "RpcId" : 0, "ActorId" : NumberLong(0), "_id" : NumberLong(0), "X" : 18.135143280029297, "Y" : 0.010000000707805157, "Z" : -9.8446788787841797 }
2020-12-01 21:04:01.3303 AllServer 0001 (Session.cs:297) { "_t" : "Frame_ClickMap", "RpcId" : 11, "ActorId" : NumberLong(11796481), "_id" : NumberLong(0), "X" : 18.135143280029297, "Y" : 0.010000000707805157, "Z" : -9.8446788787841797 }
2020-12-01 21:04:01.3303 AllServer 0001 (Session.cs:150) { "_t" : "Frame_ClickMap", "RpcId" : 11, "ActorId" : NumberLong(11796481), "_id" : NumberLong(0), "X" : 18.135143280029297, "Y" : 0.010000000707805157, "Z" : -9.8446788787841797 }
2020-12-01 21:04:01.3303 AllServer 0001 (Session.cs:297) { "_t" : "ActorResponse", "RpcId" : 11, "Error" : 0, "Message" : null }
2020-12-01 21:04:01.3303 AllServer 0001 (Session.cs:150) { "_t" : "ActorResponse", "RpcId" : 11, "Error" : 0, "Message" : null }
2020-12-01 21:04:01.3303 AllServer 0001 (UnitPathComponentSystem.cs:45) find result: (-3.951249, 0, -7.596743),(-3, 0, -8.400001),(-1.4, 0, -9),(10.2, 0, -9.200001),(18.13514, 0, -9.844679),
2020-12-01 21:04:01.3303 AllServer 0001 (Session.cs:297) { "_t" : "M2C_PathfindingResult", "ActorId" : NumberLong(10747905), "_id" : NumberLong("9158347898440908801"), "X" : -3.7525942325592041, "Y" : 0.0, "Z" : -7.7644915580749512, "Xs" : [-3.0000002384185791, -1.4000000953674316, 10.200000762939453], "Ys" : [0.0, 0.0, 0.0], "Zs" : [-8.4000005722045898, -9.0, -9.2000007629394531] }
2020-12-01 21:04:01.3303 AllServer 0001 (Session.cs:150) { "_t" : "M2C_PathfindingResult", "ActorId" : NumberLong(10747905), "_id" : NumberLong("9158347898440908801"), "X" : -3.7525942325592041, "Y" : 0.0, "Z" : -7.7644915580749512, "Xs" : [-3.0000002384185791, -1.4000000953674316, 10.200000762939453], "Ys" : [0.0, 0.0, 0.0], "Zs" : [-8.4000005722045898, -9.0, -9.2000007629394531] }
2020-12-01 21:04:01.3303 AllServer 0001 (Session.cs:297) { "_t" : "M2C_PathfindingResult", "ActorId" : NumberLong(0), "_id" : NumberLong("9158347898440908801"), "X" : -3.7525942325592041, "Y" : 0.0, "Z" : -7.7644915580749512, "Xs" : [-3.0000002384185791, -1.4000000953674316, 10.200000762939453], "Ys" : [0.0, 0.0, 0.0], "Zs" : [-8.4000005722045898, -9.0, -9.2000007629394531] }
2020-12-01 21:04:01.3303 AllServer 0001 (Session.cs:150) { "_t" : "C2M_TestActorRequest", "RpcId" : 7, "ActorId" : NumberLong(0), "Info" : "actor rpc request" }
2020-12-01 21:04:01.3303 AllServer 0001 (Session.cs:297) { "_t" : "C2M_TestActorRequest", "RpcId" : 12, "ActorId" : NumberLong(11796481), "Info" : "actor rpc request" }
2020-12-01 21:04:01.3303 AllServer 0001 (Session.cs:150) { "_t" : "C2M_TestActorRequest", "RpcId" : 12, "ActorId" : NumberLong(11796481), "Info" : "actor rpc request" }
2020-12-01 21:04:01.3303 AllServer 0001 (Session.cs:297) { "_t" : "M2C_TestActorResponse", "RpcId" : 12, "Error" : 0, "Message" : "", "Info" : "actor rpc response" }
2020-12-01 21:04:01.3352 AllServer 0001 (Session.cs:150) { "_t" : "M2C_TestActorResponse", "RpcId" : 12, "Error" : 0, "Message" : "", "Info" : "actor rpc response" }
2020-12-01 21:04:01.3352 AllServer 0001 (Session.cs:297) { "_t" : "M2C_TestActorResponse", "RpcId" : 7, "Error" : 0, "Message" : "", "Info" : "actor rpc response" }
2020-12-01 21:04:01.7141 AllServer 0001 (Session.cs:150) { "_t" : "Frame_ClickMap", "RpcId" : 0, "ActorId" : NumberLong(0), "_id" : NumberLong(0), "X" : 21.592720031738281, "Y" : 0.010000000707805157, "Z" : -3.6735515594482422 }
2020-12-01 21:04:01.7141 AllServer 0001 (Session.cs:297) { "_t" : "Frame_ClickMap", "RpcId" : 13, "ActorId" : NumberLong(11796481), "_id" : NumberLong(0), "X" : 21.592720031738281, "Y" : 0.010000000707805157, "Z" : -3.6735515594482422 }
2020-12-01 21:04:01.7141 AllServer 0001 (Session.cs:150) { "_t" : "Frame_ClickMap", "RpcId" : 13, "ActorId" : NumberLong(11796481), "_id" : NumberLong(0), "X" : 21.592720031738281, "Y" : 0.010000000707805157, "Z" : -3.6735515594482422 }
2020-12-01 21:04:01.7141 AllServer 0001 (Session.cs:297) { "_t" : "ActorResponse", "RpcId" : 13, "Error" : 0, "Message" : null }
2020-12-01 21:04:01.7141 AllServer 0001 (Session.cs:150) { "_t" : "ActorResponse", "RpcId" : 13, "Error" : 0, "Message" : null }
2020-12-01 21:04:01.7141 AllServer 0001 (UnitPathComponentSystem.cs:45) find result: (-2.227564, 0, -8.689664),(-1.4, 0, -9),(1.2, 0, -9),(2, 0, -8.400001),(3.2, 0, -4.8),(3.8, 0, -4.2),(21.59272, 0, -3.673552),
2020-12-01 21:04:01.7141 AllServer 0001 (Session.cs:297) { "_t" : "M2C_PathfindingResult", "ActorId" : NumberLong(10747905), "_id" : NumberLong("9158347898440908801"), "X" : -2.0601441860198975, "Y" : 0.0, "Z" : -8.6533126831054688, "Xs" : [-1.4000000953674316, 1.2000000476837158, 2.0], "Ys" : [0.0, 0.0, 0.0], "Zs" : [-9.0, -9.0, -8.4000005722045898] }
2020-12-01 21:04:01.7141 AllServer 0001 (Session.cs:150) { "_t" : "M2C_PathfindingResult", "ActorId" : NumberLong(10747905), "_id" : NumberLong("9158347898440908801"), "X" : -2.0601441860198975, "Y" : 0.0, "Z" : -8.6533126831054688, "Xs" : [-1.4000000953674316, 1.2000000476837158, 2.0], "Ys" : [0.0, 0.0, 0.0], "Zs" : [-9.0, -9.0, -8.4000005722045898] }
2020-12-01 21:04:01.7141 AllServer 0001 (Session.cs:297) { "_t" : "M2C_PathfindingResult", "ActorId" : NumberLong(0), "_id" : NumberLong("9158347898440908801"), "X" : -2.0601441860198975, "Y" : 0.0, "Z" : -8.6533126831054688, "Xs" : [-1.4000000953674316, 1.2000000476837158, 2.0], "Ys" : [0.0, 0.0, 0.0], "Zs" : [-9.0, -9.0, -8.4000005722045898] }
2020-12-01 21:04:01.7141 AllServer 0001 (Session.cs:150) { "_t" : "C2M_TestActorRequest", "RpcId" : 8, "ActorId" : NumberLong(0), "Info" : "actor rpc request" }
2020-12-01 21:04:01.7141 AllServer 0001 (Session.cs:297) { "_t" : "C2M_TestActorRequest", "RpcId" : 14, "ActorId" : NumberLong(11796481), "Info" : "actor rpc request" }
2020-12-01 21:04:01.7141 AllServer 0001 (Session.cs:150) { "_t" : "C2M_TestActorRequest", "RpcId" : 14, "ActorId" : NumberLong(11796481), "Info" : "actor rpc request" }
2020-12-01 21:04:01.7141 AllServer 0001 (Session.cs:297) { "_t" : "M2C_TestActorResponse", "RpcId" : 14, "Error" : 0, "Message" : "", "Info" : "actor rpc response" }
2020-12-01 21:04:01.7141 AllServer 0001 (Session.cs:150) { "_t" : "M2C_TestActorResponse", "RpcId" : 14, "Error" : 0, "Message" : "", "Info" : "actor rpc response" }
2020-12-01 21:04:01.7141 AllServer 0001 (Session.cs:297) { "_t" : "M2C_TestActorResponse", "RpcId" : 8, "Error" : 0, "Message" : "", "Info" : "actor rpc response" }
2020-12-01 21:04:01.9398 AllServer 0001 (Session.cs:150) { "_t" : "Frame_ClickMap", "RpcId" : 0, "ActorId" : NumberLong(0), "_id" : NumberLong(0), "X" : 21.897178649902344, "Y" : 0.010000000707805157, "Z" : 1.2875175476074219 }
2020-12-01 21:04:01.9398 AllServer 0001 (Session.cs:297) { "_t" : "Frame_ClickMap", "RpcId" : 15, "ActorId" : NumberLong(11796481), "_id" : NumberLong(0), "X" : 21.897178649902344, "Y" : 0.010000000707805157, "Z" : 1.2875175476074219 }
2020-12-01 21:04:01.9398 AllServer 0001 (Session.cs:150) { "_t" : "Frame_ClickMap", "RpcId" : 15, "ActorId" : NumberLong(11796481), "_id" : NumberLong(0), "X" : 21.897178649902344, "Y" : 0.010000000707805157, "Z" : 1.2875175476074219 }
2020-12-01 21:04:01.9398 AllServer 0001 (Session.cs:297) { "_t" : "ActorResponse", "RpcId" : 15, "Error" : 0, "Message" : null }
2020-12-01 21:04:01.9398 AllServer 0001 (Session.cs:150) { "_t" : "ActorResponse", "RpcId" : 15, "Error" : 0, "Message" : null }
2020-12-01 21:04:01.9398 AllServer 0001 (UnitPathComponentSystem.cs:45) find result: (-1.054726, 0, -9),(1.2, 0, -9),(2, 0, -8.400001),(3.2, 0, -4.8),(3.8, 0, -4.2),(19.4, 0, -3),(20, 0, -2.4),(21.89718, 0, 1.287517),
2020-12-01 21:04:01.9398 AllServer 0001 (Session.cs:297) { "_t" : "M2C_PathfindingResult", "ActorId" : NumberLong(10747905), "_id" : NumberLong("9158347898440908801"), "X" : -0.93526995182037354, "Y" : 0.0, "Z" : -8.7729330062866211, "Xs" : [1.2000000476837158, 2.0, 3.2000000476837158], "Ys" : [0.0, 0.0, 0.0], "Zs" : [-9.0, -8.4000005722045898, -4.8000001907348633] }
2020-12-01 21:04:01.9398 AllServer 0001 (Session.cs:150) { "_t" : "M2C_PathfindingResult", "ActorId" : NumberLong(10747905), "_id" : NumberLong("9158347898440908801"), "X" : -0.93526995182037354, "Y" : 0.0, "Z" : -8.7729330062866211, "Xs" : [1.2000000476837158, 2.0, 3.2000000476837158], "Ys" : [0.0, 0.0, 0.0], "Zs" : [-9.0, -8.4000005722045898, -4.8000001907348633] }
2020-12-01 21:04:01.9398 AllServer 0001 (Session.cs:297) { "_t" : "M2C_PathfindingResult", "ActorId" : NumberLong(0), "_id" : NumberLong("9158347898440908801"), "X" : -0.93526995182037354, "Y" : 0.0, "Z" : -8.7729330062866211, "Xs" : [1.2000000476837158, 2.0, 3.2000000476837158], "Ys" : [0.0, 0.0, 0.0], "Zs" : [-9.0, -8.4000005722045898, -4.8000001907348633] }
2020-12-01 21:04:01.9398 AllServer 0001 (Session.cs:150) { "_t" : "C2M_TestActorRequest", "RpcId" : 9, "ActorId" : NumberLong(0), "Info" : "actor rpc request" }
2020-12-01 21:04:01.9448 AllServer 0001 (Session.cs:297) { "_t" : "C2M_TestActorRequest", "RpcId" : 16, "ActorId" : NumberLong(11796481), "Info" : "actor rpc request" }
2020-12-01 21:04:01.9448 AllServer 0001 (Session.cs:150) { "_t" : "C2M_TestActorRequest", "RpcId" : 16, "ActorId" : NumberLong(11796481), "Info" : "actor rpc request" }
2020-12-01 21:04:01.9448 AllServer 0001 (Session.cs:297) { "_t" : "M2C_TestActorResponse", "RpcId" : 16, "Error" : 0, "Message" : "", "Info" : "actor rpc response" }
2020-12-01 21:04:01.9448 AllServer 0001 (Session.cs:150) { "_t" : "M2C_TestActorResponse", "RpcId" : 16, "Error" : 0, "Message" : "", "Info" : "actor rpc response" }
2020-12-01 21:04:01.9448 AllServer 0001 (Session.cs:297) { "_t" : "M2C_TestActorResponse", "RpcId" : 9, "Error" : 0, "Message" : "", "Info" : "actor rpc response" }
2020-12-01 21:04:02.3758 AllServer 0001 (Session.cs:150) { "_t" : "Frame_ClickMap", "RpcId" : 0, "ActorId" : NumberLong(0), "_id" : NumberLong(0), "X" : 1.686415433883667, "Y" : 0.010000000707805157, "Z" : -1.6736106872558594 }
2020-12-01 21:04:02.3758 AllServer 0001 (Session.cs:297) { "_t" : "Frame_ClickMap", "RpcId" : 17, "ActorId" : NumberLong(11796481), "_id" : NumberLong(0), "X" : 1.686415433883667, "Y" : 0.010000000707805157, "Z" : -1.6736106872558594 }
2020-12-01 21:04:02.3758 AllServer 0001 (Session.cs:150) { "_t" : "Frame_ClickMap", "RpcId" : 17, "ActorId" : NumberLong(11796481), "_id" : NumberLong(0), "X" : 1.686415433883667, "Y" : 0.010000000707805157, "Z" : -1.6736106872558594 }
2020-12-01 21:04:02.3758 AllServer 0001 (Session.cs:297) { "_t" : "ActorResponse", "RpcId" : 17, "Error" : 0, "Message" : null }
2020-12-01 21:04:02.3758 AllServer 0001 (Session.cs:150) { "_t" : "ActorResponse", "RpcId" : 17, "Error" : 0, "Message" : null }
2020-12-01 21:04:02.3758 AllServer 0001 (UnitPathComponentSystem.cs:45) find result: (1.348954, 0, -8.888285),(2, 0, -8.400001),(2, 0, -4.8),(1.686415, 0, -1.673611),
2020-12-01 21:04:02.3758 AllServer 0001 (Session.cs:297) { "_t" : "M2C_PathfindingResult", "ActorId" : NumberLong(10747905), "_id" : NumberLong("9158347898440908801"), "X" : 1.2202411890029907, "Y" : 0.0, "Z" : -8.4990701675415039, "Xs" : [2.0, 2.0, 1.686415433883667], "Ys" : [0.0, 0.0, 0.0], "Zs" : [-8.4000005722045898, -4.8000001907348633, -1.6736105680465698] }
2020-12-01 21:04:02.3758 AllServer 0001 (Session.cs:150) { "_t" : "M2C_PathfindingResult", "ActorId" : NumberLong(10747905), "_id" : NumberLong("9158347898440908801"), "X" : 1.2202411890029907, "Y" : 0.0, "Z" : -8.4990701675415039, "Xs" : [2.0, 2.0, 1.686415433883667], "Ys" : [0.0, 0.0, 0.0], "Zs" : [-8.4000005722045898, -4.8000001907348633, -1.6736105680465698] }
2020-12-01 21:04:02.3758 AllServer 0001 (Session.cs:297) { "_t" : "M2C_PathfindingResult", "ActorId" : NumberLong(0), "_id" : NumberLong("9158347898440908801"), "X" : 1.2202411890029907, "Y" : 0.0, "Z" : -8.4990701675415039, "Xs" : [2.0, 2.0, 1.686415433883667], "Ys" : [0.0, 0.0, 0.0], "Zs" : [-8.4000005722045898, -4.8000001907348633, -1.6736105680465698] }
2020-12-01 21:04:02.3758 AllServer 0001 (Session.cs:150) { "_t" : "C2M_TestActorRequest", "RpcId" : 10, "ActorId" : NumberLong(0), "Info" : "actor rpc request" }
2020-12-01 21:04:02.3758 AllServer 0001 (Session.cs:297) { "_t" : "C2M_TestActorRequest", "RpcId" : 18, "ActorId" : NumberLong(11796481), "Info" : "actor rpc request" }
2020-12-01 21:04:02.3758 AllServer 0001 (Session.cs:150) { "_t" : "C2M_TestActorRequest", "RpcId" : 18, "ActorId" : NumberLong(11796481), "Info" : "actor rpc request" }
2020-12-01 21:04:02.3758 AllServer 0001 (Session.cs:297) { "_t" : "M2C_TestActorResponse", "RpcId" : 18, "Error" : 0, "Message" : "", "Info" : "actor rpc response" }
2020-12-01 21:04:02.3758 AllServer 0001 (Session.cs:150) { "_t" : "M2C_TestActorResponse", "RpcId" : 18, "Error" : 0, "Message" : "", "Info" : "actor rpc response" }
2020-12-01 21:04:02.3758 AllServer 0001 (Session.cs:297) { "_t" : "M2C_TestActorResponse", "RpcId" : 10, "Error" : 0, "Message" : "", "Info" : "actor rpc response" }
2020-12-01 21:04:02.6184 AllServer 0001 (Session.cs:150) { "_t" : "Frame_ClickMap", "RpcId" : 0, "ActorId" : NumberLong(0), "_id" : NumberLong(0), "X" : 4.4056434631347656, "Y" : 2.0, "Z" : -5.2720966339111328 }
2020-12-01 21:04:02.6184 AllServer 0001 (Session.cs:297) { "_t" : "Frame_ClickMap", "RpcId" : 19, "ActorId" : NumberLong(11796481), "_id" : NumberLong(0), "X" : 4.4056434631347656, "Y" : 2.0, "Z" : -5.2720966339111328 }
2020-12-01 21:04:02.6184 AllServer 0001 (Session.cs:150) { "_t" : "Frame_ClickMap", "RpcId" : 19, "ActorId" : NumberLong(11796481), "_id" : NumberLong(0), "X" : 4.4056434631347656, "Y" : 2.0, "Z" : -5.2720966339111328 }
2020-12-01 21:04:02.6184 AllServer 0001 (Session.cs:297) { "_t" : "ActorResponse", "RpcId" : 19, "Error" : 0, "Message" : null }
2020-12-01 21:04:02.6184 AllServer 0001 (Session.cs:150) { "_t" : "ActorResponse", "RpcId" : 19, "Error" : 0, "Message" : null }
2020-12-01 21:04:02.6184 AllServer 0001 (UnitPathComponentSystem.cs:45) find result: (2, 0, -7.510695),(3.2, 0, -4.8),(3.8, 0, -4.2),(4.405643, 0, -4.2),
2020-12-01 21:04:02.6184 AllServer 0001 (Session.cs:297) { "_t" : "M2C_PathfindingResult", "ActorId" : NumberLong(10747905), "_id" : NumberLong("9158347898440908801"), "X" : 1.4688150882720947, "Y" : 0.0, "Z" : -7.3198690414428711, "Xs" : [3.2000000476837158, 3.8000001907348633, 4.4056434631347656], "Ys" : [0.0, 0.0, 0.0], "Zs" : [-4.8000001907348633, -4.2000002861022949, -4.2000002861022949] }
2020-12-01 21:04:02.6184 AllServer 0001 (Session.cs:150) { "_t" : "M2C_PathfindingResult", "ActorId" : NumberLong(10747905), "_id" : NumberLong("9158347898440908801"), "X" : 1.4688150882720947, "Y" : 0.0, "Z" : -7.3198690414428711, "Xs" : [3.2000000476837158, 3.8000001907348633, 4.4056434631347656], "Ys" : [0.0, 0.0, 0.0], "Zs" : [-4.8000001907348633, -4.2000002861022949, -4.2000002861022949] }
2020-12-01 21:04:02.6184 AllServer 0001 (Session.cs:297) { "_t" : "M2C_PathfindingResult", "ActorId" : NumberLong(0), "_id" : NumberLong("9158347898440908801"), "X" : 1.4688150882720947, "Y" : 0.0, "Z" : -7.3198690414428711, "Xs" : [3.2000000476837158, 3.8000001907348633, 4.4056434631347656], "Ys" : [0.0, 0.0, 0.0], "Zs" : [-4.8000001907348633, -4.2000002861022949, -4.2000002861022949] }
2020-12-01 21:04:02.6184 AllServer 0001 (Session.cs:150) { "_t" : "C2M_TestActorRequest", "RpcId" : 11, "ActorId" : NumberLong(0), "Info" : "actor rpc request" }
2020-12-01 21:04:02.6184 AllServer 0001 (Session.cs:297) { "_t" : "C2M_TestActorRequest", "RpcId" : 20, "ActorId" : NumberLong(11796481), "Info" : "actor rpc request" }
2020-12-01 21:04:02.6184 AllServer 0001 (Session.cs:150) { "_t" : "C2M_TestActorRequest", "RpcId" : 20, "ActorId" : NumberLong(11796481), "Info" : "actor rpc request" }
2020-12-01 21:04:02.6184 AllServer 0001 (Session.cs:297) { "_t" : "M2C_TestActorResponse", "RpcId" : 20, "Error" : 0, "Message" : "", "Info" : "actor rpc response" }
2020-12-01 21:04:02.6184 AllServer 0001 (Session.cs:150) { "_t" : "M2C_TestActorResponse", "RpcId" : 20, "Error" : 0, "Message" : "", "Info" : "actor rpc response" }
2020-12-01 21:04:02.6184 AllServer 0001 (Session.cs:297) { "_t" : "M2C_TestActorResponse", "RpcId" : 11, "Error" : 0, "Message" : "", "Info" : "actor rpc response" }
2020-12-01 21:04:02.8425 AllServer 0001 (Session.cs:150) { "_t" : "Frame_ClickMap", "RpcId" : 0, "ActorId" : NumberLong(0), "_id" : NumberLong(0), "X" : 7.7975625991821289, "Y" : 0.010000000707805157, "Z" : -3.1821842193603516 }
2020-12-01 21:04:02.8425 AllServer 0001 (Session.cs:297) { "_t" : "Frame_ClickMap", "RpcId" : 21, "ActorId" : NumberLong(11796481), "_id" : NumberLong(0), "X" : 7.7975625991821289, "Y" : 0.010000000707805157, "Z" : -3.1821842193603516 }
2020-12-01 21:04:02.8425 AllServer 0001 (Session.cs:150) { "_t" : "Frame_ClickMap", "RpcId" : 21, "ActorId" : NumberLong(11796481), "_id" : NumberLong(0), "X" : 7.7975625991821289, "Y" : 0.010000000707805157, "Z" : -3.1821842193603516 }
2020-12-01 21:04:02.8425 AllServer 0001 (Session.cs:297) { "_t" : "ActorResponse", "RpcId" : 21, "Error" : 0, "Message" : null }
2020-12-01 21:04:02.8425 AllServer 0001 (Session.cs:150) { "_t" : "ActorResponse", "RpcId" : 21, "Error" : 0, "Message" : null }
2020-12-01 21:04:02.8425 AllServer 0001 (UnitPathComponentSystem.cs:45) find result: (2.035488, 0, -6.495035),(3.2, 0, -4.8),(3.8, 0, -4.2),(7.797563, 0, -3.182184),
2020-12-01 21:04:02.8425 AllServer 0001 (Session.cs:297) { "_t" : "M2C_PathfindingResult", "ActorId" : NumberLong(10747905), "_id" : NumberLong("9158347898440908801"), "X" : 2.1006550788879395, "Y" : 0.0, "Z" : -6.4001789093017578, "Xs" : [3.2000000476837158, 3.8000001907348633, 7.7975625991821289], "Ys" : [0.0, 0.0, 0.0], "Zs" : [-4.8000001907348633, -4.2000002861022949, -3.1821842193603516] }
2020-12-01 21:04:02.8425 AllServer 0001 (Session.cs:150) { "_t" : "M2C_PathfindingResult", "ActorId" : NumberLong(10747905), "_id" : NumberLong("9158347898440908801"), "X" : 2.1006550788879395, "Y" : 0.0, "Z" : -6.4001789093017578, "Xs" : [3.2000000476837158, 3.8000001907348633, 7.7975625991821289], "Ys" : [0.0, 0.0, 0.0], "Zs" : [-4.8000001907348633, -4.2000002861022949, -3.1821842193603516] }
2020-12-01 21:04:02.8425 AllServer 0001 (Session.cs:297) { "_t" : "M2C_PathfindingResult", "ActorId" : NumberLong(0), "_id" : NumberLong("9158347898440908801"), "X" : 2.1006550788879395, "Y" : 0.0, "Z" : -6.4001789093017578, "Xs" : [3.2000000476837158, 3.8000001907348633, 7.7975625991821289], "Ys" : [0.0, 0.0, 0.0], "Zs" : [-4.8000001907348633, -4.2000002861022949, -3.1821842193603516] }
2020-12-01 21:04:02.8425 AllServer 0001 (Session.cs:150) { "_t" : "C2M_TestActorRequest", "RpcId" : 12, "ActorId" : NumberLong(0), "Info" : "actor rpc request" }
2020-12-01 21:04:02.8425 AllServer 0001 (Session.cs:297) { "_t" : "C2M_TestActorRequest", "RpcId" : 22, "ActorId" : NumberLong(11796481), "Info" : "actor rpc request" }
2020-12-01 21:04:02.8425 AllServer 0001 (Session.cs:150) { "_t" : "C2M_TestActorRequest", "RpcId" : 22, "ActorId" : NumberLong(11796481), "Info" : "actor rpc request" }
2020-12-01 21:04:02.8425 AllServer 0001 (Session.cs:297) { "_t" : "M2C_TestActorResponse", "RpcId" : 22, "Error" : 0, "Message" : "", "Info" : "actor rpc response" }
2020-12-01 21:04:02.8425 AllServer 0001 (Session.cs:150) { "_t" : "M2C_TestActorResponse", "RpcId" : 22, "Error" : 0, "Message" : "", "Info" : "actor rpc response" }
2020-12-01 21:04:02.8425 AllServer 0001 (Session.cs:297) { "_t" : "M2C_TestActorResponse", "RpcId" : 12, "Error" : 0, "Message" : "", "Info" : "actor rpc response" }
2020-12-01 21:04:03.0097 AllServer 0001 (Session.cs:150) { "_t" : "Frame_ClickMap", "RpcId" : 0, "ActorId" : NumberLong(0), "_id" : NumberLong(0), "X" : 11.21225643157959, "Y" : 0.010000000707805157, "Z" : -2.2833461761474609 }
2020-12-01 21:04:03.0097 AllServer 0001 (Session.cs:297) { "_t" : "Frame_ClickMap", "RpcId" : 23, "ActorId" : NumberLong(11796481), "_id" : NumberLong(0), "X" : 11.21225643157959, "Y" : 0.010000000707805157, "Z" : -2.2833461761474609 }
2020-12-01 21:04:03.0097 AllServer 0001 (Session.cs:150) { "_t" : "Frame_ClickMap", "RpcId" : 23, "ActorId" : NumberLong(11796481), "_id" : NumberLong(0), "X" : 11.21225643157959, "Y" : 0.010000000707805157, "Z" : -2.2833461761474609 }
2020-12-01 21:04:03.0097 AllServer 0001 (Session.cs:297) { "_t" : "ActorResponse", "RpcId" : 23, "Error" : 0, "Message" : null }
2020-12-01 21:04:03.0097 AllServer 0001 (Session.cs:150) { "_t" : "ActorResponse", "RpcId" : 23, "Error" : 0, "Message" : null }
2020-12-01 21:04:03.0097 AllServer 0001 (UnitPathComponentSystem.cs:45) find result: (2.562168, 0, -5.802649),(3.2, 0, -4.8),(3.8, 0, -4.2),(11.21226, 0, -3),
2020-12-01 21:04:03.0097 AllServer 0001 (Session.cs:297) { "_t" : "M2C_PathfindingResult", "ActorId" : NumberLong(10747905), "_id" : NumberLong("9158347898440908801"), "X" : 2.6080136299133301, "Y" : 0.0, "Z" : -5.743290901184082, "Xs" : [3.2000000476837158, 3.8000001907348633, 11.21225643157959], "Ys" : [0.0, 0.0, 0.0], "Zs" : [-4.8000001907348633, -4.2000002861022949, -3.0000002384185791] }
2020-12-01 21:04:03.0097 AllServer 0001 (Session.cs:150) { "_t" : "M2C_PathfindingResult", "ActorId" : NumberLong(10747905), "_id" : NumberLong("9158347898440908801"), "X" : 2.6080136299133301, "Y" : 0.0, "Z" : -5.743290901184082, "Xs" : [3.2000000476837158, 3.8000001907348633, 11.21225643157959], "Ys" : [0.0, 0.0, 0.0], "Zs" : [-4.8000001907348633, -4.2000002861022949, -3.0000002384185791] }
2020-12-01 21:04:03.0097 AllServer 0001 (Session.cs:297) { "_t" : "M2C_PathfindingResult", "ActorId" : NumberLong(0), "_id" : NumberLong("9158347898440908801"), "X" : 2.6080136299133301, "Y" : 0.0, "Z" : -5.743290901184082, "Xs" : [3.2000000476837158, 3.8000001907348633, 11.21225643157959], "Ys" : [0.0, 0.0, 0.0], "Zs" : [-4.8000001907348633, -4.2000002861022949, -3.0000002384185791] }
2020-12-01 21:04:03.0097 AllServer 0001 (Session.cs:150) { "_t" : "C2M_TestActorRequest", "RpcId" : 13, "ActorId" : NumberLong(0), "Info" : "actor rpc request" }
2020-12-01 21:04:03.0097 AllServer 0001 (Session.cs:297) { "_t" : "C2M_TestActorRequest", "RpcId" : 24, "ActorId" : NumberLong(11796481), "Info" : "actor rpc request" }
2020-12-01 21:04:03.0097 AllServer 0001 (Session.cs:150) { "_t" : "C2M_TestActorRequest", "RpcId" : 24, "ActorId" : NumberLong(11796481), "Info" : "actor rpc request" }
2020-12-01 21:04:03.0097 AllServer 0001 (Session.cs:297) { "_t" : "M2C_TestActorResponse", "RpcId" : 24, "Error" : 0, "Message" : "", "Info" : "actor rpc response" }
2020-12-01 21:04:03.0097 AllServer 0001 (Session.cs:150) { "_t" : "M2C_TestActorResponse", "RpcId" : 24, "Error" : 0, "Message" : "", "Info" : "actor rpc response" }
2020-12-01 21:04:03.0097 AllServer 0001 (Session.cs:297) { "_t" : "M2C_TestActorResponse", "RpcId" : 13, "Error" : 0, "Message" : "", "Info" : "actor rpc response" }
2020-12-01 21:04:03.1883 AllServer 0001 (Session.cs:150) { "_t" : "Frame_ClickMap", "RpcId" : 0, "ActorId" : NumberLong(0), "_id" : NumberLong(0), "X" : 18.958992004394531, "Y" : 0.010000000707805157, "Z" : -2.1821556091308594 }
2020-12-01 21:04:03.1883 AllServer 0001 (Session.cs:297) { "_t" : "Frame_ClickMap", "RpcId" : 25, "ActorId" : NumberLong(11796481), "_id" : NumberLong(0), "X" : 18.958992004394531, "Y" : 0.010000000707805157, "Z" : -2.1821556091308594 }
2020-12-01 21:04:03.1883 AllServer 0001 (Session.cs:150) { "_t" : "Frame_ClickMap", "RpcId" : 25, "ActorId" : NumberLong(11796481), "_id" : NumberLong(0), "X" : 18.958992004394531, "Y" : 0.010000000707805157, "Z" : -2.1821556091308594 }
2020-12-01 21:04:03.1883 AllServer 0001 (Session.cs:297) { "_t" : "ActorResponse", "RpcId" : 25, "Error" : 0, "Message" : null }
2020-12-01 21:04:03.1883 AllServer 0001 (Session.cs:150) { "_t" : "ActorResponse", "RpcId" : 25, "Error" : 0, "Message" : null }
2020-12-01 21:04:03.1883 AllServer 0001 (UnitPathComponentSystem.cs:45) find result: (3.010671, 0, -5.101683),(3.2, 0, -4.8),(3.8, 0, -4.2),(18.95899, 0, -3),
2020-12-01 21:04:03.1883 AllServer 0001 (Session.cs:297) { "_t" : "M2C_PathfindingResult", "ActorId" : NumberLong(10747905), "_id" : NumberLong("9158347898440908801"), "X" : 3.0880026817321777, "Y" : 0.0, "Z" : -4.9784607887268066, "Xs" : [3.2000000476837158, 3.8000001907348633, 18.958992004394531], "Ys" : [0.0, 0.0, 0.0], "Zs" : [-4.8000001907348633, -4.2000002861022949, -3.0000002384185791] }
2020-12-01 21:04:03.1883 AllServer 0001 (Session.cs:150) { "_t" : "M2C_PathfindingResult", "ActorId" : NumberLong(10747905), "_id" : NumberLong("9158347898440908801"), "X" : 3.0880026817321777, "Y" : 0.0, "Z" : -4.9784607887268066, "Xs" : [3.2000000476837158, 3.8000001907348633, 18.958992004394531], "Ys" : [0.0, 0.0, 0.0], "Zs" : [-4.8000001907348633, -4.2000002861022949, -3.0000002384185791] }
2020-12-01 21:04:03.1883 AllServer 0001 (Session.cs:297) { "_t" : "M2C_PathfindingResult", "ActorId" : NumberLong(0), "_id" : NumberLong("9158347898440908801"), "X" : 3.0880026817321777, "Y" : 0.0, "Z" : -4.9784607887268066, "Xs" : [3.2000000476837158, 3.8000001907348633, 18.958992004394531], "Ys" : [0.0, 0.0, 0.0], "Zs" : [-4.8000001907348633, -4.2000002861022949, -3.0000002384185791] }
2020-12-01 21:04:03.1950 AllServer 0001 (Session.cs:150) { "_t" : "C2M_TestActorRequest", "RpcId" : 14, "ActorId" : NumberLong(0), "Info" : "actor rpc request" }
2020-12-01 21:04:03.1950 AllServer 0001 (Session.cs:297) { "_t" : "C2M_TestActorRequest", "RpcId" : 26, "ActorId" : NumberLong(11796481), "Info" : "actor rpc request" }
2020-12-01 21:04:03.1950 AllServer 0001 (Session.cs:150) { "_t" : "C2M_TestActorRequest", "RpcId" : 26, "ActorId" : NumberLong(11796481), "Info" : "actor rpc request" }
2020-12-01 21:04:03.1950 AllServer 0001 (Session.cs:297) { "_t" : "M2C_TestActorResponse", "RpcId" : 26, "Error" : 0, "Message" : "", "Info" : "actor rpc response" }
2020-12-01 21:04:03.1950 AllServer 0001 (Session.cs:150) { "_t" : "M2C_TestActorResponse", "RpcId" : 26, "Error" : 0, "Message" : "", "Info" : "actor rpc response" }
2020-12-01 21:04:03.1950 AllServer 0001 (Session.cs:297) { "_t" : "M2C_TestActorResponse", "RpcId" : 14, "Error" : 0, "Message" : "", "Info" : "actor rpc response" }
2020-12-01 21:04:29.2262 AllServer 0001 (Session.cs:297) { "_t" : "G2M_SessionDisconnect", "RpcId" : 27, "ActorId" : NumberLong(11796481) }
2020-12-01 21:04:29.2262 AllServer 0001 (Session.cs:150) { "_t" : "G2M_SessionDisconnect", "RpcId" : 27, "ActorId" : NumberLong(11796481) }
2020-12-01 21:04:29.2262 AllServer 0001 (Session.cs:297) { "_t" : "ActorResponse", "RpcId" : 27, "Error" : 0, "Message" : null }
2020-12-01 21:04:29.2262 AllServer 0001 (Session.cs:150) { "_t" : "ActorResponse", "RpcId" : 27, "Error" : 0, "Message" : null }
