16:25:04,918 - IndexedEnum$IndexedEnumUtil.toIndexes - 警告：枚举类com.imop.lj.gameserver.activity.function.ActivityDef$ActivitySysMessageType中有索引超过1000的索引，如果有很多索引空缺，可能会造成空间浪费
16:25:04,921 - IndexedEnum$IndexedEnumUtil.toIndexes - 警告：枚举类com.imop.lj.common.model.human.TipsInfoDef$MailBoxInfoType中有索引超过1000的索引，如果有很多索引空缺，可能会造成空间浪费
16:25:22,327 - IndexedEnum$IndexedEnumUtil.toIndexes - 警告：枚举类com.imop.lj.gameserver.constant.ConstantDef$ConstantEnum中有索引超过1000的索引，如果有很多索引空缺，可能会造成空间浪费
16:25:22,730 - CorpsService.clearCorpsWeekContributionChecker - #CorpsService#upgradeCorpsChecker get all corps lst is null!
16:25:22,770 - TimeEventHeartbeatThread.startPrepare - 任务：SysGivePowerTask:delay<0
16:25:22,772 - TimeEventHeartbeatThread.startPrepare - 任务：SysGivePowerTask:delay<0
16:25:22,772 - TimeEventHeartbeatThread.startPrepare - 任务：RefreshDevilTask:delay<0
16:25:22,773 - TimeEventHeartbeatThread.startPrepare - 任务：pushTimeLimitAct:delay<0
16:25:22,773 - TimeEventHeartbeatThread.startPrepare - 任务：SysGivePowerTask:delay<0
16:25:22,773 - TimeEventHeartbeatThread.startPrepare - 任务：SysGivePowerTask:delay<0
16:25:22,773 - TimeEventHeartbeatThread.startPrepare - 任务：RefreshDevilTask:delay<0
16:25:22,774 - TimeEventHeartbeatThread.startPrepare - 任务：pushTimeLimitAct:delay<0
16:25:22,774 - TimeEventHeartbeatThread.startPrepare - 任务：SysGivePowerTask:加入队列中
16:25:22,775 - TimeEventHeartbeatThread.startPrepare - 任务：SysGivePowerTask:加入队列中
16:25:22,775 - TimeEventHeartbeatThread.startPrepare - 任务：RefreshDevilTask:加入队列中
16:25:22,776 - TimeEventHeartbeatThread.startPrepare - 任务：pushTimeLimitAct:加入队列中
16:25:22,776 - TimeEventHeartbeatThread.startPrepare - 任务：RefreshArenaTask:加入队列中
16:25:22,777 - TimeEventHeartbeatThread.startPrepare - 任务：ActivityTask:加入队列中
16:25:22,777 - TimeEventHeartbeatThread.startPrepare - 任务：SysGivePowerTask:delay<0
16:25:22,777 - TimeEventHeartbeatThread.startPrepare - 任务：SysGivePowerTask:delay<0
16:25:22,778 - TimeEventHeartbeatThread.startPrepare - 任务：RefreshDevilTask:delay<0
16:25:22,778 - TimeEventHeartbeatThread.startPrepare - 任务：pushTimeLimitAct:delay<0
16:25:22,778 - TimeEventHeartbeatThread.startPrepare - 任务：SysGivePowerTask:delay<0
16:25:22,778 - TimeEventHeartbeatThread.startPrepare - 任务：SysGivePowerTask:delay<0
16:25:22,779 - TimeEventHeartbeatThread.startPrepare - 任务：RefreshDevilTask:delay<0
16:25:22,779 - TimeEventHeartbeatThread.startPrepare - 任务：pushTimeLimitAct:delay<0
16:25:22,779 - TimeEventHeartbeatThread.startPrepare - 任务：ActivityTask:delay<0
16:25:22,779 - TimeEventHeartbeatThread.startPrepare - 任务：SysGivePowerTask:delay<0
16:25:22,780 - TimeEventHeartbeatThread.startPrepare - 任务：ActivityTask:delay<0
16:25:22,780 - TimeEventHeartbeatThread.startPrepare - 任务：SysGivePowerTask:加入队列中
16:25:22,781 - TimeEventHeartbeatThread.startPrepare - 任务：RefreshDevilTask:加入队列中
16:25:22,784 - TimeEventHeartbeatThread.startPrepare - 任务：pushTimeLimitAct:加入队列中
16:25:22,784 - TimeEventHeartbeatThread.startPrepare - 任务：SysGivePowerTask:加入队列中
16:25:22,785 - TimeEventHeartbeatThread.startPrepare - 任务：SysGivePowerTask:delay<0
16:25:22,785 - TimeEventHeartbeatThread.startPrepare - 任务：RefreshDevilTask:delay<0
16:25:22,785 - TimeEventHeartbeatThread.startPrepare - 任务：pushTimeLimitAct:delay<0
16:25:22,786 - TimeEventHeartbeatThread.startPrepare - 任务：SysGivePowerTask:delay<0
16:25:22,786 - TimeEventHeartbeatThread.startPrepare - 任务：SysGivePowerTask:delay<0
16:25:22,786 - TimeEventHeartbeatThread.startPrepare - 任务：RefreshDevilTask:delay<0
16:25:22,786 - TimeEventHeartbeatThread.startPrepare - 任务：pushTimeLimitAct:delay<0
16:25:22,787 - TimeEventHeartbeatThread.startPrepare - 任务：SysGivePowerTask:delay<0
16:25:22,787 - TimeEventHeartbeatThread.startPrepare - 任务：SysGivePowerTask:加入队列中
16:25:22,787 - TimeEventHeartbeatThread.startPrepare - 任务：RefreshDevilTask:加入队列中
16:25:22,788 - TimeEventHeartbeatThread.startPrepare - 任务：pushTimeLimitAct:加入队列中
16:25:22,788 - TimeEventHeartbeatThread.startPrepare - 任务：SysGivePowerTask:加入队列中
16:25:22,789 - TimeEventHeartbeatThread.startPrepare - 任务：ActivityTask:加入队列中
16:25:22,789 - TimeEventHeartbeatThread.startPrepare - 任务：SysGivePowerTask:delay<0
16:25:22,790 - TimeEventHeartbeatThread.startPrepare - 任务：sendScribedLogTask:delay<0
16:25:22,790 - TimeEventHeartbeatThread.startPrepare - 任务：RefreshDevilTask:delay<0
16:25:22,790 - TimeEventHeartbeatThread.startPrepare - 任务：pushTimeLimitAct:delay<0
16:25:22,790 - TimeEventHeartbeatThread.startPrepare - 任务：AddLoginDaysTask:delay<0
16:25:22,791 - TimeEventHeartbeatThread.startPrepare - 任务：updateArmyTitleSalaryDaysTask:delay<0
16:25:22,791 - TimeEventHeartbeatThread.startPrepare - 任务：updateBankDaysTask:delay<0
16:25:22,791 - TimeEventHeartbeatThread.startPrepare - 任务：updateEveryDayTargetTask:delay<0
16:25:22,792 - TimeEventHeartbeatThread.startPrepare - 任务：updateGemMazeEnergy:delay<0
16:25:22,793 - TimeEventHeartbeatThread.startPrepare - 任务：updateLoopTask:delay<0
16:25:22,793 - TimeEventHeartbeatThread.startPrepare - 任务：updateEveryDayChargeGift:delay<0
16:25:22,794 - TimeEventHeartbeatThread.startPrepare - 任务：updateSpecialActivityUI:delay<0
16:25:22,794 - TimeEventHeartbeatThread.startPrepare - 任务：updateRank:delay<0
16:25:22,794 - TimeEventHeartbeatThread.startPrepare - 任务：updateCorpsMaintenanceCost:delay<0
16:25:22,795 - TimeEventHeartbeatThread.startPrepare - 任务：RefreshExamTask:delay<0
16:25:22,795 - TimeEventHeartbeatThread.startPrepare - 任务：RefreshActivityTask:delay<0
16:25:22,795 - TimeEventHeartbeatThread.startPrepare - 任务：SysGivePowerTask:delay<0
16:25:22,795 - TimeEventHeartbeatThread.startPrepare - 任务：RefreshDevilTask:delay<0
16:25:22,796 - TimeEventHeartbeatThread.startPrepare - 任务：pushTimeLimitAct:delay<0
16:25:22,796 - TimeEventHeartbeatThread.startPrepare - 任务：SysGivePowerTask:delay<0
16:25:22,796 - TimeEventHeartbeatThread.startPrepare - 任务：SysGivePowerTask:delay<0
16:25:22,796 - TimeEventHeartbeatThread.startPrepare - 任务：RefreshDevilTask:delay<0
16:25:22,797 - TimeEventHeartbeatThread.startPrepare - 任务：pushTimeLimitAct:delay<0
16:25:22,797 - TimeEventHeartbeatThread.startPrepare - 任务：SysGivePowerTask:delay<0
16:25:22,797 - TimeEventHeartbeatThread.startPrepare - 任务：ActivityTask:delay<0
16:25:22,797 - TimeEventHeartbeatThread.startPrepare - 任务：SysGivePowerTask:delay<0
16:25:22,798 - TimeEventHeartbeatThread.startPrepare - 任务：RefreshDevilTask:delay<0
16:25:22,799 - TimeEventHeartbeatThread.startPrepare - 任务：pushTimeLimitAct:delay<0
16:25:22,799 - TimeEventHeartbeatThread.startPrepare - 任务：ActivityTask:delay<0
16:25:22,799 - TimeEventHeartbeatThread.startPrepare - 任务：SysGivePowerTask:加入队列中
16:25:22,800 - TimeEventHeartbeatThread.startPrepare - 任务：ActivityTask:加入队列中
16:25:22,800 - TimeEventHeartbeatThread.startPrepare - 任务：SysGivePowerTask:加入队列中
16:25:22,801 - TimeEventHeartbeatThread.startPrepare - 任务：RefreshDevilTask:加入队列中
16:25:22,802 - TimeEventHeartbeatThread.startPrepare - 任务：pushTimeLimitAct:加入队列中
16:25:22,804 - TimeEventHeartbeatThread.startPrepare - 任务：SysGivePowerTask:delay<0
16:25:22,804 - TimeEventHeartbeatThread.startPrepare - 任务：SysGivePowerTask:delay<0
16:25:22,804 - TimeEventHeartbeatThread.startPrepare - 任务：RefreshDevilTask:delay<0
16:25:22,805 - TimeEventHeartbeatThread.startPrepare - 任务：pushTimeLimitAct:delay<0
16:25:22,805 - TimeEventHeartbeatThread.startPrepare - 任务：SysGivePowerTask:delay<0
16:25:22,805 - TimeEventHeartbeatThread.startPrepare - 任务：SysGivePowerTask:delay<0
16:25:22,806 - TimeEventHeartbeatThread.startPrepare - 任务：RefreshDevilTask:delay<0
16:25:22,806 - TimeEventHeartbeatThread.startPrepare - 任务：pushTimeLimitAct:delay<0
16:25:22,806 - TimeEventHeartbeatThread.startPrepare - 任务：SysGivePowerTask:加入队列中
16:25:22,807 - TimeEventHeartbeatThread.startPrepare - 任务：ActivityTask:加入队列中
16:25:22,808 - TimeEventHeartbeatThread.startPrepare - 任务：SysGivePowerTask:加入队列中
16:25:22,808 - TimeEventHeartbeatThread.startPrepare - 任务：RefreshDevilTask:加入队列中
16:25:22,809 - TimeEventHeartbeatThread.startPrepare - 任务：pushTimeLimitAct:加入队列中
16:25:22,809 - TimeEventHeartbeatThread.startPrepare - 任务：ActivityTask:加入队列中
16:25:22,810 - TimeEventHeartbeatThread.startPrepare - 任务：SysGivePowerTask:加入队列中
16:25:22,812 - TimeEventHeartbeatThread.startPrepare - 任务：RefreshCorpsBossRankTask:加入队列中
16:25:22,814 - TimeEventHeartbeatThread.startPrepare - 任务：RefreshCorpsBossCountRankTask:加入队列中
16:25:22,815 - TimeEventHeartbeatThread.startPrepare - 任务：ActivityTask:delay<0
16:25:22,817 - TimeEventHeartbeatThread.startPrepare - 任务：SysGivePowerTask:delay<0
16:25:22,817 - TimeEventHeartbeatThread.startPrepare - 任务：SysGivePowerTask:delay<0
16:25:22,818 - TimeEventHeartbeatThread.startPrepare - 任务：RefreshDevilTask:delay<0
16:25:22,819 - TimeEventHeartbeatThread.startPrepare - 任务：pushTimeLimitAct:delay<0
16:25:22,820 - TimeEventHeartbeatThread.startPrepare - 任务：RefreshNvnRankTask:delay<0
16:25:22,820 - TimeEventHeartbeatThread.startPrepare - 任务：SysGivePowerTask:delay<0
16:25:22,821 - TimeEventHeartbeatThread.startPrepare - 任务：SysGivePowerTask:delay<0
16:25:22,822 - TimeEventHeartbeatThread.startPrepare - 任务：RefreshDevilTask:delay<0
16:25:22,824 - TimeEventHeartbeatThread.startPrepare - 任务：pushTimeLimitAct:delay<0
16:25:22,824 - TimeEventHeartbeatThread.startPrepare - 任务：SysGivePowerTask:delay<0
16:25:22,824 - TimeEventHeartbeatThread.startPrepare - 任务：SysGivePowerTask:加入队列中
16:25:22,825 - TimeEventHeartbeatThread.startPrepare - 任务：RefreshDevilTask:加入队列中
16:25:22,825 - TimeEventHeartbeatThread.startPrepare - 任务：pushTimeLimitAct:加入队列中
16:25:22,826 - TimeEventHeartbeatThread.startPrepare - 任务：SysGivePowerTask:加入队列中
16:25:22,826 - TimeEventHeartbeatThread.startPrepare - 任务：RefreshXianhuRank:加入队列中
16:25:22,827 - TimeEventHeartbeatThread.startPrepare - 任务：ActivityTask:加入队列中
16:25:22,827 - TimeEventHeartbeatThread.startPrepare - 任务：SysGivePowerTask:delay<0
16:25:22,828 - TimeEventHeartbeatThread.startPrepare - 任务：RefreshDevilTask:delay<0
16:25:22,828 - TimeEventHeartbeatThread.startPrepare - 任务：pushTimeLimitAct:delay<0
16:25:22,828 - TimeEventHeartbeatThread.startPrepare - 任务：SysGivePowerTask:delay<0
16:25:22,829 - TimeEventHeartbeatThread.startPrepare - 任务：SysGivePowerTask:delay<0
16:25:22,829 - TimeEventHeartbeatThread.startPrepare - 任务：RefreshDevilTask:delay<0
16:25:22,830 - TimeEventHeartbeatThread.startPrepare - 任务：pushTimeLimitAct:delay<0
16:25:22,830 - TimeEventHeartbeatThread.startPrepare - 任务：SysGivePowerTask:delay<0
16:25:22,830 - TimeEventHeartbeatThread.startPrepare - 任务：SysGivePowerTask:delay<0
16:25:22,830 - TimeEventHeartbeatThread.startPrepare - 任务：RefreshDevilTask:delay<0
16:25:22,831 - TimeEventHeartbeatThread.startPrepare - 任务：pushTimeLimitAct:delay<0
16:25:22,832 - TimeEventHeartbeatThread.startPrepare - 任务：ActivityTask:delay<0
16:25:22,833 - TimeEventHeartbeatThread.startPrepare - 任务：SysGivePowerTask:加入队列中
16:25:22,834 - TimeEventHeartbeatThread.startPrepare - 任务：SysGivePowerTask:加入队列中
16:25:22,834 - TimeEventHeartbeatThread.startPrepare - 任务：RefreshDevilTask:加入队列中
16:25:22,834 - TimeEventHeartbeatThread.startPrepare - 任务：pushTimeLimitAct:加入队列中
16:25:22,835 - TimeEventHeartbeatThread.startPrepare - 任务：ResetZeroTask:加入队列中
16:25:22,836 - TimeEventHeartbeatThread.startPrepare - 共有40个定时任务加入时间队列中
16:30:00,969 - TimeEventHeartbeatThread.run - 共有2个定时任务在此心跳任务执行
16:30:00,969 - TimeQueueService$SysGivePowerTask.run - 任务：SysGivePowerTask:执行所需时间:0ms
16:30:00,972 - ActivityTask.run - 任务：ActivityTask:执行所需时间:0ms
16:31:41,387 - LogServerHeartbeatThread.shutdown - #LogServerHeartbeatThread#shutdown#msg queue!size=0
16:31:41,392 - QueueMessageProcessor.run - [#CORE.QueueMessageProcessor.run] [Stop process]
16:44:17,919 - IndexedEnum$IndexedEnumUtil.toIndexes - 警告：枚举类com.imop.lj.common.model.human.TipsInfoDef$MailBoxInfoType中有索引超过1000的索引，如果有很多索引空缺，可能会造成空间浪费
16:44:17,946 - IndexedEnum$IndexedEnumUtil.toIndexes - 警告：枚举类com.imop.lj.gameserver.activity.function.ActivityDef$ActivitySysMessageType中有索引超过1000的索引，如果有很多索引空缺，可能会造成空间浪费
16:44:35,935 - IndexedEnum$IndexedEnumUtil.toIndexes - 警告：枚举类com.imop.lj.gameserver.constant.ConstantDef$ConstantEnum中有索引超过1000的索引，如果有很多索引空缺，可能会造成空间浪费
16:44:36,322 - CorpsService.clearCorpsWeekContributionChecker - #CorpsService#upgradeCorpsChecker get all corps lst is null!
16:44:36,362 - TimeEventHeartbeatThread.startPrepare - 任务：SysGivePowerTask:delay<0
16:44:36,362 - TimeEventHeartbeatThread.startPrepare - 任务：SysGivePowerTask:delay<0
16:44:36,363 - TimeEventHeartbeatThread.startPrepare - 任务：RefreshDevilTask:delay<0
16:44:36,363 - TimeEventHeartbeatThread.startPrepare - 任务：pushTimeLimitAct:delay<0
16:44:36,363 - TimeEventHeartbeatThread.startPrepare - 任务：SysGivePowerTask:delay<0
16:44:36,363 - TimeEventHeartbeatThread.startPrepare - 任务：SysGivePowerTask:delay<0
16:44:36,364 - TimeEventHeartbeatThread.startPrepare - 任务：RefreshDevilTask:delay<0
16:44:36,364 - TimeEventHeartbeatThread.startPrepare - 任务：pushTimeLimitAct:delay<0
16:44:36,364 - TimeEventHeartbeatThread.startPrepare - 任务：SysGivePowerTask:加入队列中
16:44:36,364 - TimeEventHeartbeatThread.startPrepare - 任务：SysGivePowerTask:加入队列中
16:44:36,365 - TimeEventHeartbeatThread.startPrepare - 任务：RefreshDevilTask:加入队列中
16:44:36,365 - TimeEventHeartbeatThread.startPrepare - 任务：pushTimeLimitAct:加入队列中
16:44:36,367 - TimeEventHeartbeatThread.startPrepare - 任务：RefreshArenaTask:加入队列中
16:44:36,367 - TimeEventHeartbeatThread.startPrepare - 任务：ActivityTask:加入队列中
16:44:36,368 - TimeEventHeartbeatThread.startPrepare - 任务：SysGivePowerTask:delay<0
16:44:36,368 - TimeEventHeartbeatThread.startPrepare - 任务：SysGivePowerTask:delay<0
16:44:36,368 - TimeEventHeartbeatThread.startPrepare - 任务：RefreshDevilTask:delay<0
16:44:36,369 - TimeEventHeartbeatThread.startPrepare - 任务：pushTimeLimitAct:delay<0
16:44:36,369 - TimeEventHeartbeatThread.startPrepare - 任务：SysGivePowerTask:delay<0
16:44:36,369 - TimeEventHeartbeatThread.startPrepare - 任务：SysGivePowerTask:delay<0
16:44:36,369 - TimeEventHeartbeatThread.startPrepare - 任务：RefreshDevilTask:delay<0
16:44:36,370 - TimeEventHeartbeatThread.startPrepare - 任务：pushTimeLimitAct:delay<0
16:44:36,370 - TimeEventHeartbeatThread.startPrepare - 任务：ActivityTask:delay<0
16:44:36,370 - TimeEventHeartbeatThread.startPrepare - 任务：SysGivePowerTask:delay<0
16:44:36,370 - TimeEventHeartbeatThread.startPrepare - 任务：ActivityTask:delay<0
16:44:36,370 - TimeEventHeartbeatThread.startPrepare - 任务：SysGivePowerTask:加入队列中
16:44:36,371 - TimeEventHeartbeatThread.startPrepare - 任务：RefreshDevilTask:加入队列中
16:44:36,371 - TimeEventHeartbeatThread.startPrepare - 任务：pushTimeLimitAct:加入队列中
16:44:36,373 - TimeEventHeartbeatThread.startPrepare - 任务：SysGivePowerTask:加入队列中
16:44:36,375 - TimeEventHeartbeatThread.startPrepare - 任务：SysGivePowerTask:delay<0
16:44:36,375 - TimeEventHeartbeatThread.startPrepare - 任务：RefreshDevilTask:delay<0
16:44:36,376 - TimeEventHeartbeatThread.startPrepare - 任务：pushTimeLimitAct:delay<0
16:44:36,377 - TimeEventHeartbeatThread.startPrepare - 任务：SysGivePowerTask:delay<0
16:44:36,377 - TimeEventHeartbeatThread.startPrepare - 任务：SysGivePowerTask:delay<0
16:44:36,377 - TimeEventHeartbeatThread.startPrepare - 任务：RefreshDevilTask:delay<0
16:44:36,377 - TimeEventHeartbeatThread.startPrepare - 任务：pushTimeLimitAct:delay<0
16:44:36,377 - TimeEventHeartbeatThread.startPrepare - 任务：SysGivePowerTask:delay<0
16:44:36,378 - TimeEventHeartbeatThread.startPrepare - 任务：SysGivePowerTask:加入队列中
16:44:36,378 - TimeEventHeartbeatThread.startPrepare - 任务：RefreshDevilTask:加入队列中
16:44:36,379 - TimeEventHeartbeatThread.startPrepare - 任务：pushTimeLimitAct:加入队列中
16:44:36,379 - TimeEventHeartbeatThread.startPrepare - 任务：SysGivePowerTask:加入队列中
16:44:36,380 - TimeEventHeartbeatThread.startPrepare - 任务：ActivityTask:加入队列中
16:44:36,380 - TimeEventHeartbeatThread.startPrepare - 任务：SysGivePowerTask:delay<0
16:44:36,381 - TimeEventHeartbeatThread.startPrepare - 任务：sendScribedLogTask:delay<0
16:44:36,381 - TimeEventHeartbeatThread.startPrepare - 任务：RefreshDevilTask:delay<0
16:44:36,381 - TimeEventHeartbeatThread.startPrepare - 任务：pushTimeLimitAct:delay<0
16:44:36,381 - TimeEventHeartbeatThread.startPrepare - 任务：AddLoginDaysTask:delay<0
16:44:36,382 - TimeEventHeartbeatThread.startPrepare - 任务：updateArmyTitleSalaryDaysTask:delay<0
16:44:36,383 - TimeEventHeartbeatThread.startPrepare - 任务：updateBankDaysTask:delay<0
16:44:36,383 - TimeEventHeartbeatThread.startPrepare - 任务：updateEveryDayTargetTask:delay<0
16:44:36,383 - TimeEventHeartbeatThread.startPrepare - 任务：updateGemMazeEnergy:delay<0
16:44:36,383 - TimeEventHeartbeatThread.startPrepare - 任务：updateLoopTask:delay<0
16:44:36,384 - TimeEventHeartbeatThread.startPrepare - 任务：updateEveryDayChargeGift:delay<0
16:44:36,384 - TimeEventHeartbeatThread.startPrepare - 任务：updateSpecialActivityUI:delay<0
16:44:36,384 - TimeEventHeartbeatThread.startPrepare - 任务：updateRank:delay<0
16:44:36,384 - TimeEventHeartbeatThread.startPrepare - 任务：updateCorpsMaintenanceCost:delay<0
16:44:36,385 - TimeEventHeartbeatThread.startPrepare - 任务：RefreshExamTask:delay<0
16:44:36,385 - TimeEventHeartbeatThread.startPrepare - 任务：RefreshActivityTask:delay<0
16:44:36,385 - TimeEventHeartbeatThread.startPrepare - 任务：SysGivePowerTask:delay<0
16:44:36,385 - TimeEventHeartbeatThread.startPrepare - 任务：RefreshDevilTask:delay<0
16:44:36,386 - TimeEventHeartbeatThread.startPrepare - 任务：pushTimeLimitAct:delay<0
16:44:36,386 - TimeEventHeartbeatThread.startPrepare - 任务：SysGivePowerTask:delay<0
16:44:36,386 - TimeEventHeartbeatThread.startPrepare - 任务：SysGivePowerTask:delay<0
16:44:36,386 - TimeEventHeartbeatThread.startPrepare - 任务：RefreshDevilTask:delay<0
16:44:36,386 - TimeEventHeartbeatThread.startPrepare - 任务：pushTimeLimitAct:delay<0
16:44:36,387 - TimeEventHeartbeatThread.startPrepare - 任务：SysGivePowerTask:delay<0
16:44:36,387 - TimeEventHeartbeatThread.startPrepare - 任务：ActivityTask:delay<0
16:44:36,387 - TimeEventHeartbeatThread.startPrepare - 任务：SysGivePowerTask:delay<0
16:44:36,387 - TimeEventHeartbeatThread.startPrepare - 任务：RefreshDevilTask:delay<0
16:44:36,388 - TimeEventHeartbeatThread.startPrepare - 任务：pushTimeLimitAct:delay<0
16:44:36,388 - TimeEventHeartbeatThread.startPrepare - 任务：ActivityTask:delay<0
16:44:36,388 - TimeEventHeartbeatThread.startPrepare - 任务：SysGivePowerTask:加入队列中
16:44:36,389 - TimeEventHeartbeatThread.startPrepare - 任务：ActivityTask:加入队列中
16:44:36,389 - TimeEventHeartbeatThread.startPrepare - 任务：SysGivePowerTask:加入队列中
16:44:36,390 - TimeEventHeartbeatThread.startPrepare - 任务：RefreshDevilTask:加入队列中
16:44:36,390 - TimeEventHeartbeatThread.startPrepare - 任务：pushTimeLimitAct:加入队列中
16:44:36,391 - TimeEventHeartbeatThread.startPrepare - 任务：SysGivePowerTask:delay<0
16:44:36,391 - TimeEventHeartbeatThread.startPrepare - 任务：SysGivePowerTask:delay<0
16:44:36,392 - TimeEventHeartbeatThread.startPrepare - 任务：RefreshDevilTask:delay<0
16:44:36,393 - TimeEventHeartbeatThread.startPrepare - 任务：pushTimeLimitAct:delay<0
16:44:36,393 - TimeEventHeartbeatThread.startPrepare - 任务：SysGivePowerTask:delay<0
16:44:36,394 - TimeEventHeartbeatThread.startPrepare - 任务：SysGivePowerTask:delay<0
16:44:36,394 - TimeEventHeartbeatThread.startPrepare - 任务：RefreshDevilTask:delay<0
16:44:36,394 - TimeEventHeartbeatThread.startPrepare - 任务：pushTimeLimitAct:delay<0
16:44:36,394 - TimeEventHeartbeatThread.startPrepare - 任务：SysGivePowerTask:delay<0
16:44:36,394 - TimeEventHeartbeatThread.startPrepare - 任务：ActivityTask:delay<0
16:44:36,395 - TimeEventHeartbeatThread.startPrepare - 任务：SysGivePowerTask:加入队列中
16:44:36,395 - TimeEventHeartbeatThread.startPrepare - 任务：RefreshDevilTask:加入队列中
16:44:36,396 - TimeEventHeartbeatThread.startPrepare - 任务：pushTimeLimitAct:加入队列中
16:44:36,396 - TimeEventHeartbeatThread.startPrepare - 任务：ActivityTask:加入队列中
16:44:36,397 - TimeEventHeartbeatThread.startPrepare - 任务：SysGivePowerTask:加入队列中
16:44:36,397 - TimeEventHeartbeatThread.startPrepare - 任务：RefreshCorpsBossRankTask:加入队列中
16:44:36,397 - TimeEventHeartbeatThread.startPrepare - 任务：RefreshCorpsBossCountRankTask:加入队列中
16:44:36,398 - TimeEventHeartbeatThread.startPrepare - 任务：ActivityTask:delay<0
16:44:36,398 - TimeEventHeartbeatThread.startPrepare - 任务：SysGivePowerTask:delay<0
16:44:36,398 - TimeEventHeartbeatThread.startPrepare - 任务：SysGivePowerTask:delay<0
16:44:36,399 - TimeEventHeartbeatThread.startPrepare - 任务：RefreshDevilTask:delay<0
16:44:36,399 - TimeEventHeartbeatThread.startPrepare - 任务：pushTimeLimitAct:delay<0
16:44:36,399 - TimeEventHeartbeatThread.startPrepare - 任务：RefreshNvnRankTask:delay<0
16:44:36,399 - TimeEventHeartbeatThread.startPrepare - 任务：SysGivePowerTask:delay<0
16:44:36,400 - TimeEventHeartbeatThread.startPrepare - 任务：SysGivePowerTask:delay<0
16:44:36,400 - TimeEventHeartbeatThread.startPrepare - 任务：RefreshDevilTask:delay<0
16:44:36,400 - TimeEventHeartbeatThread.startPrepare - 任务：pushTimeLimitAct:delay<0
16:44:36,401 - TimeEventHeartbeatThread.startPrepare - 任务：SysGivePowerTask:delay<0
16:44:36,401 - TimeEventHeartbeatThread.startPrepare - 任务：SysGivePowerTask:加入队列中
16:44:36,401 - TimeEventHeartbeatThread.startPrepare - 任务：RefreshDevilTask:加入队列中
16:44:36,402 - TimeEventHeartbeatThread.startPrepare - 任务：pushTimeLimitAct:加入队列中
16:44:36,404 - TimeEventHeartbeatThread.startPrepare - 任务：SysGivePowerTask:加入队列中
16:44:36,404 - TimeEventHeartbeatThread.startPrepare - 任务：RefreshXianhuRank:加入队列中
16:44:36,405 - TimeEventHeartbeatThread.startPrepare - 任务：ActivityTask:加入队列中
16:44:36,405 - TimeEventHeartbeatThread.startPrepare - 任务：SysGivePowerTask:delay<0
16:44:36,405 - TimeEventHeartbeatThread.startPrepare - 任务：RefreshDevilTask:delay<0
16:44:36,406 - TimeEventHeartbeatThread.startPrepare - 任务：pushTimeLimitAct:delay<0
16:44:36,406 - TimeEventHeartbeatThread.startPrepare - 任务：SysGivePowerTask:delay<0
16:44:36,406 - TimeEventHeartbeatThread.startPrepare - 任务：SysGivePowerTask:delay<0
16:44:36,406 - TimeEventHeartbeatThread.startPrepare - 任务：RefreshDevilTask:delay<0
16:44:36,406 - TimeEventHeartbeatThread.startPrepare - 任务：pushTimeLimitAct:delay<0
16:44:36,407 - TimeEventHeartbeatThread.startPrepare - 任务：SysGivePowerTask:delay<0
16:44:36,407 - TimeEventHeartbeatThread.startPrepare - 任务：SysGivePowerTask:delay<0
16:44:36,408 - TimeEventHeartbeatThread.startPrepare - 任务：RefreshDevilTask:delay<0
16:44:36,408 - TimeEventHeartbeatThread.startPrepare - 任务：pushTimeLimitAct:delay<0
16:44:36,408 - TimeEventHeartbeatThread.startPrepare - 任务：ActivityTask:delay<0
16:44:36,408 - TimeEventHeartbeatThread.startPrepare - 任务：SysGivePowerTask:加入队列中
16:44:36,409 - TimeEventHeartbeatThread.startPrepare - 任务：SysGivePowerTask:加入队列中
16:44:36,409 - TimeEventHeartbeatThread.startPrepare - 任务：RefreshDevilTask:加入队列中
16:44:36,410 - TimeEventHeartbeatThread.startPrepare - 任务：pushTimeLimitAct:加入队列中
16:44:36,410 - TimeEventHeartbeatThread.startPrepare - 任务：ResetZeroTask:加入队列中
16:44:36,411 - TimeEventHeartbeatThread.startPrepare - 共有38个定时任务加入时间队列中
16:46:13,673 - IndexedEnum$IndexedEnumUtil.toIndexes - 警告：枚举类com.imop.lj.common.model.human.TipsInfoDef$MailBoxInfoType中有索引超过1000的索引，如果有很多索引空缺，可能会造成空间浪费
16:46:13,700 - IndexedEnum$IndexedEnumUtil.toIndexes - 警告：枚举类com.imop.lj.gameserver.activity.function.ActivityDef$ActivitySysMessageType中有索引超过1000的索引，如果有很多索引空缺，可能会造成空间浪费
16:46:31,161 - IndexedEnum$IndexedEnumUtil.toIndexes - 警告：枚举类com.imop.lj.gameserver.constant.ConstantDef$ConstantEnum中有索引超过1000的索引，如果有很多索引空缺，可能会造成空间浪费
16:46:31,557 - CorpsService.clearCorpsWeekContributionChecker - #CorpsService#upgradeCorpsChecker get all corps lst is null!
16:46:31,597 - TimeEventHeartbeatThread.startPrepare - 任务：SysGivePowerTask:delay<0
16:46:31,598 - TimeEventHeartbeatThread.startPrepare - 任务：SysGivePowerTask:delay<0
16:46:31,598 - TimeEventHeartbeatThread.startPrepare - 任务：RefreshDevilTask:delay<0
16:46:31,599 - TimeEventHeartbeatThread.startPrepare - 任务：pushTimeLimitAct:delay<0
16:46:31,599 - TimeEventHeartbeatThread.startPrepare - 任务：SysGivePowerTask:delay<0
16:46:31,599 - TimeEventHeartbeatThread.startPrepare - 任务：SysGivePowerTask:delay<0
16:46:31,600 - TimeEventHeartbeatThread.startPrepare - 任务：RefreshDevilTask:delay<0
16:46:31,600 - TimeEventHeartbeatThread.startPrepare - 任务：pushTimeLimitAct:delay<0
16:46:31,600 - TimeEventHeartbeatThread.startPrepare - 任务：SysGivePowerTask:加入队列中
16:46:31,600 - TimeEventHeartbeatThread.startPrepare - 任务：SysGivePowerTask:加入队列中
16:46:31,601 - TimeEventHeartbeatThread.startPrepare - 任务：RefreshDevilTask:加入队列中
16:46:31,601 - TimeEventHeartbeatThread.startPrepare - 任务：pushTimeLimitAct:加入队列中
16:46:31,602 - TimeEventHeartbeatThread.startPrepare - 任务：RefreshArenaTask:加入队列中
16:46:31,602 - TimeEventHeartbeatThread.startPrepare - 任务：ActivityTask:加入队列中
16:46:31,603 - TimeEventHeartbeatThread.startPrepare - 任务：SysGivePowerTask:delay<0
16:46:31,603 - TimeEventHeartbeatThread.startPrepare - 任务：SysGivePowerTask:delay<0
16:46:31,603 - TimeEventHeartbeatThread.startPrepare - 任务：RefreshDevilTask:delay<0
16:46:31,604 - TimeEventHeartbeatThread.startPrepare - 任务：pushTimeLimitAct:delay<0
16:46:31,604 - TimeEventHeartbeatThread.startPrepare - 任务：SysGivePowerTask:delay<0
16:46:31,604 - TimeEventHeartbeatThread.startPrepare - 任务：SysGivePowerTask:delay<0
16:46:31,604 - TimeEventHeartbeatThread.startPrepare - 任务：RefreshDevilTask:delay<0
16:46:31,605 - TimeEventHeartbeatThread.startPrepare - 任务：pushTimeLimitAct:delay<0
16:46:31,605 - TimeEventHeartbeatThread.startPrepare - 任务：ActivityTask:delay<0
16:46:31,605 - TimeEventHeartbeatThread.startPrepare - 任务：SysGivePowerTask:delay<0
16:46:31,605 - TimeEventHeartbeatThread.startPrepare - 任务：ActivityTask:delay<0
16:46:31,606 - TimeEventHeartbeatThread.startPrepare - 任务：SysGivePowerTask:加入队列中
16:46:31,606 - TimeEventHeartbeatThread.startPrepare - 任务：RefreshDevilTask:加入队列中
16:46:31,607 - TimeEventHeartbeatThread.startPrepare - 任务：pushTimeLimitAct:加入队列中
16:46:31,608 - TimeEventHeartbeatThread.startPrepare - 任务：SysGivePowerTask:加入队列中
16:46:31,608 - TimeEventHeartbeatThread.startPrepare - 任务：SysGivePowerTask:delay<0
16:46:31,609 - TimeEventHeartbeatThread.startPrepare - 任务：RefreshDevilTask:delay<0
16:46:31,609 - TimeEventHeartbeatThread.startPrepare - 任务：pushTimeLimitAct:delay<0
16:46:31,610 - TimeEventHeartbeatThread.startPrepare - 任务：SysGivePowerTask:delay<0
16:46:31,610 - TimeEventHeartbeatThread.startPrepare - 任务：SysGivePowerTask:delay<0
16:46:31,610 - TimeEventHeartbeatThread.startPrepare - 任务：RefreshDevilTask:delay<0
16:46:31,610 - TimeEventHeartbeatThread.startPrepare - 任务：pushTimeLimitAct:delay<0
16:46:31,611 - TimeEventHeartbeatThread.startPrepare - 任务：SysGivePowerTask:delay<0
16:46:31,611 - TimeEventHeartbeatThread.startPrepare - 任务：SysGivePowerTask:加入队列中
16:46:31,611 - TimeEventHeartbeatThread.startPrepare - 任务：RefreshDevilTask:加入队列中
16:46:31,612 - TimeEventHeartbeatThread.startPrepare - 任务：pushTimeLimitAct:加入队列中
16:46:31,612 - TimeEventHeartbeatThread.startPrepare - 任务：SysGivePowerTask:加入队列中
16:46:31,613 - TimeEventHeartbeatThread.startPrepare - 任务：ActivityTask:加入队列中
16:46:31,613 - TimeEventHeartbeatThread.startPrepare - 任务：SysGivePowerTask:delay<0
16:46:31,614 - TimeEventHeartbeatThread.startPrepare - 任务：sendScribedLogTask:delay<0
16:46:31,614 - TimeEventHeartbeatThread.startPrepare - 任务：RefreshDevilTask:delay<0
16:46:31,614 - TimeEventHeartbeatThread.startPrepare - 任务：pushTimeLimitAct:delay<0
16:46:31,614 - TimeEventHeartbeatThread.startPrepare - 任务：AddLoginDaysTask:delay<0
16:46:31,615 - TimeEventHeartbeatThread.startPrepare - 任务：updateArmyTitleSalaryDaysTask:delay<0
16:46:31,615 - TimeEventHeartbeatThread.startPrepare - 任务：updateBankDaysTask:delay<0
16:46:31,615 - TimeEventHeartbeatThread.startPrepare - 任务：updateEveryDayTargetTask:delay<0
16:46:31,635 - TimeEventHeartbeatThread.startPrepare - 任务：updateGemMazeEnergy:delay<0
16:46:31,636 - TimeEventHeartbeatThread.startPrepare - 任务：updateLoopTask:delay<0
16:46:31,637 - TimeEventHeartbeatThread.startPrepare - 任务：updateEveryDayChargeGift:delay<0
16:46:31,637 - TimeEventHeartbeatThread.startPrepare - 任务：updateSpecialActivityUI:delay<0
16:46:31,637 - TimeEventHeartbeatThread.startPrepare - 任务：updateRank:delay<0
16:46:31,638 - TimeEventHeartbeatThread.startPrepare - 任务：updateCorpsMaintenanceCost:delay<0
16:46:31,638 - TimeEventHeartbeatThread.startPrepare - 任务：RefreshExamTask:delay<0
16:46:31,638 - TimeEventHeartbeatThread.startPrepare - 任务：RefreshActivityTask:delay<0
16:46:31,639 - TimeEventHeartbeatThread.startPrepare - 任务：SysGivePowerTask:delay<0
16:46:31,639 - TimeEventHeartbeatThread.startPrepare - 任务：RefreshDevilTask:delay<0
16:46:31,639 - TimeEventHeartbeatThread.startPrepare - 任务：pushTimeLimitAct:delay<0
16:46:31,640 - TimeEventHeartbeatThread.startPrepare - 任务：SysGivePowerTask:delay<0
16:46:31,640 - TimeEventHeartbeatThread.startPrepare - 任务：SysGivePowerTask:delay<0
16:46:31,640 - TimeEventHeartbeatThread.startPrepare - 任务：RefreshDevilTask:delay<0
16:46:31,641 - TimeEventHeartbeatThread.startPrepare - 任务：pushTimeLimitAct:delay<0
16:46:31,641 - TimeEventHeartbeatThread.startPrepare - 任务：SysGivePowerTask:delay<0
16:46:31,641 - TimeEventHeartbeatThread.startPrepare - 任务：ActivityTask:delay<0
16:46:31,641 - TimeEventHeartbeatThread.startPrepare - 任务：SysGivePowerTask:delay<0
16:46:31,642 - TimeEventHeartbeatThread.startPrepare - 任务：RefreshDevilTask:delay<0
16:46:31,642 - TimeEventHeartbeatThread.startPrepare - 任务：pushTimeLimitAct:delay<0
16:46:31,642 - TimeEventHeartbeatThread.startPrepare - 任务：ActivityTask:delay<0
16:46:31,642 - TimeEventHeartbeatThread.startPrepare - 任务：SysGivePowerTask:加入队列中
16:46:31,643 - TimeEventHeartbeatThread.startPrepare - 任务：ActivityTask:加入队列中
16:46:31,643 - TimeEventHeartbeatThread.startPrepare - 任务：SysGivePowerTask:加入队列中
16:46:31,645 - TimeEventHeartbeatThread.startPrepare - 任务：RefreshDevilTask:加入队列中
16:46:31,646 - TimeEventHeartbeatThread.startPrepare - 任务：pushTimeLimitAct:加入队列中
16:46:31,647 - TimeEventHeartbeatThread.startPrepare - 任务：SysGivePowerTask:delay<0
16:46:31,647 - TimeEventHeartbeatThread.startPrepare - 任务：SysGivePowerTask:delay<0
16:46:31,647 - TimeEventHeartbeatThread.startPrepare - 任务：RefreshDevilTask:delay<0
16:46:31,647 - TimeEventHeartbeatThread.startPrepare - 任务：pushTimeLimitAct:delay<0
16:46:31,647 - TimeEventHeartbeatThread.startPrepare - 任务：SysGivePowerTask:delay<0
16:46:31,648 - TimeEventHeartbeatThread.startPrepare - 任务：SysGivePowerTask:delay<0
16:46:31,648 - TimeEventHeartbeatThread.startPrepare - 任务：RefreshDevilTask:delay<0
16:46:31,648 - TimeEventHeartbeatThread.startPrepare - 任务：pushTimeLimitAct:delay<0
16:46:31,649 - TimeEventHeartbeatThread.startPrepare - 任务：SysGivePowerTask:delay<0
16:46:31,649 - TimeEventHeartbeatThread.startPrepare - 任务：ActivityTask:delay<0
16:46:31,649 - TimeEventHeartbeatThread.startPrepare - 任务：SysGivePowerTask:加入队列中
16:46:31,650 - TimeEventHeartbeatThread.startPrepare - 任务：RefreshDevilTask:加入队列中
16:46:31,650 - TimeEventHeartbeatThread.startPrepare - 任务：pushTimeLimitAct:加入队列中
16:46:31,651 - TimeEventHeartbeatThread.startPrepare - 任务：ActivityTask:加入队列中
16:46:31,651 - TimeEventHeartbeatThread.startPrepare - 任务：SysGivePowerTask:加入队列中
16:46:31,652 - TimeEventHeartbeatThread.startPrepare - 任务：RefreshCorpsBossRankTask:加入队列中
16:46:31,652 - TimeEventHeartbeatThread.startPrepare - 任务：RefreshCorpsBossCountRankTask:加入队列中
16:46:31,653 - TimeEventHeartbeatThread.startPrepare - 任务：ActivityTask:delay<0
16:46:31,653 - TimeEventHeartbeatThread.startPrepare - 任务：SysGivePowerTask:delay<0
16:46:31,655 - TimeEventHeartbeatThread.startPrepare - 任务：SysGivePowerTask:delay<0
16:46:31,655 - TimeEventHeartbeatThread.startPrepare - 任务：RefreshDevilTask:delay<0
16:46:31,655 - TimeEventHeartbeatThread.startPrepare - 任务：pushTimeLimitAct:delay<0
16:46:31,655 - TimeEventHeartbeatThread.startPrepare - 任务：RefreshNvnRankTask:delay<0
16:46:31,656 - TimeEventHeartbeatThread.startPrepare - 任务：SysGivePowerTask:delay<0
16:46:31,656 - TimeEventHeartbeatThread.startPrepare - 任务：SysGivePowerTask:delay<0
16:46:31,657 - TimeEventHeartbeatThread.startPrepare - 任务：RefreshDevilTask:delay<0
16:46:31,657 - TimeEventHeartbeatThread.startPrepare - 任务：pushTimeLimitAct:delay<0
16:46:31,657 - TimeEventHeartbeatThread.startPrepare - 任务：SysGivePowerTask:delay<0
16:46:31,657 - TimeEventHeartbeatThread.startPrepare - 任务：SysGivePowerTask:加入队列中
16:46:31,658 - TimeEventHeartbeatThread.startPrepare - 任务：RefreshDevilTask:加入队列中
16:46:31,658 - TimeEventHeartbeatThread.startPrepare - 任务：pushTimeLimitAct:加入队列中
16:46:31,659 - TimeEventHeartbeatThread.startPrepare - 任务：SysGivePowerTask:加入队列中
16:46:31,659 - TimeEventHeartbeatThread.startPrepare - 任务：RefreshXianhuRank:加入队列中
16:46:31,660 - TimeEventHeartbeatThread.startPrepare - 任务：ActivityTask:加入队列中
16:46:31,660 - TimeEventHeartbeatThread.startPrepare - 任务：SysGivePowerTask:delay<0
16:46:31,660 - TimeEventHeartbeatThread.startPrepare - 任务：RefreshDevilTask:delay<0
16:46:31,661 - TimeEventHeartbeatThread.startPrepare - 任务：pushTimeLimitAct:delay<0
16:46:31,661 - TimeEventHeartbeatThread.startPrepare - 任务：SysGivePowerTask:delay<0
16:46:31,661 - TimeEventHeartbeatThread.startPrepare - 任务：SysGivePowerTask:delay<0
16:46:31,662 - TimeEventHeartbeatThread.startPrepare - 任务：RefreshDevilTask:delay<0
16:46:31,662 - TimeEventHeartbeatThread.startPrepare - 任务：pushTimeLimitAct:delay<0
16:46:31,662 - TimeEventHeartbeatThread.startPrepare - 任务：SysGivePowerTask:delay<0
16:46:31,662 - TimeEventHeartbeatThread.startPrepare - 任务：SysGivePowerTask:delay<0
16:46:31,663 - TimeEventHeartbeatThread.startPrepare - 任务：RefreshDevilTask:delay<0
16:46:31,663 - TimeEventHeartbeatThread.startPrepare - 任务：pushTimeLimitAct:delay<0
16:46:31,663 - TimeEventHeartbeatThread.startPrepare - 任务：ActivityTask:delay<0
16:46:31,663 - TimeEventHeartbeatThread.startPrepare - 任务：SysGivePowerTask:加入队列中
16:46:31,665 - TimeEventHeartbeatThread.startPrepare - 任务：SysGivePowerTask:加入队列中
16:46:31,665 - TimeEventHeartbeatThread.startPrepare - 任务：RefreshDevilTask:加入队列中
16:46:31,666 - TimeEventHeartbeatThread.startPrepare - 任务：pushTimeLimitAct:加入队列中
16:46:31,666 - TimeEventHeartbeatThread.startPrepare - 任务：ResetZeroTask:加入队列中
16:46:31,667 - TimeEventHeartbeatThread.startPrepare - 共有38个定时任务加入时间队列中
16:47:39,833 - IndexedEnum$IndexedEnumUtil.toIndexes - 警告：枚举类com.imop.lj.common.model.human.TipsInfoDef$MailBoxInfoType中有索引超过1000的索引，如果有很多索引空缺，可能会造成空间浪费
16:47:39,858 - IndexedEnum$IndexedEnumUtil.toIndexes - 警告：枚举类com.imop.lj.gameserver.activity.function.ActivityDef$ActivitySysMessageType中有索引超过1000的索引，如果有很多索引空缺，可能会造成空间浪费
16:47:57,580 - IndexedEnum$IndexedEnumUtil.toIndexes - 警告：枚举类com.imop.lj.gameserver.constant.ConstantDef$ConstantEnum中有索引超过1000的索引，如果有很多索引空缺，可能会造成空间浪费
16:47:58,018 - CorpsService.clearCorpsWeekContributionChecker - #CorpsService#upgradeCorpsChecker get all corps lst is null!
16:47:58,066 - TimeEventHeartbeatThread.startPrepare - 任务：SysGivePowerTask:delay<0
16:47:58,066 - TimeEventHeartbeatThread.startPrepare - 任务：SysGivePowerTask:delay<0
16:47:58,067 - TimeEventHeartbeatThread.startPrepare - 任务：RefreshDevilTask:delay<0
16:47:58,067 - TimeEventHeartbeatThread.startPrepare - 任务：pushTimeLimitAct:delay<0
16:47:58,067 - TimeEventHeartbeatThread.startPrepare - 任务：SysGivePowerTask:delay<0
16:47:58,068 - TimeEventHeartbeatThread.startPrepare - 任务：SysGivePowerTask:delay<0
16:47:58,068 - TimeEventHeartbeatThread.startPrepare - 任务：RefreshDevilTask:delay<0
16:47:58,068 - TimeEventHeartbeatThread.startPrepare - 任务：pushTimeLimitAct:delay<0
16:47:58,069 - TimeEventHeartbeatThread.startPrepare - 任务：SysGivePowerTask:加入队列中
16:47:58,069 - TimeEventHeartbeatThread.startPrepare - 任务：SysGivePowerTask:加入队列中
16:47:58,069 - TimeEventHeartbeatThread.startPrepare - 任务：RefreshDevilTask:加入队列中
16:47:58,069 - TimeEventHeartbeatThread.startPrepare - 任务：pushTimeLimitAct:加入队列中
16:47:58,070 - TimeEventHeartbeatThread.startPrepare - 任务：RefreshArenaTask:加入队列中
16:47:58,070 - TimeEventHeartbeatThread.startPrepare - 任务：ActivityTask:加入队列中
16:47:58,070 - TimeEventHeartbeatThread.startPrepare - 任务：SysGivePowerTask:delay<0
16:47:58,070 - TimeEventHeartbeatThread.startPrepare - 任务：SysGivePowerTask:delay<0
16:47:58,070 - TimeEventHeartbeatThread.startPrepare - 任务：RefreshDevilTask:delay<0
16:47:58,071 - TimeEventHeartbeatThread.startPrepare - 任务：pushTimeLimitAct:delay<0
16:47:58,071 - TimeEventHeartbeatThread.startPrepare - 任务：SysGivePowerTask:delay<0
16:47:58,071 - TimeEventHeartbeatThread.startPrepare - 任务：SysGivePowerTask:delay<0
16:47:58,072 - TimeEventHeartbeatThread.startPrepare - 任务：RefreshDevilTask:delay<0
16:47:58,072 - TimeEventHeartbeatThread.startPrepare - 任务：pushTimeLimitAct:delay<0
16:47:58,072 - TimeEventHeartbeatThread.startPrepare - 任务：ActivityTask:delay<0
16:47:58,072 - TimeEventHeartbeatThread.startPrepare - 任务：SysGivePowerTask:delay<0
16:47:58,073 - TimeEventHeartbeatThread.startPrepare - 任务：ActivityTask:delay<0
16:47:58,073 - TimeEventHeartbeatThread.startPrepare - 任务：SysGivePowerTask:加入队列中
16:47:58,073 - TimeEventHeartbeatThread.startPrepare - 任务：RefreshDevilTask:加入队列中
16:47:58,073 - TimeEventHeartbeatThread.startPrepare - 任务：pushTimeLimitAct:加入队列中
16:47:58,074 - TimeEventHeartbeatThread.startPrepare - 任务：SysGivePowerTask:加入队列中
16:47:58,074 - TimeEventHeartbeatThread.startPrepare - 任务：SysGivePowerTask:delay<0
16:47:58,074 - TimeEventHeartbeatThread.startPrepare - 任务：RefreshDevilTask:delay<0
16:47:58,074 - TimeEventHeartbeatThread.startPrepare - 任务：pushTimeLimitAct:delay<0
16:47:58,075 - TimeEventHeartbeatThread.startPrepare - 任务：SysGivePowerTask:delay<0
16:47:58,075 - TimeEventHeartbeatThread.startPrepare - 任务：SysGivePowerTask:delay<0
16:47:58,075 - TimeEventHeartbeatThread.startPrepare - 任务：RefreshDevilTask:delay<0
16:47:58,075 - TimeEventHeartbeatThread.startPrepare - 任务：pushTimeLimitAct:delay<0
16:47:58,076 - TimeEventHeartbeatThread.startPrepare - 任务：SysGivePowerTask:delay<0
16:47:58,078 - TimeEventHeartbeatThread.startPrepare - 任务：SysGivePowerTask:加入队列中
16:47:58,078 - TimeEventHeartbeatThread.startPrepare - 任务：RefreshDevilTask:加入队列中
16:47:58,078 - TimeEventHeartbeatThread.startPrepare - 任务：pushTimeLimitAct:加入队列中
16:47:58,078 - TimeEventHeartbeatThread.startPrepare - 任务：SysGivePowerTask:加入队列中
16:47:58,079 - TimeEventHeartbeatThread.startPrepare - 任务：ActivityTask:加入队列中
16:47:58,079 - TimeEventHeartbeatThread.startPrepare - 任务：SysGivePowerTask:delay<0
16:47:58,079 - TimeEventHeartbeatThread.startPrepare - 任务：sendScribedLogTask:delay<0
16:47:58,080 - TimeEventHeartbeatThread.startPrepare - 任务：RefreshDevilTask:delay<0
16:47:58,080 - TimeEventHeartbeatThread.startPrepare - 任务：pushTimeLimitAct:delay<0
16:47:58,080 - TimeEventHeartbeatThread.startPrepare - 任务：AddLoginDaysTask:delay<0
16:47:58,081 - TimeEventHeartbeatThread.startPrepare - 任务：updateArmyTitleSalaryDaysTask:delay<0
16:47:58,081 - TimeEventHeartbeatThread.startPrepare - 任务：updateBankDaysTask:delay<0
16:47:58,081 - TimeEventHeartbeatThread.startPrepare - 任务：updateEveryDayTargetTask:delay<0
16:47:58,081 - TimeEventHeartbeatThread.startPrepare - 任务：updateGemMazeEnergy:delay<0
16:47:58,082 - TimeEventHeartbeatThread.startPrepare - 任务：updateLoopTask:delay<0
16:47:58,082 - TimeEventHeartbeatThread.startPrepare - 任务：updateEveryDayChargeGift:delay<0
16:47:58,083 - TimeEventHeartbeatThread.startPrepare - 任务：updateSpecialActivityUI:delay<0
16:47:58,083 - TimeEventHeartbeatThread.startPrepare - 任务：updateRank:delay<0
16:47:58,083 - TimeEventHeartbeatThread.startPrepare - 任务：updateCorpsMaintenanceCost:delay<0
16:47:58,083 - TimeEventHeartbeatThread.startPrepare - 任务：RefreshExamTask:delay<0
16:47:58,084 - TimeEventHeartbeatThread.startPrepare - 任务：RefreshActivityTask:delay<0
16:47:58,084 - TimeEventHeartbeatThread.startPrepare - 任务：SysGivePowerTask:delay<0
16:47:58,084 - TimeEventHeartbeatThread.startPrepare - 任务：RefreshDevilTask:delay<0
16:47:58,084 - TimeEventHeartbeatThread.startPrepare - 任务：pushTimeLimitAct:delay<0
16:47:58,084 - TimeEventHeartbeatThread.startPrepare - 任务：SysGivePowerTask:delay<0
16:47:58,085 - TimeEventHeartbeatThread.startPrepare - 任务：SysGivePowerTask:delay<0
16:47:58,085 - TimeEventHeartbeatThread.startPrepare - 任务：RefreshDevilTask:delay<0
16:47:58,085 - TimeEventHeartbeatThread.startPrepare - 任务：pushTimeLimitAct:delay<0
16:47:58,085 - TimeEventHeartbeatThread.startPrepare - 任务：SysGivePowerTask:delay<0
16:47:58,086 - TimeEventHeartbeatThread.startPrepare - 任务：ActivityTask:delay<0
16:47:58,086 - TimeEventHeartbeatThread.startPrepare - 任务：SysGivePowerTask:delay<0
16:47:58,086 - TimeEventHeartbeatThread.startPrepare - 任务：RefreshDevilTask:delay<0
16:47:58,086 - TimeEventHeartbeatThread.startPrepare - 任务：pushTimeLimitAct:delay<0
16:47:58,088 - TimeEventHeartbeatThread.startPrepare - 任务：ActivityTask:delay<0
16:47:58,088 - TimeEventHeartbeatThread.startPrepare - 任务：SysGivePowerTask:加入队列中
16:47:58,088 - TimeEventHeartbeatThread.startPrepare - 任务：ActivityTask:加入队列中
16:47:58,089 - TimeEventHeartbeatThread.startPrepare - 任务：SysGivePowerTask:加入队列中
16:47:58,089 - TimeEventHeartbeatThread.startPrepare - 任务：RefreshDevilTask:加入队列中
16:47:58,089 - TimeEventHeartbeatThread.startPrepare - 任务：pushTimeLimitAct:加入队列中
16:47:58,089 - TimeEventHeartbeatThread.startPrepare - 任务：SysGivePowerTask:delay<0
16:47:58,090 - TimeEventHeartbeatThread.startPrepare - 任务：SysGivePowerTask:delay<0
16:47:58,090 - TimeEventHeartbeatThread.startPrepare - 任务：RefreshDevilTask:delay<0
16:47:58,090 - TimeEventHeartbeatThread.startPrepare - 任务：pushTimeLimitAct:delay<0
16:47:58,090 - TimeEventHeartbeatThread.startPrepare - 任务：SysGivePowerTask:delay<0
16:47:58,090 - TimeEventHeartbeatThread.startPrepare - 任务：SysGivePowerTask:delay<0
16:47:58,091 - TimeEventHeartbeatThread.startPrepare - 任务：RefreshDevilTask:delay<0
16:47:58,091 - TimeEventHeartbeatThread.startPrepare - 任务：pushTimeLimitAct:delay<0
16:47:58,091 - TimeEventHeartbeatThread.startPrepare - 任务：SysGivePowerTask:delay<0
16:47:58,091 - TimeEventHeartbeatThread.startPrepare - 任务：ActivityTask:delay<0
16:47:58,092 - TimeEventHeartbeatThread.startPrepare - 任务：SysGivePowerTask:加入队列中
16:47:58,092 - TimeEventHeartbeatThread.startPrepare - 任务：RefreshDevilTask:加入队列中
16:47:58,092 - TimeEventHeartbeatThread.startPrepare - 任务：pushTimeLimitAct:加入队列中
16:47:58,092 - TimeEventHeartbeatThread.startPrepare - 任务：ActivityTask:加入队列中
16:47:58,093 - TimeEventHeartbeatThread.startPrepare - 任务：SysGivePowerTask:加入队列中
16:47:58,093 - TimeEventHeartbeatThread.startPrepare - 任务：RefreshCorpsBossRankTask:加入队列中
16:47:58,093 - TimeEventHeartbeatThread.startPrepare - 任务：RefreshCorpsBossCountRankTask:加入队列中
16:47:58,093 - TimeEventHeartbeatThread.startPrepare - 任务：ActivityTask:delay<0
16:47:58,093 - TimeEventHeartbeatThread.startPrepare - 任务：SysGivePowerTask:delay<0
16:47:58,094 - TimeEventHeartbeatThread.startPrepare - 任务：SysGivePowerTask:delay<0
16:47:58,094 - TimeEventHeartbeatThread.startPrepare - 任务：RefreshDevilTask:delay<0
16:47:58,094 - TimeEventHeartbeatThread.startPrepare - 任务：pushTimeLimitAct:delay<0
16:47:58,094 - TimeEventHeartbeatThread.startPrepare - 任务：RefreshNvnRankTask:delay<0
16:47:58,095 - TimeEventHeartbeatThread.startPrepare - 任务：SysGivePowerTask:delay<0
16:47:58,095 - TimeEventHeartbeatThread.startPrepare - 任务：SysGivePowerTask:delay<0
16:47:58,095 - TimeEventHeartbeatThread.startPrepare - 任务：RefreshDevilTask:delay<0
16:47:58,095 - TimeEventHeartbeatThread.startPrepare - 任务：pushTimeLimitAct:delay<0
16:47:58,096 - TimeEventHeartbeatThread.startPrepare - 任务：SysGivePowerTask:delay<0
16:47:58,096 - TimeEventHeartbeatThread.startPrepare - 任务：SysGivePowerTask:加入队列中
16:47:58,096 - TimeEventHeartbeatThread.startPrepare - 任务：RefreshDevilTask:加入队列中
16:47:58,096 - TimeEventHeartbeatThread.startPrepare - 任务：pushTimeLimitAct:加入队列中
16:47:58,097 - TimeEventHeartbeatThread.startPrepare - 任务：SysGivePowerTask:加入队列中
16:47:58,099 - TimeEventHeartbeatThread.startPrepare - 任务：RefreshXianhuRank:加入队列中
16:47:58,099 - TimeEventHeartbeatThread.startPrepare - 任务：ActivityTask:加入队列中
16:47:58,099 - TimeEventHeartbeatThread.startPrepare - 任务：SysGivePowerTask:delay<0
16:47:58,100 - TimeEventHeartbeatThread.startPrepare - 任务：RefreshDevilTask:delay<0
16:47:58,100 - TimeEventHeartbeatThread.startPrepare - 任务：pushTimeLimitAct:delay<0
16:47:58,100 - TimeEventHeartbeatThread.startPrepare - 任务：SysGivePowerTask:delay<0
16:47:58,100 - TimeEventHeartbeatThread.startPrepare - 任务：SysGivePowerTask:delay<0
16:47:58,101 - TimeEventHeartbeatThread.startPrepare - 任务：RefreshDevilTask:delay<0
16:47:58,101 - TimeEventHeartbeatThread.startPrepare - 任务：pushTimeLimitAct:delay<0
16:47:58,101 - TimeEventHeartbeatThread.startPrepare - 任务：SysGivePowerTask:delay<0
16:47:58,101 - TimeEventHeartbeatThread.startPrepare - 任务：SysGivePowerTask:delay<0
16:47:58,102 - TimeEventHeartbeatThread.startPrepare - 任务：RefreshDevilTask:delay<0
16:47:58,102 - TimeEventHeartbeatThread.startPrepare - 任务：pushTimeLimitAct:delay<0
16:47:58,102 - TimeEventHeartbeatThread.startPrepare - 任务：ActivityTask:delay<0
16:47:58,102 - TimeEventHeartbeatThread.startPrepare - 任务：SysGivePowerTask:加入队列中
16:47:58,102 - TimeEventHeartbeatThread.startPrepare - 任务：SysGivePowerTask:加入队列中
16:47:58,103 - TimeEventHeartbeatThread.startPrepare - 任务：RefreshDevilTask:加入队列中
16:47:58,103 - TimeEventHeartbeatThread.startPrepare - 任务：pushTimeLimitAct:加入队列中
16:47:58,103 - TimeEventHeartbeatThread.startPrepare - 任务：ResetZeroTask:加入队列中
16:47:58,104 - TimeEventHeartbeatThread.startPrepare - 共有38个定时任务加入时间队列中
