19:29:44 - Message:AddLoginDaysMessage:AddLoginDaysMessage Type:0 Time:44ms Total:4 Error:0
19:29:44 - Message:UserPrizeToMailMessage:UserPrizeToMailMessage Type:0 Time:9ms Total:4 Error:0
19:29:44 - Message:UpdateOnPlayerLoginMsg:UpdateOnPlayerLoginMsg Type:0 Time:75ms Total:4 Error:0
19:29:44 - Message:PlayerCheckNeedGiveRewardMsg:PlayerCheckNeedGiveRewardMsg Type:0 Time:14ms Total:4 Error:0
19:30:00 - Message:SysGivePowerMessage:SysGivePowerMessage Type:0 Time:3ms Total:6 Error:0
19:30:43 - Message:CG_GET_ONLINEGIFT_INFO:CGGetOnlinegiftInfo Type:4009 Time:14ms Total:7 Error:0
19:30:48 - Message:CG_MAP_PLAYER_MOVE:CGMapPlayerMove Type:2903 Time:56ms Total:8 Error:0
19:30:52 - Message:CG_FINISH_QUEST:CGFinishQuest Type:1806 Time:117ms Total:13 Error:0
19:41:28 - Message:SCHD_PLAYER_ASYNC_FINISH [class com.imop.lj.core.async.AsyncOperation operation[com.imop.lj.gameserver.player.async.PlayerPrizeToMailOperation]]:SchedulePlayerAsyncFinishMessage Type:11 Time:2ms Total:22 Error:0
19:53:54 - Message:CG_FINISH_QUEST:CGFinishQuest Type:1806 Time:68ms Total:28 Error:0
19:54:00 - Message:CG_USE_ITEM:CGUseItem Type:1304 Time:209ms Total:29 Error:0
19:54:02 - Message:CG_USE_ITEM:CGUseItem Type:1304 Time:3ms Total:32 Error:0
19:54:03 - Message:CG_USE_ITEM:CGUseItem Type:1304 Time:9ms Total:34 Error:0
19:54:03 - Message:CG_FINISH_QUEST:CGFinishQuest Type:1806 Time:34ms Total:34 Error:0
20:00:00 - Message:SysGivePowerMessage:SysGivePowerMessage Type:0 Time:2ms Total:37 Error:0
20:11:30 - Message:CG_USE_ITEM:CGUseItem Type:1304 Time:59ms Total:44 Error:0
20:11:33 - Message:CG_PET_CHANGE_FIGHT_STATE:CGPetChangeFightState Type:2006 Time:30ms Total:45 Error:0
20:11:35 - Message:CG_FINISH_GUIDE:CGFinishGuide Type:5607 Time:9ms Total:47 Error:0
20:11:35 - Message:CG_MAP_PLAYER_ENTER:CGMapPlayerEnter Type:2901 Time:2ms Total:47 Error:0
20:11:37 - Message:CG_MAP_FIGHT_NPC:CGMapFightNpc Type:2906 Time:468ms Total:49 Error:0
20:11:43 - Message:CG_BATTLE_NEXT_ROUND:CGBattleNextRound Type:3005 Time:139ms Total:50 Error:0
20:12:30 - Message:CG_BATTLE_NEXT_ROUND:CGBattleNextRound Type:3005 Time:51ms Total:51 Error:0
20:12:37 - Message:CG_BATTLE_READ_REPORT_END:CGBattleReadReportEnd Type:3019 Time:60ms Total:52 Error:0
20:21:28 - Message:UserPrizeToMailMessage:UserPrizeToMailMessage Type:0 Time:2ms Total:55 Error:0
20:26:28 - Message:SCHD_PLAYER_ASYNC_FINISH [class com.imop.lj.core.async.AsyncOperation operation[com.imop.lj.gameserver.player.async.PlayerPrizeToMailOperation]]:SchedulePlayerAsyncFinishMessage Type:11 Time:2ms Total:58 Error:0
21:16:28 - Message:UserPrizeToMailMessage:UserPrizeToMailMessage Type:0 Time:5ms Total:79 Error:0
22:42:45 - Message:AddLoginDaysMessage:AddLoginDaysMessage Type:0 Time:2ms Total:4 Error:0
22:42:45 - Message:UserPrizeToMailMessage:UserPrizeToMailMessage Type:0 Time:2ms Total:4 Error:0
22:42:45 - Message:UpdateOnPlayerLoginMsg:UpdateOnPlayerLoginMsg Type:0 Time:8ms Total:4 Error:0
22:42:45 - Message:PlayerCheckNeedGiveRewardMsg:PlayerCheckNeedGiveRewardMsg Type:0 Time:5ms Total:5 Error:0
22:43:34 - Message:UpdateOnPlayerLoginMsg:UpdateOnPlayerLoginMsg Type:0 Time:7ms Total:9 Error:0
22:43:34 - Message:PlayerCheckNeedGiveRewardMsg:PlayerCheckNeedGiveRewardMsg Type:0 Time:8ms Total:9 Error:0
