18:43:59 - 0:0:0:0:0:0:0:1 4、Player logout GameServerIoHandler.sessionClosed msgProcessor.put(msg):0:0:0:0:0:0:0:1
18:43:59 - 0:0:0:0:0:0:0:16、Player logout PlayerMessageHandler.handlePlayerCloseSession Globals.getMessageProcessor().put(offlineMsg) player passportId
18:43:59 - 8、Player logout offlineMsg.execute  player passportId player stateinit
18:43:59 - 0:0:0:0:0:0:0:1 13、Player logout OnlinePlayerService.offlinePlayer  player passportId player stateinit
18:43:59 - 14、Player passportId is zero!
18:43:59 - offline player passport=
18:43:59 - #removePlayer#passportIdPlayers#not same!offline player passportId=;player=0:0:0:0:0:0:0:1;pPlayer=null
18:43:59 - #removePlayer#onlinePlayersMap#not same!offline player passportId=;player=0:0:0:0:0:0:0:1;pPlayer=null;player.getRoleUUID()=-1
18:44:36 - 0:0:0:0:0:0:0:1 4、Player logout GameServerIoHandler.sessionClosed msgProcessor.put(msg):0:0:0:0:0:0:0:1
18:44:36 - 0:0:0:0:0:0:0:16、Player logout PlayerMessageHandler.handlePlayerCloseSession Globals.getMessageProcessor().put(offlineMsg) player passportId
18:44:36 - 8、Player logout offlineMsg.execute  player passportId player stateinit
18:44:36 - 0:0:0:0:0:0:0:1 13、Player logout OnlinePlayerService.offlinePlayer  player passportId player stateinit
18:44:36 - 14、Player passportId is zero!
18:44:36 - offline player passport=
18:44:36 - #removePlayer#passportIdPlayers#not same!offline player passportId=;player=0:0:0:0:0:0:0:1;pPlayer=null
18:44:36 - #removePlayer#onlinePlayersMap#not same!offline player passportId=;player=0:0:0:0:0:0:0:1;pPlayer=null;player.getRoleUUID()=-1
18:45:36 - 0:0:0:0:0:0:0:1 4、Player logout GameServerIoHandler.sessionClosed msgProcessor.put(msg):0:0:0:0:0:0:0:1
18:45:36 - 0:0:0:0:0:0:0:16、Player logout PlayerMessageHandler.handlePlayerCloseSession Globals.getMessageProcessor().put(offlineMsg) player passportId
18:45:36 - 8、Player logout offlineMsg.execute  player passportId player stateinit
18:45:36 - 0:0:0:0:0:0:0:1 13、Player logout OnlinePlayerService.offlinePlayer  player passportId player stateinit
18:45:36 - 14、Player passportId is zero!
18:45:36 - offline player passport=
18:45:36 - #removePlayer#passportIdPlayers#not same!offline player passportId=;player=0:0:0:0:0:0:0:1;pPlayer=null
18:45:36 - #removePlayer#onlinePlayersMap#not same!offline player passportId=;player=0:0:0:0:0:0:0:1;pPlayer=null;player.getRoleUUID()=-1
18:49:05 - 0:0:0:0:0:0:0:1 4、Player logout GameServerIoHandler.sessionClosed msgProcessor.put(msg):0:0:0:0:0:0:0:1
18:49:05 - 0:0:0:0:0:0:0:16、Player logout PlayerMessageHandler.handlePlayerCloseSession Globals.getMessageProcessor().put(offlineMsg) player passportId
18:49:05 - 8、Player logout offlineMsg.execute  player passportId player stateinit
18:49:05 - 0:0:0:0:0:0:0:1 13、Player logout OnlinePlayerService.offlinePlayer  player passportId player stateinit
18:49:05 - 14、Player passportId is zero!
18:49:05 - offline player passport=
18:49:05 - #removePlayer#passportIdPlayers#not same!offline player passportId=;player=0:0:0:0:0:0:0:1;pPlayer=null
18:49:05 - #removePlayer#onlinePlayersMap#not same!offline player passportId=;player=0:0:0:0:0:0:0:1;pPlayer=null;player.getRoleUUID()=-1
18:51:23 - 0:0:0:0:0:0:0:1 4、Player logout GameServerIoHandler.sessionClosed msgProcessor.put(msg):0:0:0:0:0:0:0:1
18:51:23 - 0:0:0:0:0:0:0:16、Player logout PlayerMessageHandler.handlePlayerCloseSession Globals.getMessageProcessor().put(offlineMsg) player passportId
18:51:23 - 8、Player logout offlineMsg.execute  player passportId player stateinit
18:51:23 - 0:0:0:0:0:0:0:1 13、Player logout OnlinePlayerService.offlinePlayer  player passportId player stateinit
18:51:23 - 14、Player passportId is zero!
18:51:23 - offline player passport=
18:51:23 - #removePlayer#passportIdPlayers#not same!offline player passportId=;player=0:0:0:0:0:0:0:1;pPlayer=null
18:51:23 - #removePlayer#onlinePlayersMap#not same!offline player passportId=;player=0:0:0:0:0:0:0:1;pPlayer=null;player.getRoleUUID()=-1
18:51:55 - 0:0:0:0:0:0:0:1 4、Player logout GameServerIoHandler.sessionClosed msgProcessor.put(msg):0:0:0:0:0:0:0:1
18:51:55 - 0:0:0:0:0:0:0:16、Player logout PlayerMessageHandler.handlePlayerCloseSession Globals.getMessageProcessor().put(offlineMsg) player passportId
18:51:55 - 8、Player logout offlineMsg.execute  player passportId player stateinit
18:51:55 - 0:0:0:0:0:0:0:1 13、Player logout OnlinePlayerService.offlinePlayer  player passportId player stateinit
18:51:55 - 14、Player passportId is zero!
18:51:55 - offline player passport=
18:51:55 - #removePlayer#passportIdPlayers#not same!offline player passportId=;player=0:0:0:0:0:0:0:1;pPlayer=null
18:51:55 - #removePlayer#onlinePlayersMap#not same!offline player passportId=;player=0:0:0:0:0:0:0:1;pPlayer=null;player.getRoleUUID()=-1
18:52:57 - 0:0:0:0:0:0:0:1 4、Player logout GameServerIoHandler.sessionClosed msgProcessor.put(msg):0:0:0:0:0:0:0:1
18:52:57 - 0:0:0:0:0:0:0:16、Player logout PlayerMessageHandler.handlePlayerCloseSession Globals.getMessageProcessor().put(offlineMsg) player passportId
18:52:57 - 8、Player logout offlineMsg.execute  player passportId player stateinit
18:52:57 - 0:0:0:0:0:0:0:1 13、Player logout OnlinePlayerService.offlinePlayer  player passportId player stateinit
18:52:57 - 14、Player passportId is zero!
18:52:57 - offline player passport=
18:52:57 - #removePlayer#passportIdPlayers#not same!offline player passportId=;player=0:0:0:0:0:0:0:1;pPlayer=null
18:52:57 - #removePlayer#onlinePlayersMap#not same!offline player passportId=;player=0:0:0:0:0:0:0:1;pPlayer=null;player.getRoleUUID()=-1
19:21:58 - 0:0:0:0:0:0:0:1 4、Player logout GameServerIoHandler.sessionClosed msgProcessor.put(msg):0:0:0:0:0:0:0:1
19:21:58 - 0:0:0:0:0:0:0:16、Player logout PlayerMessageHandler.handlePlayerCloseSession Globals.getMessageProcessor().put(offlineMsg) player passportId
19:21:58 - 8、Player logout offlineMsg.execute  player passportId player stateinit
19:21:58 - 0:0:0:0:0:0:0:1 13、Player logout OnlinePlayerService.offlinePlayer  player passportId player stateinit
19:21:58 - 14、Player passportId is zero!
19:21:58 - offline player passport=
19:21:58 - #removePlayer#passportIdPlayers#not same!offline player passportId=;player=0:0:0:0:0:0:0:1;pPlayer=null
19:21:58 - #removePlayer#onlinePlayersMap#not same!offline player passportId=;player=0:0:0:0:0:0:0:1;pPlayer=null;player.getRoleUUID()=-1
19:51:58 - 0:0:0:0:0:0:0:1 4、Player logout GameServerIoHandler.sessionClosed msgProcessor.put(msg):0:0:0:0:0:0:0:1
19:51:58 - 0:0:0:0:0:0:0:16、Player logout PlayerMessageHandler.handlePlayerCloseSession Globals.getMessageProcessor().put(offlineMsg) player passportId
19:51:58 - 8、Player logout offlineMsg.execute  player passportId player stateinit
19:51:58 - 0:0:0:0:0:0:0:1 13、Player logout OnlinePlayerService.offlinePlayer  player passportId player stateinit
19:51:58 - 14、Player passportId is zero!
19:51:58 - offline player passport=
19:51:58 - #removePlayer#passportIdPlayers#not same!offline player passportId=;player=0:0:0:0:0:0:0:1;pPlayer=null
19:51:58 - #removePlayer#onlinePlayersMap#not same!offline player passportId=;player=0:0:0:0:0:0:0:1;pPlayer=null;player.getRoleUUID()=-1
19:53:01 - 0:0:0:0:0:0:0:1 4、Player logout GameServerIoHandler.sessionClosed msgProcessor.put(msg):0:0:0:0:0:0:0:1
19:53:01 - 0:0:0:0:0:0:0:16、Player logout PlayerMessageHandler.handlePlayerCloseSession Globals.getMessageProcessor().put(offlineMsg) player passportId
19:53:01 - 8、Player logout offlineMsg.execute  player passportId player stateinit
19:53:01 - 0:0:0:0:0:0:0:1 13、Player logout OnlinePlayerService.offlinePlayer  player passportId player stateinit
19:53:01 - 14、Player passportId is zero!
19:53:01 - offline player passport=
19:53:01 - #removePlayer#passportIdPlayers#not same!offline player passportId=;player=0:0:0:0:0:0:0:1;pPlayer=null
19:53:01 - #removePlayer#onlinePlayersMap#not same!offline player passportId=;player=0:0:0:0:0:0:0:1;pPlayer=null;player.getRoleUUID()=-1
20:22:58 - 0:0:0:0:0:0:0:1 4、Player logout GameServerIoHandler.sessionClosed msgProcessor.put(msg):0:0:0:0:0:0:0:1
20:22:58 - 0:0:0:0:0:0:0:16、Player logout PlayerMessageHandler.handlePlayerCloseSession Globals.getMessageProcessor().put(offlineMsg) player passportId
20:22:58 - 8、Player logout offlineMsg.execute  player passportId player stateinit
20:22:58 - 0:0:0:0:0:0:0:1 13、Player logout OnlinePlayerService.offlinePlayer  player passportId player stateinit
20:22:58 - 14、Player passportId is zero!
20:22:58 - offline player passport=
20:22:58 - #removePlayer#passportIdPlayers#not same!offline player passportId=;player=0:0:0:0:0:0:0:1;pPlayer=null
20:22:58 - #removePlayer#onlinePlayersMap#not same!offline player passportId=;player=0:0:0:0:0:0:0:1;pPlayer=null;player.getRoleUUID()=-1
20:33:48 - 0:0:0:0:0:0:0:1 4、Player logout GameServerIoHandler.sessionClosed msgProcessor.put(msg):0:0:0:0:0:0:0:1
20:33:48 - 0:0:0:0:0:0:0:16、Player logout PlayerMessageHandler.handlePlayerCloseSession Globals.getMessageProcessor().put(offlineMsg) player passportId
20:33:48 - 8、Player logout offlineMsg.execute  player passportId player stateinit
20:33:48 - 0:0:0:0:0:0:0:1 13、Player logout OnlinePlayerService.offlinePlayer  player passportId player stateinit
20:33:48 - 14、Player passportId is zero!
20:33:48 - offline player passport=
20:33:48 - #removePlayer#passportIdPlayers#not same!offline player passportId=;player=0:0:0:0:0:0:0:1;pPlayer=null
20:33:48 - #removePlayer#onlinePlayersMap#not same!offline player passportId=;player=0:0:0:0:0:0:0:1;pPlayer=null;player.getRoleUUID()=-1
